Started by user [8mha:////4MkukUjSUFO536GmiVeia0k2a5AJNV/I83J83C0sDINcAAAAlx+LCAAAAAAAAP9b85aBtbiIQTGjNKU4P08vOT+vOD8nVc83PyU1x6OyILUoJzMv2y+/JJUBAhiZGBgqihhk0NSjKDWzXb3RdlLBUSYGJk8GtpzUvPSSDB8G5tKinBIGIZ+sxLJE/ZzEvHT94JKizLx0a6BxUmjGOUNodHsLgAzWEgZu/dLi1CL9xJTczDwAj6GcLcAAAAA=[0madmin
Running in Durability level: MAX_SURVIVABILITY
[8mha:////4JRZpiptHnZPi32OTC2JvidQVO5pngH+DquxJ/xFo+0sAAAAoh+LCAAAAAAAAP9tjTEOwjAQBM8BClpKHuFItIiK1krDC0x8GCfWnbEdkooX8TX+gCESFVvtrLSa5wtWKcKBo5UdUu8otU4GP9jS5Mixv3geZcdn2TIl9igbHBs2eJyx4YwwR1SwULBGaj0nRzbDRnX6rmuvydanHMu2V1A5c4MHCFXMWcf8hSnC9jqYxPTz/BXAFEIGsfuclm8zQVqFvQAAAA==[0m[Pipeline] Start of Pipeline
[8mha:////4B1gTHwpe/naqaVKkwV60csP6gCAT0Juy5wOhC224u30AAAApR+LCAAAAAAAAP9tjTEOwjAUQ3+KOrAycohUghExsUZZOEFIQkgb/d8mKe3EibgadyBQiQlLlmxL1nu+oE4RjhQdby12HpP2vA+jK4lPFLtroIm3dOGaMFGwXNpJkrGnpUrKFhaxClYC1hZ1oOTRZdiIVt1VExS65pxj2Q4CKm8GeAAThZxVzN8yR9jeRpMIf5y/AJj7DGxXvP/86jduZBmjwAAAAA==[0m[Pipeline] node
Running on [8mha:////4CjgKjJmn0jTq56171RLjbDACVOsmim7PQvMciJUMcc1AAAAnh+LCAAAAAAAAP9b85aBtbiIQTGjNKU4P08vOT+vOD8nVc83PyU1x6OyILUoJzMv2y+/JJUBAhiZGBgqihhk0NSjKDWzXb3RdlLBUSYGJk8GtpzUvPSSDB8G5tKinBIGIZ+sxLJE/ZzEvHT94JKizLx0a6BxUmjGOUNodHsLgAz2EgZh/eT83ILSktQifY3cxGIgrakPAHib2iPIAAAA[0mJenkins in /var/jenkins_home/jobs/AgileMeter/workspace
[8mha:////4PCAdbvjRreMeSDFdFNAfwujDvbKicwjftrktVTJjoWeAAAApR+LCAAAAAAAAP9tjTEOwjAUQ3+KOrAycoh0gA0xsUZZOEFIQkgb/d8mKe3EibgadyBQiQlLlmxL1nu+oE4RjhQdby12HpP2vA+jK4lPFLtroIm3dOGaMFGwXNpJkrGnpUrKFhaxClYC1hZ1oOTRZdiIVt1VExS65pxj2Q4CKm8GeAAThZxVzN8yR9jeRpMIf5y/AJj7DGxXvP/86jfoP95RwAAAAA==[0m[Pipeline] {
[8mha:////4I8CXd1nbRbhmIhNa3VwPvM75EPLi3e4CyImG3RLP6aHAAAApR+LCAAAAAAAAP9tjTEOwjAUQ3+KOrAycoh0gQkxsUZZOEFIQkgb/d8mKe3EibgadyBQiQlLlmxL1nu+oE4RjhQdby12HpP2vA+jK4lPFLtroIm3dOGaMFGwXNpJkrGnpUrKFhaxClYC1hZ1oOTRZdiIVt1VExS65pxj2Q4CKm8GeAAThZxVzN8yR9jeRpMIf5y/AJj7DGxXvP/86jc09154wAAAAA==[0m[Pipeline] stage
[8mha:////4E4nOT2WSocKQhDjrYTaje8Zx4op7X3b7g04vouwfEOPAAAApR+LCAAAAAAAAP9tjTEOwjAUQ3+KOrAycoh0ggUxsUZZOEFIQkgb/d8mKe3EibgadyBQiQlLlmxL1nu+oE4RjhQdby12HpP2vA+jK4lPFLtroIm3dOGaMFGwXNpJkrGnpUrKFhaxClYC1hZ1oOTRZdiIVt1VExS65pxj2Q4CKm8GeAAThZxVzN8yR9jeRpMIf5y/AJj7DGxXvP/86jek7ggRwAAAAA==[0m[Pipeline] { (Clean workspace)
[8mha:////4D9tjrlRrN7oxxTLBnKZ9f9EGxOj2tA/iFqa2u3DKvRdAAAAoh+LCAAAAAAAAP9tjTEOAiEURD9rLGwtPQTbaWGsbAmNJ0AWEZb8zwLrbuWJvJp3kLiJlZNMMm+a93rDOic4UbLcG+wdZu14DKOti0+U+lugiXu6ck2YKRguzSSpM+cFJRUDS1gDKwEbgzpQdmgLbIVXD9UGhba9lFS/o4DGdQM8gYlqLiqVL8wJdvexy4Q/z18BzLEA29ce4gfg7KmOvAAAAA==[0m[Pipeline] echo
Se limpia el workspace
[8mha:////4ADPpBra9lWQ6sFpiPJ4wLWvTnetNiXFJ1YoI2Ltny60AAAAoh+LCAAAAAAAAP9tjTEOAiEURD9rLGwtPQTbGRNjZUtoPAGyiLDkfxZYdytP5NW8g8RNrJxkknnTvNcb1jnBiZLl3mDvMGvHYxhtXXyi1N8CTdzTlWvCTMFwaSZJnTkvKKkYWMIaWAnYGNSBskNbYCu8eqg2KLTtpaT6HQU0rhvgCUxUc1GpfGFOsLuPXSb8ef4KYI4F2L72ED8v8DEJvAAAAA==[0m[Pipeline] cleanWs
[WS-CLEANUP] Deleting project workspace...
[WS-CLEANUP] Deferred wipeout is used...
[WS-CLEANUP] done
[8mha:////4N8ioASNgmfklo3vCSKPft8nUcNtuGwGv41ANjvWgOjgAAAAoh+LCAAAAAAAAP9tjTEOAiEURD9rLGwtPQTbmRhjZUtoPAGyiLDkfxZYdytP5NW8g8RNrJxkknnTvNcb1jnBiZLl3mDvMGvHYxhtXXyi1N8CTdzTlWvCTMFwaSZJnTkvKKkYWMIaWAnYGNSBskNbYCu8eqg2KLTtpaT6HQU0rhvgCUxUc1GpfGFOsLuPXSb8ef4KYI6xADvU7j/zqggXvAAAAA==[0m[Pipeline] }
[8mha:////4IEagjAULVRNVLAUaBhVAgWXU7iQxHbsvspV6JI5tO+XAAAAox+LCAAAAAAAAP9tjTESgjAQRT84FraWHiJoYeVY2WZoPEGEGAOZXUwWofJEXs07yMiMlb/67zXv9cYyRRw5OtVYaj2lyqsu9G56auDYXgMPquGLqpgSB6tKO5Rc29OMJYvFvCzHQmNlqQqcPDnBWjfmYYpgyBVniZM7aOS+vuOJTE9lMVG+MEZsbn2dmH6dvwGMXSfId1tBtv8AExtCpb0AAAA=[0m[Pipeline] // stage
[8mha:////4MaU716nPxIwFdWK9cxLhXuNUPB46OwGBgxPSNUchoUNAAAAph+LCAAAAAAAAP9tjTEOwjAQBC9BKWgpeYSjSHSIitZywwtMbIwT6y7YF5KKF/E1/oAhEhVb7ay0mucLqhThQNGJzmLvMbVeDGF0uYmJYn8JNImOzqIlTBSsUHZSZOxxQUVsYUlRwkrC2mIbKHl0DBvZ6buug0ZXnzjmbS+h9OYGDyhkNrOO/IU5wvY6mkT48/wVwDwwFDuGsmk+x+oNEzd2msEAAAA=[0m[Pipeline] stage
[8mha:////4Bs4zCzw+66tF8aTD7p6s9Tila5eyRe/9SrABbzC1Or7AAAAph+LCAAAAAAAAP9tjTEOwjAUQ3+LOrAycohUZUVMrFEWThCaEJJG/7dJSjpxIq7GHWipxIQHy7ZkvdcbqhjgRMEwp7GzGFvLej+aObFMobt5yszRlbWEkbxmQmdBSp/XKihpWFWUsOGw1dh6ihZNgh138iFrL9HUlxTm7cihtGqAJxR8JicZ0rdMAfb3UUXCH+cvAKY+Qdk0ix2WZ/UBbwyqm8IAAAA=[0m[Pipeline] { (Donwload Source)
[8mha:////4ISYknu1PHh+6mYsaEj4jugTgfsR+VFkr3qJqqnRtm/yAAAAph+LCAAAAAAAAP9tjTEOwjAUQ3+LOrAycohUwIiYukZZOEFoQkgb/V9+UtqJE3E17kBLJSY8WLYl673eUESGE7ETjcXWY6y96ELvpiQG4vYaaBANXURNGClYoeygyNhqqYqShUVZDisJa4t1oOjRJdjIRj90GTS68px42o4Scm/u8IRMTuSkOX3LyLC99SYS/jh/ATB2CfLdfrbD/Cw+y7kUycIAAAA=[0m[Pipeline] script
[8mha:////4FF6yxxtj/BiwNPuHPP9GJ15sQ8zBqcG4pI1cytxwA+hAAAApx+LCAAAAAAAAP9tjTEOwjAUQ3+LOrAycohUCDbE1DXKwglCE0La6P/yk9JOnIircQdaKjHhwbItWe/1hiIynIidaCy2HmPtRRd6NyUxELfXQINo6CJqwkjBCmUHRcZWS1WULCzKclhJWFusA0WPLsFGNvqhy6DRlefE03aUkHtzhydkciInzelbRobtrTeR8Mf5C4CxS5Dv9rMd5mfxAbNWnxXCAAAA[0m[Pipeline] {
[8mha:////4Frwy/H/ht1GHP0cDnvffEY8V+Boh2QnpV3lCs3/987aAAAApB+LCAAAAAAAAP9tjTEOwjAQBC9BFLSUPOIiJKgQVVrLDS8wsTFOrDtjOyQVL+Jr/IFAJCq2WO1sM88XLFOEI0eLraHOUWocBt/baeHAsbt4HrDlMzZMib1BaQbJ2tQzSs4G5hQlLASsDDWekyObYS1adVeVV2SrU47TdxBQOn2DBxRiMmcV8xfGCJtrrxPTz/NXAGPIUG53n9qHN8W7Eii+AAAA[0m[Pipeline] sh
+ /usr/bin/git clone ssh://git@steps.everis.com:766/INNOVASEV/ScrumMeter.git -b Development
Cloning into 'ScrumMeter'...
Warning: Permanently added the ECDSA host key for IP address '[81.93.221.66]:766' to the list of known hosts.
Checking out files:   3% (136/4119)   Checking out files:   4% (165/4119)   Checking out files:   5% (206/4119)   Checking out files:   6% (248/4119)   Checking out files:   7% (289/4119)   Checking out files:   7% (308/4119)   Checking out files:   8% (330/4119)   Checking out files:   9% (371/4119)   Checking out files:  10% (412/4119)   Checking out files:  11% (454/4119)   Checking out files:  11% (464/4119)   Checking out files:  12% (495/4119)   Checking out files:  13% (536/4119)   Checking out files:  14% (577/4119)   Checking out files:  14% (592/4119)   Checking out files:  15% (618/4119)   Checking out files:  16% (660/4119)   Checking out files:  17% (701/4119)   Checking out files:  17% (720/4119)   Checking out files:  18% (742/4119)   Checking out files:  19% (783/4119)   Checking out files:  19% (822/4119)   Checking out files:  20% (824/4119)   Checking out files:  21% (865/4119)   Checking out files:  22% (907/4119)   Checking out files:  22% (919/4119)   Checking out files:  23% (948/4119)   Checking out files:  23% (950/4119)   Checking out files:  24% (989/4119)   Checking out files:  25% (1030/4119)   Checking out files:  25% (1065/4119)   Checking out files:  26% (1071/4119)   Checking out files:  27% (1113/4119)   Checking out files:  28% (1154/4119)   Checking out files:  29% (1195/4119)   Checking out files:  29% (1206/4119)   Checking out files:  30% (1236/4119)   Checking out files:  31% (1277/4119)   Checking out files:  32% (1319/4119)   Checking out files:  32% (1349/4119)   Checking out files:  33% (1360/4119)   Checking out files:  34% (1401/4119)   Checking out files:  35% (1442/4119)   Checking out files:  35% (1461/4119)   Checking out files:  36% (1483/4119)   Checking out files:  37% (1525/4119)   Checking out files:  37% (1563/4119)   Checking out files:  38% (1566/4119)   Checking out files:  39% (1607/4119)   Checking out files:  40% (1648/4119)   Checking out files:  41% (1689/4119)   Checking out files:  41% (1690/4119)   Checking out files:  42% (1730/4119)   Checking out files:  43% (1772/4119)   Checking out files:  44% (1813/4119)   Checking out files:  44% (1834/4119)   Checking out files:  45% (1854/4119)   Checking out files:  46% (1895/4119)   Checking out files:  47% (1936/4119)   Checking out files:  47% (1959/4119)   Checking out files:  48% (1978/4119)   Checking out files:  49% (2019/4119)   Checking out files:  50% (2060/4119)   Checking out files:  50% (2077/4119)   Checking out files:  51% (2101/4119)   Checking out files:  52% (2142/4119)   Checking out files:  52% (2155/4119)   Checking out files:  53% (2184/4119)   Checking out files:  54% (2225/4119)   Checking out files:  55% (2266/4119)   Checking out files:  55% (2270/4119)   Checking out files:  56% (2307/4119)   Checking out files:  57% (2348/4119)   Checking out files:  58% (2390/4119)   Checking out files:  58% (2395/4119)   Checking out files:  59% (2431/4119)   Checking out files:  59% (2441/4119)   Checking out files:  60% (2472/4119)   Checking out files:  61% (2513/4119)   Checking out files:  61% (2544/4119)   Checking out files:  62% (2554/4119)   Checking out files:  63% (2595/4119)   Checking out files:  64% (2637/4119)   Checking out files:  64% (2655/4119)   Checking out files:  65% (2678/4119)   Checking out files:  66% (2719/4119)   Checking out files:  67% (2760/4119)   Checking out files:  67% (2773/4119)   Checking out files:  68% (2801/4119)   Checking out files:  69% (2843/4119)   Checking out files:  69% (2875/4119)   Checking out files:  70% (2884/4119)   Checking out files:  71% (2925/4119)   Checking out files:  72% (2966/4119)   Checking out files:  72% (3005/4119)   Checking out files:  73% (3007/4119)   Checking out files:  74% (3049/4119)   Checking out files:  75% (3090/4119)   Checking out files:  75% (3124/4119)   Checking out files:  76% (3131/4119)   Checking out files:  77% (3172/4119)   Checking out files:  77% (3209/4119)   Checking out files:  78% (3213/4119)   Checking out files:  79% (3255/4119)   Checking out files:  80% (3296/4119)   Checking out files:  80% (3324/4119)   Checking out files:  81% (3337/4119)   Checking out files:  82% (3378/4119)   Checking out files:  83% (3419/4119)   Checking out files:  83% (3425/4119)   Checking out files:  84% (3460/4119)   Checking out files:  85% (3502/4119)   Checking out files:  86% (3543/4119)   Checking out files:  86% (3557/4119)   Checking out files:  87% (3584/4119)   Checking out files:  88% (3625/4119)   Checking out files:  89% (3666/4119)   Checking out files:  89% (3693/4119)   Checking out files:  90% (3708/4119)   Checking out files:  90% (3713/4119)   Checking out files:  91% (3749/4119)   Checking out files:  92% (3790/4119)   Checking out files:  92% (3812/4119)   Checking out files:  93% (3831/4119)   Checking out files:  94% (3872/4119)   Checking out files:  94% (3913/4119)   Checking out files:  95% (3914/4119)   Checking out files:  96% (3955/4119)   Checking out files:  97% (3996/4119)   Checking out files:  97% (4024/4119)   Checking out files:  98% (4037/4119)   Checking out files:  99% (4078/4119)   Checking out files: 100% (4119/4119)   Checking out files: 100% (4119/4119), done.
[8mha:////4LhI4h+0PxeoAptmp8w9RKblamR1Kc+OcT+3ocVTle3PAAAApR+LCAAAAAAAAP9tjTEOwjAQBC9BFLSUPOIiJESDqNJabniBiY1xYt0Z2yGpeBFf4w8EIlGxxWpnm3m+YJkiHDlabA11jlLjMPjeTgsHjt3F84Atn7FhSuwNSjNI1qaeUXI2MKcoYSFgZajxnBzZDGvRqruqvCJbnXKcvoOA0ukbPKAQkzmrmL8wRthce52Yfp6/AhhDhnK7+9Q+vAEG6D8DvgAAAA==[0m[Pipeline] sh
+ chown -R jenkins:jenkins /var/jenkins_home/jobs/AgileMeter/workspace/ScrumMeter/
[8mha:////4OmVyTyZif+Z9J4Hu6Dx9YVgiWrAcJz7/8cxKlW7hafUAAAApR+LCAAAAAAAAP9tjTEOwjAQBC9BFLSUPOIiJCQKRJXWcsMLTGyME+vO2A5JxYv4Gn8gEImKLVY728zzBcsU4cjRYmuoc5Qah8H3dlo4cOwungds+YwNU2JvUJpBsjb1jJKzgTlFCQsBK0ON5+TIZliLVt1V5RXZ6pTj9B0ElE7f4AGFmMxZxfyFMcLm2uvE9PP8FcAYQoZyu//U7g0YU4IMvgAAAA==[0m[Pipeline] }
[8mha:////4JbhsB90NpWg8Z7p1/pxpw9fKm0PHDKfxB9o9diw/ODiAAAApR+LCAAAAAAAAP9tjTEOwjAQBC9BFLSUPOIiRIOEqNJabniBiY1xYt0Z2yGpeBFf4w8EIlGxxWpnm3m+YJkiHDlabA11jlLjMPjeTgsHjt3F84Atn7FhSuwNSjNI1qaeUXI2MKcoYSFgZajxnBzZDGvRqruqvCJbnXKcvoOA0ukbPKAQkzmrmL8wRthce52Yfp6/AhhDyFBu95/avQFudLBjvgAAAA==[0m[Pipeline] // script
[8mha:////4IvqnkAUY4SdX8Y5JCPK59iPp9Cp6JX5oBNLNnMJZX7xAAAApB+LCAAAAAAAAP9tjTEOwjAQBC9BFLSUPOIi6BCiSmu54QUmNsaJdWdsh6TiRXyNPxCIRMUWq51t5vmCZYpw5GixNdQ5So3D4Hs7LRw4dhfPA7Z8xoYpsTcozSBZm3pGydnAnKKEhYCVocZzcmQzrEWr7qryimx1ynH6DgJKp2/wgEJM5qxi/sIYYXPtdWL6ef4KYAwhQ7ndf2r3Bl2X69++AAAA[0m[Pipeline] }
[8mha:////4COYEIIipxVaXFXRvp5hldzInxlDoSTALfpJjDu4gZPGAAAApB+LCAAAAAAAAP9tjTEOwjAQBC9BFLSUPMIhtIgqrZWGF5j4ME6sO2M7JBUv4mv8AYtIVGyx2tlmXm9YxwAnDkb0SIOl2Fnh3WjyEhOH4ep4Ej1fRMcU2aFocWpZY7NgywlhSVHCSsIGqXMcLZkEW9mrh6qcIlOdU8jfUUJp9R2eUMhsTiqkL8wBdrdRR6af568AZu8TlId9rrr+ALKNBVC+AAAA[0m[Pipeline] // stage
[8mha:////4Ox0RHH6IXtLJnwrw+KvyjuMvexELVJN1V+3F73VsTv3AAAAph+LCAAAAAAAAP9tjTEOwjAQBM9BKWgpeYQjEB2iorXc8AITG+PEugv2haTiRXyNPxCIRMVWOyut5vmCMic4UPKycdgGzHWQXez91ORAqb1EGmRDZ1kTZopOajdosu44oyZ2MEcUsFCwdFhHygE9w0o15m6qaNBXJ07TtldQBHuDBwg1mdkk/sKYYH3tbSb8ef4KYOwYxI6h2G4+x/INji2eq8EAAAA=[0m[Pipeline] stage
[8mha:////4HcEe7FfnC8+syXKdng6hKBgojjbIvLFAtYEWeaaM6MDAAAAph+LCAAAAAAAAP9tjTEOwjAUQ3+DOrAycohUdEVMrFEXThCaEJJG/7dJSjpxIq7GHWipxIQHy7ZkvdcbyhjgRMFwp7GzGFvLez+aOfFMobt5ytzRlbeEkbzmjc4NKX1ea0NJw6qCwUbAVmPrKVo0CXbCyYesvERTXVKYt6MAZtUATyjETE4ypG+ZAuzvo4qEP85fAEx9AlYfFquXZ/kBAsTc3cIAAAA=[0m[Pipeline] { (Install package and build)
[8mha:////4Ago4ouYvbRgaBUhwdzh/Hl3VFrlvor8aY3s2dPLj5U6AAAAph+LCAAAAAAAAP9tjTEOwjAUQ3+LOrAycohUKiNiYo2ycILQhJA0+r9NUtKJE3E17kBLJSY8WLYl673eUMUAJwqGOY2dxdha1vvRzIllCt3NU2aOrqwljOQ1EzoLUvq8VkFJw6qihA2HrcbWU7RoEuy4kw9Ze4mmvqQwb0cOpVUDPKHgMznJkL5lCrC/jyoS/jh/ATD1CcqmWeywPKsPpnFij8IAAAA=[0m[Pipeline] script
[8mha:////4Lg51zeSvMI14G+eMricAamYlycat522QOhuTKLWst48AAAApx+LCAAAAAAAAP9tjTEOwjAUQ3+LOrAycohUAjbE1DXKwglCE0La6P/yk9JOnIircQdaKjHhwbItWe/1hiIynIidaCy2HmPtRRd6NyUxELfXQINo6CJqwkjBCmUHRcZWS1WULCzKclhJWFusA0WPLsFGNvqhy6DRlefE03aUkHtzhydkciInzelbRobtrTeR8Mf5C4CxS5Dv9rMd5mfxAd6e6VPCAAAA[0m[Pipeline] {
[8mha:////4K8Bqeo3cIwKRAvS0sdBBkOXe+PHgSVT0iP4AaqGy8pcAAAApB+LCAAAAAAAAP9tjTEOwjAQBC9BFLSUPOIiIagQVVrLDS8wsTFOrDtjOyQVL+Jr/IFAJCq2WO1sM88XLFOEI0eLraHOUWocBt/baeHAsbt4HrDlMzZMib1BaQbJ2tQzSs4G5hQlLASsDDWekyObYS1adVeVV2SrU47TdxBQOn2DBxRiMmcV8xfGCJtrrxPTz/NXAGPIUG53n9qHN38C26S+AAAA[0m[Pipeline] sh
+ dotnet build /var/jenkins_home/jobs/AgileMeter/workspace/ScrumMeter/everisapi.API/
Microsoft (R) Build Engine version 16.1.76+g14b0a930a7 for .NET Core
Copyright (C) Microsoft Corporation. All rights reserved.

  Restore completed in 14.86 sec for /var/jenkins_home/jobs/AgileMeter/workspace/ScrumMeter/everisapi.API/everisapi.API.csproj.
  Restore completed in 15.1 sec for /var/jenkins_home/jobs/AgileMeter/workspace/ScrumMeter/everisapi.API/everisapi.API.csproj.
  everisapi.API -> /var/jenkins_home/jobs/AgileMeter/workspace/ScrumMeter/everisapi.API/bin/Debug/netcoreapp2.1/everisapi.API.dll

Build succeeded.
    0 Warning(s)
    0 Error(s)

Time Elapsed 00:00:24.64
[8mha:////4DFZcbBjS1CWJtc/cyWCgwbt/0TJ3qJeG7TlNELQgvr0AAAApR+LCAAAAAAAAP9tjTEOwjAQBC9BFLSUPOIiIUSDqNJabniBiY1xYt0Z2yGpeBFf4w8EIlGxxWpnm3m+YJkiHDlabA11jlLjMPjeTgsHjt3F84Atn7FhSuwNSjNI1qaeUXI2MKcoYSFgZajxnBzZDGvRqruqvCJbnXKcvoOA0ukbPKAQkzmrmL8wRthce52Yfp6/AhhDyFBu95/avQHjyRvdvgAAAA==[0m[Pipeline] }
[8mha:////4KOigd8ijLxt96VwQqnkuIRUk7ULzaQ37qnTHhArsnx9AAAApR+LCAAAAAAAAP9tjTEOwjAQBC9BFLSUPOIiQUGBqNJabniBiY1xYt0Z2yGpeBFf4w8EIlGxxWpnm3m+YJkiHDlabA11jlLjMPjeTgsHjt3F84Atn7FhSuwNSjNI1qaeUXI2MKcoYSFgZajxnBzZDGvRqruqvCJbnXKcvoOA0ukbPKAQkzmrmL8wRthce52Yfp6/AhhDyFBu95/avQHljyOIvgAAAA==[0m[Pipeline] // script
[8mha:////4GZp6QI+FiLUf6FMbr+L6AJ+odgJnMELkvswpn6S+dJQAAAApB+LCAAAAAAAAP9tjbEOwiAURV9rHFwd/QiadDIxTq6ExS/AFhFK3qNApZNf5K/5D6JNnLzDzT13Oc8XrGOAIwXNrMLBYOwM827SZbFMYbg6yszShXWEkZxiQmVBvTotKCgpWFLVsOKwUdg5igZ1gi238i4bJ1E35xTKd+BQm36EB1S8mJMM6QtzgN1t6iPhz/NXALP3Cep2/6n2DaYNcg6+AAAA[0m[Pipeline] }
[8mha:////4JBOJZuTZOdIzLfkjo2SRwmh9qIxa1c2Lp6MYHsDV87LAAAApB+LCAAAAAAAAP9tjTEOwjAQBC9BFLSUPOIi6BCiSmu54QUmNsaJdWdsh6TiRXyNPxCIRMUWq51t5vmCZYpw5GixNdQ5So3D4Hs7LRw4dhfPA7Z8xoYpsTcozSBZm3pGydnAnKKEhYCVocZzcmQzrEWr7qryimx1ynH6DgJKp2/wgEJM5qxi/sIYYXPtdWL6ef4KYAwhQ7nbf2r7BrmPJ1y+AAAA[0m[Pipeline] // stage
[8mha:////4PB5kdjYOJuoZBECYqRmfWf+5npAFJEk44jwFCHq0ia7AAAAph+LCAAAAAAAAP9tjTEOwjAQBM9BKWgpeYSDBB2iorXc8AITG+PEugv2haTiRXyNPxCIRMVWOyut5vmCMic4UPKycdgGzHWQXez91ORAqb1EGmRDZ1kTZopOajdosu44oyZ2MEcUsFCwdFhHygE9w0o15m6qaNBXJ07TtldQBHuDBwg1mdkk/sKYYH3tbSb8ef4KYOwYxI6h2G4+x/INn/W1xsEAAAA=[0m[Pipeline] stage
[8mha:////4P+x+4IUKEKpf/fkcmIPEVGzeC9A/e822sSP0NbA4zVYAAAAph+LCAAAAAAAAP9tjTEOwjAUQ3+LOrAycogUxIiYukZZOEFoQkgb/V9+UtqJE3E17kBLJSY8WLYl673eUESGE7ETjcXWY6y96ELvpiQG4vYaaBANXURNGClYoeygyNhqqYqShUVZDisJa4t1oOjRJdjIRj90GTS68px42o4Scm/u8IRMTuSkOX3LyLC99SYS/jh/ATB2CfLDbrb9/Cw+ty4Up8IAAAA=[0m[Pipeline] { (Build test)
[8mha:////4Bkhz5rGXKX9cM9l95dOQqMaQQWUxX2agmde90SKbgHZAAAAph+LCAAAAAAAAP9tjTEOwjAUQ3+LOrAycohUwIiYukZZOEFoQkgb/V9+UtqJE3E17kBLJSY8WLYl673eUESGE7ETjcXWY6y96ELvpiQG4vYaaBANXURNGClYoeygyNhqqYqShUVZDisJa4t1oOjRJdjIRj90GTS68px42o4Scm/u8IRMTuSkOX3LyLC99SYS/jh/ATB2CfLDbrb9/Cw+2YMO4MIAAAA=[0m[Pipeline] script
[8mha:////4AkS3Z2xFIxP4Lh4nP6TqPCqOz2jrfbgc/ylHSdKRw6QAAAAph+LCAAAAAAAAP9tjTEOwjAUQ3+DOrAycohUoiNiYo26cILQhJA0+r9NUtKJE3E17kBLJSY8WLYl673eUMYAJwqGO42dxdha3vvRzIlnCt3NU+aOrrwljOQ1b3RuSOnzWhtKGlYVDDYCthpbT9GiSbATTj5k5SWa6pLCvB0FMKsGeEIhZnKSIX3LFGB/H1Uk/HH+AmDqE7D6sFi9PMsPfTawssIAAAA=[0m[Pipeline] {
[8mha:////4EzN+f5FsFzTT9536wo9Xu4NNCqCGjc0GgRScsmjHdA8AAAAox+LCAAAAAAAAP9tjTESwiAURH/iWNhaeghSxM6xsmVoPAEmiBDmfwJEUnkir+YdRDNj5RY7+7Z5zxesY4AjBc2swsFg7AzzbtJlsUxhuDrKzNKFdYSRnGJCZUG9Oi0oKClYUtWw4rBR2DmKBnWCLbfyLhsnUTfnFMp34FCbfoQHVLyYkwzpC3OA3W3qI+HP81cAs09Qt+2n9v4NGWcPtb4AAAA=[0m[Pipeline] sh
+ dotnet add /var/jenkins_home/jobs/AgileMeter/workspace/ScrumMeter/everisapiTest/everisapiTest.csproj package dotnet-reportgenerator-cli --version 4.2.2
  Writing /tmp/tmpSbvO8n.tmp
info : Adding PackageReference for package 'dotnet-reportgenerator-cli' into project '/var/jenkins_home/jobs/AgileMeter/workspace/ScrumMeter/everisapiTest/everisapiTest.csproj'.
info : Restoring packages for /var/jenkins_home/jobs/AgileMeter/workspace/ScrumMeter/everisapiTest/everisapiTest.csproj...
info :   GET https://api.nuget.org/v3-flatcontainer/microsoft.net.test.sdk/index.json
info :   GET https://api.nuget.org/v3-flatcontainer/moq/index.json
info :   GET https://api.nuget.org/v3-flatcontainer/coverlet.msbuild/index.json
info :   GET https://api.nuget.org/v3-flatcontainer/xunit/index.json
info :   GET https://api.nuget.org/v3-flatcontainer/xunit.runner.visualstudio/index.json
info :   GET https://api.nuget.org/v3-flatcontainer/dotnet-reportgenerator-cli/index.json
info :   OK https://api.nuget.org/v3-flatcontainer/dotnet-reportgenerator-cli/index.json 474ms
info :   GET https://api.nuget.org/v3-flatcontainer/dotnet-reportgenerator-cli/4.2.2/dotnet-reportgenerator-cli.4.2.2.nupkg
info :   OK https://api.nuget.org/v3-flatcontainer/dotnet-reportgenerator-cli/4.2.2/dotnet-reportgenerator-cli.4.2.2.nupkg 26ms
info :   OK https://api.nuget.org/v3-flatcontainer/xunit.runner.visualstudio/index.json 770ms
info :   OK https://api.nuget.org/v3-flatcontainer/microsoft.net.test.sdk/index.json 958ms
info :   GET https://api.nuget.org/v3-flatcontainer/xunit.runner.visualstudio/2.4.0/xunit.runner.visualstudio.2.4.0.nupkg
info :   GET https://api.nuget.org/v3-flatcontainer/microsoft.net.test.sdk/16.0.1/microsoft.net.test.sdk.16.0.1.nupkg
info :   OK https://api.nuget.org/v3-flatcontainer/moq/index.json 795ms
info :   GET https://api.nuget.org/v3-flatcontainer/moq/4.11.0/moq.4.11.0.nupkg
info :   OK https://api.nuget.org/v3-flatcontainer/microsoft.net.test.sdk/16.0.1/microsoft.net.test.sdk.16.0.1.nupkg 23ms
info :   GET https://api.nuget.org/v3-flatcontainer/microsoft.testplatform.testhost/index.json
info :   GET https://api.nuget.org/v3-flatcontainer/microsoft.codecoverage/index.json
info :   OK https://api.nuget.org/v3-flatcontainer/xunit.runner.visualstudio/2.4.0/xunit.runner.visualstudio.2.4.0.nupkg 28ms
info :   OK https://api.nuget.org/v3-flatcontainer/coverlet.msbuild/index.json 813ms
info :   GET https://api.nuget.org/v3-flatcontainer/coverlet.msbuild/2.6.2/coverlet.msbuild.2.6.2.nupkg
info :   OK https://api.nuget.org/v3-flatcontainer/moq/4.11.0/moq.4.11.0.nupkg 23ms
info :   OK https://api.nuget.org/v3-flatcontainer/coverlet.msbuild/2.6.2/coverlet.msbuild.2.6.2.nupkg 35ms
info :   OK https://api.nuget.org/v3-flatcontainer/xunit/index.json 907ms
info :   GET https://api.nuget.org/v3-flatcontainer/castle.core/index.json
info :   GET https://api.nuget.org/v3-flatcontainer/xunit/2.4.0/xunit.2.4.0.nupkg
info :   OK https://api.nuget.org/v3-flatcontainer/xunit/2.4.0/xunit.2.4.0.nupkg 27ms
info :   GET https://api.nuget.org/v3-flatcontainer/xunit.core/index.json
info :   GET https://api.nuget.org/v3-flatcontainer/xunit.assert/index.json
info :   GET https://api.nuget.org/v3-flatcontainer/xunit.analyzers/index.json
info :   OK https://api.nuget.org/v3-flatcontainer/microsoft.codecoverage/index.json 530ms
info :   GET https://api.nuget.org/v3-flatcontainer/microsoft.codecoverage/16.0.1/microsoft.codecoverage.16.0.1.nupkg
info :   OK https://api.nuget.org/v3-flatcontainer/microsoft.codecoverage/16.0.1/microsoft.codecoverage.16.0.1.nupkg 25ms
info :   OK https://api.nuget.org/v3-flatcontainer/xunit.assert/index.json 626ms
info :   GET https://api.nuget.org/v3-flatcontainer/xunit.assert/2.4.0/xunit.assert.2.4.0.nupkg
info :   OK https://api.nuget.org/v3-flatcontainer/xunit.assert/2.4.0/xunit.assert.2.4.0.nupkg 354ms
info :   OK https://api.nuget.org/v3-flatcontainer/xunit.analyzers/index.json 1157ms
info :   GET https://api.nuget.org/v3-flatcontainer/xunit.analyzers/0.10.0/xunit.analyzers.0.10.0.nupkg
info :   OK https://api.nuget.org/v3-flatcontainer/xunit.analyzers/0.10.0/xunit.analyzers.0.10.0.nupkg 58ms
info :   OK https://api.nuget.org/v3-flatcontainer/castle.core/index.json 1465ms
info :   GET https://api.nuget.org/v3-flatcontainer/castle.core/4.4.0/castle.core.4.4.0.nupkg
info :   OK https://api.nuget.org/v3-flatcontainer/xunit.core/index.json 1450ms
info :   OK https://api.nuget.org/v3-flatcontainer/microsoft.testplatform.testhost/index.json 1593ms
info :   GET https://api.nuget.org/v3-flatcontainer/xunit.core/2.4.0/xunit.core.2.4.0.nupkg
info :   GET https://api.nuget.org/v3-flatcontainer/microsoft.testplatform.testhost/16.0.1/microsoft.testplatform.testhost.16.0.1.nupkg
info :   OK https://api.nuget.org/v3-flatcontainer/castle.core/4.4.0/castle.core.4.4.0.nupkg 47ms
info :   OK https://api.nuget.org/v3-flatcontainer/microsoft.testplatform.testhost/16.0.1/microsoft.testplatform.testhost.16.0.1.nupkg 40ms
info :   OK https://api.nuget.org/v3-flatcontainer/xunit.core/2.4.0/xunit.core.2.4.0.nupkg 191ms
info :   GET https://api.nuget.org/v3-flatcontainer/xunit.extensibility.core/index.json
info :   GET https://api.nuget.org/v3-flatcontainer/xunit.extensibility.execution/index.json
info :   OK https://api.nuget.org/v3-flatcontainer/xunit.extensibility.execution/index.json 142ms
info :   GET https://api.nuget.org/v3-flatcontainer/xunit.extensibility.execution/2.4.0/xunit.extensibility.execution.2.4.0.nupkg
info :   OK https://api.nuget.org/v3-flatcontainer/xunit.extensibility.execution/2.4.0/xunit.extensibility.execution.2.4.0.nupkg 18ms
info :   OK https://api.nuget.org/v3-flatcontainer/xunit.extensibility.core/index.json 494ms
info :   GET https://api.nuget.org/v3-flatcontainer/xunit.extensibility.core/2.4.0/xunit.extensibility.core.2.4.0.nupkg
info :   OK https://api.nuget.org/v3-flatcontainer/xunit.extensibility.core/2.4.0/xunit.extensibility.core.2.4.0.nupkg 23ms
info :   CACHE https://api.nuget.org/v3-flatcontainer/system.diagnostics.tracesource/index.json
info :   GET https://api.nuget.org/v3-flatcontainer/system.diagnostics.tracesource/4.3.0/system.diagnostics.tracesource.4.3.0.nupkg
info :   OK https://api.nuget.org/v3-flatcontainer/system.diagnostics.tracesource/4.3.0/system.diagnostics.tracesource.4.3.0.nupkg 22ms
info :   GET https://api.nuget.org/v3-flatcontainer/xunit.abstractions/index.json
info :   OK https://api.nuget.org/v3-flatcontainer/xunit.abstractions/index.json 518ms
info :   GET https://api.nuget.org/v3-flatcontainer/xunit.abstractions/2.0.2/xunit.abstractions.2.0.2.nupkg
info :   OK https://api.nuget.org/v3-flatcontainer/xunit.abstractions/2.0.2/xunit.abstractions.2.0.2.nupkg 20ms
info :   GET https://api.nuget.org/v3-flatcontainer/microsoft.testplatform.objectmodel/index.json
info :   CACHE https://api.nuget.org/v3-flatcontainer/microsoft.extensions.dependencymodel/index.json
info :   GET https://api.nuget.org/v3-flatcontainer/microsoft.extensions.dependencymodel/1.0.3/microsoft.extensions.dependencymodel.1.0.3.nupkg
info :   OK https://api.nuget.org/v3-flatcontainer/microsoft.extensions.dependencymodel/1.0.3/microsoft.extensions.dependencymodel.1.0.3.nupkg 21ms
info :   GET https://api.nuget.org/v3-flatcontainer/microsoft.dotnet.platformabstractions/index.json
info :   OK https://api.nuget.org/v3-flatcontainer/microsoft.testplatform.objectmodel/index.json 519ms
info :   GET https://api.nuget.org/v3-flatcontainer/microsoft.testplatform.objectmodel/16.0.1/microsoft.testplatform.objectmodel.16.0.1.nupkg
info :   OK https://api.nuget.org/v3-flatcontainer/microsoft.testplatform.objectmodel/16.0.1/microsoft.testplatform.objectmodel.16.0.1.nupkg 23ms
info :   OK https://api.nuget.org/v3-flatcontainer/microsoft.dotnet.platformabstractions/index.json 512ms
info :   GET https://api.nuget.org/v3-flatcontainer/microsoft.dotnet.platformabstractions/1.0.3/microsoft.dotnet.platformabstractions.1.0.3.nupkg
info :   OK https://api.nuget.org/v3-flatcontainer/microsoft.dotnet.platformabstractions/1.0.3/microsoft.dotnet.platformabstractions.1.0.3.nupkg 26ms
info :   GET https://api.nuget.org/v3-flatcontainer/system.componentmodel.eventbasedasync/index.json
info :   GET https://api.nuget.org/v3-flatcontainer/system.diagnostics.textwritertracelistener/index.json
info :   OK https://api.nuget.org/v3-flatcontainer/system.componentmodel.eventbasedasync/index.json 515ms
info :   GET https://api.nuget.org/v3-flatcontainer/system.componentmodel.eventbasedasync/4.0.11/system.componentmodel.eventbasedasync.4.0.11.nupkg
info :   OK https://api.nuget.org/v3-flatcontainer/system.componentmodel.eventbasedasync/4.0.11/system.componentmodel.eventbasedasync.4.0.11.nupkg 23ms
info :   OK https://api.nuget.org/v3-flatcontainer/system.diagnostics.textwritertracelistener/index.json 493ms
info :   GET https://api.nuget.org/v3-flatcontainer/system.diagnostics.textwritertracelistener/4.0.0/system.diagnostics.textwritertracelistener.4.0.0.nupkg
info :   OK https://api.nuget.org/v3-flatcontainer/system.diagnostics.textwritertracelistener/4.0.0/system.diagnostics.textwritertracelistener.4.0.0.nupkg 24ms
info : Installing System.Diagnostics.TextWriterTraceListener 4.0.0.
info : Installing System.ComponentModel.EventBasedAsync 4.0.11.
info : Installing Microsoft.DotNet.PlatformAbstractions 1.0.3.
info : Installing xunit.abstractions 2.0.2.
info : Installing Microsoft.TestPlatform.ObjectModel 16.0.1.
info : Installing Microsoft.Extensions.DependencyModel 1.0.3.
info : Installing xunit.extensibility.core 2.4.0.
info : Installing xunit.extensibility.execution 2.4.0.
info : Installing System.Diagnostics.TraceSource 4.3.0.
info : Installing Microsoft.TestPlatform.TestHost 16.0.1.
info : Installing Microsoft.CodeCoverage 16.0.1.
info : Installing xunit.core 2.4.0.
info : Installing xunit.assert 2.4.0.
info : Installing xunit.analyzers 0.10.0.
info : Installing Castle.Core 4.4.0.
info : Installing Microsoft.NET.Test.Sdk 16.0.1.
info : Installing coverlet.msbuild 2.6.2.
info : Installing dotnet-reportgenerator-cli 4.2.2.
info : Installing xunit.runner.visualstudio 2.4.0.
info : Installing Moq 4.11.0.
info : Installing xunit 2.4.0.
info : Package 'dotnet-reportgenerator-cli' is compatible with all the specified frameworks in project '/var/jenkins_home/jobs/AgileMeter/workspace/ScrumMeter/everisapiTest/everisapiTest.csproj'.
info : PackageReference for package 'dotnet-reportgenerator-cli' version '4.2.2' added to file '/var/jenkins_home/jobs/AgileMeter/workspace/ScrumMeter/everisapiTest/everisapiTest.csproj'.
info : Committing restore...
info : Generating MSBuild file /var/jenkins_home/jobs/AgileMeter/workspace/ScrumMeter/everisapiTest/obj/everisapiTest.csproj.nuget.g.props.
info : Generating MSBuild file /var/jenkins_home/jobs/AgileMeter/workspace/ScrumMeter/everisapiTest/obj/everisapiTest.csproj.nuget.g.targets.
info : Writing assets file to disk. Path: /var/jenkins_home/jobs/AgileMeter/workspace/ScrumMeter/everisapiTest/obj/project.assets.json
log  : Restore completed in 9.22 sec for /var/jenkins_home/jobs/AgileMeter/workspace/ScrumMeter/everisapiTest/everisapiTest.csproj.
[8mha:////4I0M/CakOEH7w+wMZLqwrbsUayACBpf9poHk8cYMSBYgAAAAox+LCAAAAAAAAP9tjTESwiAURH/iWNhaeghSZKwcK1uGxhNggghh/idAJJUn8mreQTQzVm6xs2+b93zBOgY4UtDMKhwMxs4w7yZdFssUhqujzCxdWEcYySkmVBbUq9OCgpKCJVUNKw4bhZ2jaFAn2HIr77JxEnVzTqF8Bw616Ud4QMWLOcmQvjAH2N2mPhL+PH8FMPsEddt+au/fWFYUrL4AAAA=[0m[Pipeline] sh
+ dotnet build /var/jenkins_home/jobs/AgileMeter/workspace/ScrumMeter/everisapiTest/
Microsoft (R) Build Engine version 16.1.76+g14b0a930a7 for .NET Core
Copyright (C) Microsoft Corporation. All rights reserved.

  Restore completed in 124.18 ms for /var/jenkins_home/jobs/AgileMeter/workspace/ScrumMeter/everisapiTest/everisapiTest.csproj.
  Restore completed in 123.76 ms for /var/jenkins_home/jobs/AgileMeter/workspace/ScrumMeter/everisapi.API/everisapi.API.csproj.
  Restore completed in 23.31 ms for /var/jenkins_home/jobs/AgileMeter/workspace/ScrumMeter/everisapi.API/everisapi.API.csproj.
  Restore completed in 3.97 sec for /var/jenkins_home/jobs/AgileMeter/workspace/ScrumMeter/everisapiTest/everisapiTest.csproj.
  everisapi.API -> /var/jenkins_home/jobs/AgileMeter/workspace/ScrumMeter/everisapi.API/bin/Debug/netcoreapp2.1/everisapi.API.dll
  everisapiTest -> /var/jenkins_home/jobs/AgileMeter/workspace/ScrumMeter/everisapiTest/bin/Debug/netcoreapp2.1/everisapiTest.dll

Build succeeded.
    0 Warning(s)
    0 Error(s)

Time Elapsed 00:00:13.34
[8mha:////4HftZfzM+UbA87iLPvKjL0PdBOegdoa3slHr5uYURfkiAAAApB+LCAAAAAAAAP9tjTESwiAURH/iWNhaeghSZMbGsbJlaDwBJogQ5n8CRFJ5Iq/mHUQzY+UWO/u2ec8XrGOAIwXNrMLBYOwM827SZbFMYbg6yszShXWEkZxiQmVBvTotKCgpWFLVsOKwUdg5igZ1gi238i4bJ1E35xTKd+BQm36EB1S8mJMM6QtzgN1t6iPhz/NXALP3Cep2/6n2DbVmE/y+AAAA[0m[Pipeline] }
[8mha:////4EOqKn83hmz2FacQTcc9PVNjErTD0n2ygIKKCHlgXttAAAAApR+LCAAAAAAAAP9tjTEOwjAQBC9BFLSUPOIiQUGBqNJabniBiY1xYt0Z2yGpeBFf4w8EIlGxxWpnm3m+YJkiHDlabA11jlLjMPjeTgsHjt3F84Atn7FhSuwNSjNI1qaeUXI2MKcoYSFgZajxnBzZDGvRqruqvCJbnXKcvoOA0ukbPKAQkzmrmL8wRthce52Yfp6/AhhDyFDu9p/avgGGhUhAvgAAAA==[0m[Pipeline] // script
[8mha:////4NI/NUS4favwsORfqm8McaVlygco4gZYqcbSTJdWUncXAAAApR+LCAAAAAAAAP9tjTEOwjAQBC9BFLSUPOIiRIOEqNJabniBiY1xYt0Z2yGpeBFf4w8EIlGxxWpnm3m+YJkiHDlabA11jlLjMPjeTgsHjt3F84Atn7FhSuwNSjNI1qaeUXI2MKcoYSFgZajxnBzZDGvRqruqvCJbnXKcvoOA0ukbPKAQkzmrmL8wRthce52Yfp6/AhhDyFDu9p/avgHpZhcovgAAAA==[0m[Pipeline] }
[8mha:////4G/UCbwQE/hXcnXlT2aHlE6SHwcRR7G4OTdjkKfE6LuWAAAApB+LCAAAAAAAAP9tjTEOwjAQBC9BFLSUPOKCRIUQVVrLDS8wsTFOrDtjOyQVL+Jr/IFAJCq2WO1sM88XLFOEI0eLraHOUWocBt/baeHAsbt4HrDlMzZMib1BaQbJ2tQzSs4G5hQlLASsDDWekyObYS1adVeVV2SrU47TdxBQOn2DBxRiMmcV8xfGCJtrrxPTz/NXAGMIGcrd/lPbN9qFTJS+AAAA[0m[Pipeline] // stage
[8mha:////4OcWtAVb1WAKn1AlL7oQ75Mwxv6sOIKJDMFeqZEBLCQ1AAAAph+LCAAAAAAAAP9tjTEOwjAQBM9BKWgpeYRDkQ5R0VpueIFJjHFi3QX7QlLxIr7GHzBEomKrnZVW83xBmSIcKDrZWew9psbLIYwuNzlR7C+BJtnRWTaEiYKV2k6aWntcUBNbWCIKWClYW2wCJY+OYaM6czdVMOiqE8e87RUUvr3BA4TKZjaRvzBH2F7HNhH+PH8FMA8MomYo6t3nWL4BEcsSA8EAAAA=[0m[Pipeline] stage
[8mha:////4BoOuUzlReJXjnRefTPLEpczTVx+Xmav5ZZcm22rpF2bAAAApx+LCAAAAAAAAP9tjTEOwjAUQ3+LOrAycogUJDbE1DXKwglCE0La6P/yk9JOnIircQdaKjHhwbItWe/1hiIynIidaCy2HmPtRRd6NyUxELfXQINo6CJqwkjBCmUHRcZWS1WULCzKclhJWFusA0WPLsFGNvqhy6DRlefE03aUkHtzhydkciInzelbRobtrTeR8Mf5C4CxS5AfdrPt52fxAbb5KxbCAAAA[0m[Pipeline] { (Execute test)
[8mha:////4J9GAwzw38MH42h5VhzJmyBcYr2dfZdNLQagTd6ygZN9AAAApx+LCAAAAAAAAP9tjTEOwjAUQ3+LOrAycohUIDbE1DXKwglCE0La6P/yk9JOnIircQdaKjHhwbItWe/1hiIynIidaCy2HmPtRRd6NyUxELfXQINo6CJqwkjBCmUHRcZWS1WULCzKclhJWFusA0WPLsFGNvqhy6DRlefE03aUkHtzhydkciInzelbRobtrTeR8Mf5C4CxS5AfdrPt52fxAdhUMVHCAAAA[0m[Pipeline] script
[8mha:////4DwG6ajeVwRBOBBgM8FR8uH9lu38nMmjHleJyZEhtH2KAAAApx+LCAAAAAAAAP9tjTEOwjAUQ3+LOrAycohUAjbE1DXKwglCE0La6P/yk9JOnIircQdaKjHhwbItWe/1hiIynIidaCy2HmPtRRd6NyUxELfXQINo6CJqwkjBCmUHRcZWS1WULCzKclhJWFusA0WPLsFGNvqhy6DRlefE03aUkHtzhydkciInzelbRobtrTeR8Mf5C4CxS5AfdrPt52fxAXzhjwPCAAAA[0m[Pipeline] {
[8mha:////4ApHSAzyqWKqpeQwj/yhkaEOgHWMaraWn+fsmVdWnlhWAAAAox+LCAAAAAAAAP9tjTEOwjAQBC9BFLSUPOJSkA5R0VppeIFJjLFj3Tm2g1PxIr7GHwhEomKL1c4283zBOgY4ctBoFfWGYmvQu1HPCzOH/uo4o+ULtkyRncJG5YY7dVqw4aRgSVHCSsBGUes4GtIJtsLKu6ycJF2dU5i/g4DSdAM8oBCzOcmQvjAF2N3GLjL9PH8FMPkEZb3/VO3fhXiFur4AAAA=[0m[Pipeline] sh
+ dotnet test /var/jenkins_home/jobs/AgileMeter/workspace/ScrumMeter/everisapiTest/everisapiTest.csproj /p:CollectCoverage=true /p:CoverletOutputFormat=opencover /p:CoverletOutput=/var/jenkins_home/jobs/AgileMeter/workspace/ScrumMeter/everisapiTest/TestResult/ /p:Exclude=[xunit*]*
Test run for /var/jenkins_home/jobs/AgileMeter/workspace/ScrumMeter/everisapiTest/bin/Debug/netcoreapp2.1/everisapiTest.dll(.NETCoreApp,Version=v2.1)
Microsoft (R) Test Execution Command Line Tool Version 16.1.0
Copyright (c) Microsoft Corporation.  All rights reserved.

Starting test execution, please wait...

Test Run Successful.
Total tests: 76
     Passed: 76
 Total time: 4.9097 Seconds

Calculating coverage result...
  Generating report '/var/jenkins_home/jobs/AgileMeter/workspace/ScrumMeter/everisapiTest/TestResult/coverage.opencover.xml'

+---------------+-------+--------+--------+
| Module        | Line  | Branch | Method |
+---------------+-------+--------+--------+
| everisapi.API | 4.46% | 4.74%  | 19.06% |
+---------------+-------+--------+--------+

+---------+-------+--------+--------+
|         | Line  | Branch | Method |
+---------+-------+--------+--------+
| Total   | 4.46% | 4.74%  | 19.06% |
+---------+-------+--------+--------+
| Average | 4.46% | 4.74%  | 19.06% |
+---------+-------+--------+--------+

[8mha:////4JO00n6v+8VHX4h9ulV/JjVw40+03RKGal+vICEoZ5SpAAAApB+LCAAAAAAAAP9tjTEOwjAQBC9BFLSUPOJSABWiSmu54QUmNsaJdWdsh6TiRXyNPxCIRMUWq51t5vmCZYpw5GixNdQ5So3D4Hs7LRw4dhfPA7Z8xoYpsTcozSBZm3pGydnAnKKEhYCVocZzcmQzrEWr7qryimx1ynH6DgJKp2/wgEJM5qxi/sIYYXPtdWL6ef4KYAwZyt32U/vwBsRJnqO+AAAA[0m[Pipeline] sh
+ cd /var/jenkins_home/jobs/AgileMeter/workspace/ScrumMeter/everisapiTest/
+ dotnet reportgenerator everisapiTest.csproj -reports:./TestResult/coverage.opencover.xml -targetdir:./TestResults/Reports -reporttypes:HTML
Loading report '/var/jenkins_home/jobs/AgileMeter/workspace/ScrumMeter/everisapiTest/./TestResult/coverage.opencover.xml'
 Preprocessing report
 Initiating parser for OpenCover
  Current Assembly: everisapi.API
Coverage report parsing took 0.3 seconds
Initializing report builders for report types: HTML
Analyzing 101 classes
 Creating report 3/101 (Assembly: everisapi.API, Class: everisapi.API.AsignacionInfoContextExtensions)
 Creating report 3/101 (Assembly: everisapi.API, Class: everisapi.API.Controllers.AsignacionController)
 Creating report 3/101 (Assembly: everisapi.API, Class: everisapi.API.Controllers.EvaluacionController)
 Creating report 4/101 (Assembly: everisapi.API, Class: everisapi.API.Controllers.LineaController)
 Creating report 5/101 (Assembly: everisapi.API, Class: everisapi.API.Controllers.OficinaController)
 Creating report 6/101 (Assembly: everisapi.API, Class: everisapi.API.Controllers.PreguntasController)
 Creating report 7/101 (Assembly: everisapi.API, Class: everisapi.API.Controllers.ProyectosController)
 Creating report 8/101 (Assembly: everisapi.API, Class: everisapi.API.Controllers.RespuestaController)
 Creating report 9/101 (Assembly: everisapi.API, Class: everisapi.API.Controllers.SectionController)
 Creating report 10/101 (Assembly: everisapi.API, Class: everisapi.API.Controllers.TokenController)
 Creating report 12/101 (Assembly: everisapi.API, Class: everisapi.API.Entities.AsignacionInfoContext)
 Creating report 12/101 (Assembly: everisapi.API, Class: everisapi.API.Controllers.UsersController)
 Creating report 13/101 (Assembly: everisapi.API, Class: everisapi.API.Controllers.UnidadController)
 Creating report 14/101 (Assembly: everisapi.API, Class: everisapi.API.Entities.AsignacionEntity)
 Creating report 15/101 (Assembly: everisapi.API, Class: everisapi.API.Entities.AssessmentEntity)
 Creating report 16/101 (Assembly: everisapi.API, Class: everisapi.API.Entities.EvaluacionEntity)
 Creating report 17/101 (Assembly: everisapi.API, Class: everisapi.API.Entities.NotasAsignacionesEntity)
 Creating report 18/101 (Assembly: everisapi.API, Class: everisapi.API.Entities.OficinaEntity)
 Creating report 19/101 (Assembly: everisapi.API, Class: everisapi.API.Entities.LineaEntity)
 Creating report 20/101 (Assembly: everisapi.API, Class: everisapi.API.Entities.NotasSectionsEntity)
 Creating report 21/101 (Assembly: everisapi.API, Class: everisapi.API.Entities.PreguntaEntity)
 Creating report 22/101 (Assembly: everisapi.API, Class: everisapi.API.Entities.ProyectoEntity)
 Creating report 23/101 (Assembly: everisapi.API, Class: everisapi.API.Entities.RoleEntity)
 Creating report 24/101 (Assembly: everisapi.API, Class: everisapi.API.Entities.UnidadEntity)
 Creating report 25/101 (Assembly: everisapi.API, Class: everisapi.API.Entities.RespuestaEntity)
 Creating report 26/101 (Assembly: everisapi.API, Class: everisapi.API.Entities.SectionEntity)
 Creating report 27/101 (Assembly: everisapi.API, Class: everisapi.API.Entities.UserEntity)
 Creating report 28/101 (Assembly: everisapi.API, Class: everisapi.API.Entities.UserProyectoEntity)
 Creating report 29/101 (Assembly: everisapi.API, Class: everisapi.API.Migrations.AddLastQuestionUpdate)
 Creating report 30/101 (Assembly: everisapi.API, Class: everisapi.API.Migrations.AÃ±adirPesosASecciones)
 Creating report 31/101 (Assembly: everisapi.API, Class: everisapi.API.Entities.User_RoleEntity)
 Creating report 32/101 (Assembly: everisapi.API, Class: everisapi.API.Migrations.AddAssessments)
 Creating report 33/101 (Assembly: everisapi.API, Class: everisapi.API.Migrations.AddTableOficinaUnidad_Linea)
 Creating report 34/101 (Assembly: everisapi.API, Class: everisapi.API.Migrations.AsignacionInfoContextModelSnapshot)
 Creating report 35/101 (Assembly: everisapi.API, Class: everisapi.API.Migrations.AddColumnCodigoProyecto)
 Creating report 36/101 (Assembly: everisapi.API, Class: everisapi.API.Migrations.LinkAssessmentWithSections)
 Creating report 37/101 (Assembly: everisapi.API, Class: everisapi.API.Migrations.AddUserNameToEvaluation)
 Creating report 38/101 (Assembly: everisapi.API, Class: everisapi.API.Migrations.ModificacionTablaProyectos)
 Creating report 39/101 (Assembly: everisapi.API, Class: everisapi.API.Migrations.LinkEvaluationsWithAssessments)
 Creating report 40/101 (Assembly: everisapi.API, Class: everisapi.API.Migrations.AddUserProyecto)
 Creating report 41/101 (Assembly: everisapi.API, Class: everisapi.API.Migrations.NivelPreguntas)
 Creating report 42/101 (Assembly: everisapi.API, Class: everisapi.API.Migrations.PreguntaHabilitante)
 Creating report 43/101 (Assembly: everisapi.API, Class: everisapi.API.Models.AsignacionConNotasDto)
 Creating report 44/101 (Assembly: everisapi.API, Class: everisapi.API.Migrations.NombreCompleto_Activo)
 Creating report 45/101 (Assembly: everisapi.API, Class: everisapi.API.Models.AsignacionConPreguntaNivelDto)
 Creating report 46/101 (Assembly: everisapi.API, Class: everisapi.API.Migrations.RemoveUserRoles)
 Creating report 47/101 (Assembly: everisapi.API, Class: everisapi.API.Models.AsignacionCreateUpdateDto)
 Creating report 48/101 (Assembly: everisapi.API, Class: everisapi.API.Migrations.PesoIntToFloat)
 Creating report 49/101 (Assembly: everisapi.API, Class: everisapi.API.Models.AsignacionDto)
 Creating report 50/101 (Assembly: everisapi.API, Class: everisapi.API.Migrations.SectionPesosNiveles)
 Creating report 51/101 (Assembly: everisapi.API, Class: everisapi.API.Models.AsignacionInfoDto)
 Creating report 52/101 (Assembly: everisapi.API, Class: everisapi.API.Models.Equipos)
 Creating report 53/101 (Assembly: everisapi.API, Class: everisapi.API.Migrations.TestProyects)
 Creating report 54/101 (Assembly: everisapi.API, Class: everisapi.API.Models.AsignacionSinPreguntasDto)
 Creating report 55/101 (Assembly: everisapi.API, Class: everisapi.API.Models.EvaluacionCreateUpdateDto)
 Creating report 56/101 (Assembly: everisapi.API, Class: everisapi.API.Models.AsignacionUpdateNotasDto)
 Creating report 57/101 (Assembly: everisapi.API, Class: everisapi.API.Models.EvaluacionDto)
 Creating report 58/101 (Assembly: everisapi.API, Class: everisapi.API.Models.EvaluacionInfoPaginationDto)
 Creating report 59/101 (Assembly: everisapi.API, Class: everisapi.API.Models.AssessmentDto)
 Creating report 60/101 (Assembly: everisapi.API, Class: everisapi.API.Models.EvaluacionInfoDto)
 Creating report 61/101 (Assembly: everisapi.API, Class: everisapi.API.Models.EvaluacionInfoWithProgressDto)
 Creating report 62/101 (Assembly: everisapi.API, Class: everisapi.API.Models.Linea)
 Creating report 63/101 (Assembly: everisapi.API, Class: everisapi.API.Models.ProyectoCreateUpdateDto)
 Creating report 64/101 (Assembly: everisapi.API, Class: everisapi.API.Models.EvaluacionInfoWithSectionsDto)
 Creating report 65/101 (Assembly: everisapi.API, Class: everisapi.API.Models.Oficina)
 Creating report 66/101 (Assembly: everisapi.API, Class: everisapi.API.Models.ProyectoDto)
 Creating report 67/101 (Assembly: everisapi.API, Class: everisapi.API.Models.EvaluacionesWithoutRespuestasDto)
 Creating report 68/101 (Assembly: everisapi.API, Class: everisapi.API.Models.PreguntaCreateDto)
 Creating report 69/101 (Assembly: everisapi.API, Class: everisapi.API.Models.ProyectoWithEvaluacionesDto)
 Creating report 70/101 (Assembly: everisapi.API, Class: everisapi.API.Models.SectionDto)
 Creating report 71/101 (Assembly: everisapi.API, Class: everisapi.API.Models.PreguntaDto)
 Creating report 72/101 (Assembly: everisapi.API, Class: everisapi.API.Models.RespuestaConNotasDto)
 Creating report 73/101 (Assembly: everisapi.API, Class: everisapi.API.Models.SectionInfoDto)
 Creating report 74/101 (Assembly: everisapi.API, Class: everisapi.API.Models.PreguntaRespuestaNivelDto)
 Creating report 75/101 (Assembly: everisapi.API, Class: everisapi.API.Models.RespuestaConUserDto)
 Creating report 76/101 (Assembly: everisapi.API, Class: everisapi.API.Models.SectionWithNotasDto)
 Creating report 77/101 (Assembly: everisapi.API, Class: everisapi.API.Models.PreguntaUpdateDto)
 Creating report 78/101 (Assembly: everisapi.API, Class: everisapi.API.Models.RespuestaDto)
 Creating report 79/101 (Assembly: everisapi.API, Class: everisapi.API.Models.SectionWithoutAreaDto)
 Creating report 80/101 (Assembly: everisapi.API, Class: everisapi.API.Models.PreguntaWithOneRespuestasDto)
 Creating report 81/101 (Assembly: everisapi.API, Class: everisapi.API.Models.RoleDto)
 Creating report 82/101 (Assembly: everisapi.API, Class: everisapi.API.Models.Unidad)
 Creating report 83/101 (Assembly: everisapi.API, Class: everisapi.API.Models.PreguntaWithRespuestasDto)
 Creating report 84/101 (Assembly: everisapi.API, Class: everisapi.API.Models.SectionConAsignacionesDto)
 Creating report 85/101 (Assembly: everisapi.API, Class: everisapi.API.Models.UserProyectoDto)
 Creating report 86/101 (Assembly: everisapi.API, Class: everisapi.API.Models.UsersDto)
 Creating report 87/101 (Assembly: everisapi.API, Class: everisapi.API.Services.RespuestasInfoRepository)
 Creating report 88/101 (Assembly: everisapi.API, Class: everisapi.API.Models.User_RoleCreateDto)
 Creating report 89/101 (Assembly: everisapi.API, Class: everisapi.API.Models.UsersSinProyectosDto)
 Creating report 90/101 (Assembly: everisapi.API, Class: everisapi.API.Services.SectionsInfoRepository)
 Creating report 91/101 (Assembly: everisapi.API, Class: everisapi.API.Models.User_RoleDto)
 Creating report 92/101 (Assembly: everisapi.API, Class: everisapi.API.Models.UsersWithRolesDto)
 Creating report 93/101 (Assembly: everisapi.API, Class: everisapi.API.Services.UnidadInfoRepository)
 Creating report 94/101 (Assembly: everisapi.API, Class: everisapi.API.Program)
 Creating report 95/101 (Assembly: everisapi.API, Class: everisapi.API.Services.UsersInfoRespository)
 Creating report 96/101 (Assembly: everisapi.API, Class: everisapi.API.Services.AsignacionInfoRepository)
 Creating report 97/101 (Assembly: everisapi.API, Class: everisapi.API.Startup)
 Creating report 98/101 (Assembly: everisapi.API, Class: everisapi.API.Services.EvaluacionInfoRepository)
 Creating report 99/101 (Assembly: everisapi.API, Class: everisapi.API.everisprojectdbContext)
 Creating report 100/101 (Assembly: everisapi.API, Class: everisapi.API.Services.LineaInfoRepository)
 Creating report 101/101 (Assembly: everisapi.API, Class: everisapi.API.Services.OficinaInfoRepository)
 Creating summary
Report generation took 2.3 seconds
[8mha:////4NUCLRHzDVaAyOW5n1iRgYVfdMOBEBb0BSVGoh19n6laAAAApB+LCAAAAAAAAP9tjTEOwjAQBC9BFLSUPOJSgGgQVVrLDS8wsTFOrDtjOyQVL+Jr/IFAJCq2WO1sM88XLFOEI0eLraHOUWocBt/baeHAsbt4HrDlMzZMib1BaQbJ2tQzSs4G5hQlLASsDDWekyObYS1adVeVV2SrU47TdxBQOn2DBxRiMmcV8xfGCJtrrxPTz/NXAGMIGcrd/lPbN/zO9Xa+AAAA[0m[Pipeline] }
[8mha:////4LNeijBPPIKJyLjwoIvo2c9vG/fQX+A0GiKE6A3kdKRFAAAApR+LCAAAAAAAAP9tjTEOwjAQBC9BFLSUPOIiISQKRJXWcsMLTGyME+vO2A5JxYv4Gn8gEImKLVY728zzBcsU4cjRYmuoc5Qah8H3dlo4cOwungds+YwNU2JvUJpBsjb1jJKzgTlFCQsBK0ON5+TIZliLVt1V5RXZ6pTj9B0ElE7f4AGFmMxZxfyFMcLm2uvE9PP8FcAYQoZyt//U9g3PLa7KvgAAAA==[0m[Pipeline] // script
[8mha:////4FuqTkjzjLnKrkiS7F0coxPB8Cwo4o6GggoM7l/ISY39AAAApR+LCAAAAAAAAP9tjTEOwjAQBC9BFLSUPOIiJAokRJXWcsMLTGyME+vO2A5JxYv4Gn8gEImKLVY728zzBcsU4cjRYmuoc5Qah8H3dlo4cOwungds+YwNU2JvUJpBsjb1jJKzgTlFCQsBK0ON5+TIZliLVt1V5RXZ6pTj9B0ElE7f4AGFmMxZxfyFMcLm2uvE9PP8FcAYQoZyt//U9g2gzvGivgAAAA==[0m[Pipeline] }
[8mha:////4Or3XQLI8bWG1nmiDfRNUTeo+digR8gw4QqZ/8sh5vNqAAAApB+LCAAAAAAAAP9tjTEOwjAQBC9BFLSUPOJCQYMQVVrLDS8wsTFOrDtjOyQVL+Jr/IFAJCq2WO1sM88XLFOEI0eLraHOUWocBt/baeHAsbt4HrDlMzZMib1BaQbJ2tQzSs4G5hQlLASsDDWekyObYS1adVeVV2SrU47TdxBQOn2DBxRiMmcV8xfGCJtrrxPTz/NXAGMIGcrd/lPbN5Mtqh6+AAAA[0m[Pipeline] // stage
[8mha:////4C48HroeMmA66fp4q/J5h6PGemL2F3YJgCvns53WtGw8AAAAph+LCAAAAAAAAP9tjTEOwjAQBM9BKWgpeYRDARWiorXc8AITG+PEugv2haTiRXyNPxCIRMVWOyut5vmCMic4UPKycdgGzHWQXez91ORAqb1EGmRDZ1kTZopOajdosu44oyZ2MEcUsFCwdFhHygE9w0o15m6qaNBXJ07TtldQBHuDBwg1mdkk/sKYYH3tbSb8ef4KYOwYxJah2G0+x/INpcBlpcEAAAA=[0m[Pipeline] stage
[8mha:////4FpAYdD2MjxIQFEjPF/ilUPE6OBhSd52eqNJiDVCIhSaAAAApx+LCAAAAAAAAP9tjTEOwjAUQ3+LOrAycogUBibE1DXKwglCE0La6P/yk9JOnIircQdaKjHhwbItWe/1hiIynIidaCy2HmPtRRd6NyUxELfXQINo6CJqwkjBCmUHRcZWS1WULCzKclhJWFusA0WPLsFGNvqhy6DRlefE03aUkHtzhydkciInzelbRobtrTeR8Mf5C4CxS5AfdrPt52fxAW2++SvCAAAA[0m[Pipeline] { (Sonarqube)
[8mha:////4K3aTJ6bSS8tn18wRMdfTdZC8I9ML4X1PcErrFdKz8+dAAAApx+LCAAAAAAAAP9tjTEOwjAUQ3+LOrAycohUIDEhpq5RFk4QmhDSRv+Xn5R24kRcjTvQUokJD5ZtyXqvNxSR4UTsRGOx9RhrL7rQuymJgbi9BhpEQxdRE0YKVig7KDK2WqqiZGFRlsNKwtpiHSh6dAk2stEPXQaNrjwnnrajhNybOzwhkxM5aU7fMjJsb72JhD/OXwCMXYL8sJttPz+LDwMT42zCAAAA[0m[Pipeline] script
[8mha:////4GoGNqi/D5r1vyxArPVug+UCjGiVOS0BDkz67WE07SJFAAAApx+LCAAAAAAAAP9tjTEOwjAUQ3+LOrAycohUAjEhpq5RFk4QmhDSRv+Xn5R24kRcjTvQUokJD5ZtyXqvNxSR4UTsRGOx9RhrL7rQuymJgbi9BhpEQxdRE0YKVig7KDK2WqqiZGFRlsNKwtpiHSh6dAk2stEPXQaNrjwnnrajhNybOzwhkxM5aU7fMjJsb72JhD/OXwCMXYL8sJttPz+LD6emXT7CAAAA[0m[Pipeline] {
[8mha:////4EYhCasqDgkAyIJJy6oZITFtNEO1FG295nyN7SF76y/+AAAApB+LCAAAAAAAAP9tjTEOwjAQBC9BFLSUPOJSABWiSmu54QUmNsaJdWdsh6TiRXyNPxCIRMUWq51t5vmCZYpw5GixNdQ5So3D4Hs7LRw4dhfPA7Z8xoYpsTcozSBZm3pGydnAnKKEhYCVocZzcmQzrEWr7qryimx1ynH6DgJKp2/wgEJM5qxi/sIYYXPtdWL6ef4KYAwZyv32U7vwBiwS7Xe+AAAA[0m[Pipeline] sh
+ cd /var/jenkins_home/jobs/AgileMeter/workspace/ScrumMeter/
+ dotnet restore
  Restore completed in 90.54 ms for /var/jenkins_home/jobs/AgileMeter/workspace/ScrumMeter/everisapiTest/everisapiTest.csproj.
  Restore completed in 12.56 ms for /var/jenkins_home/jobs/AgileMeter/workspace/ScrumMeter/everisapi.API/everisapi.API.csproj.
  Restore completed in 47.1 ms for /var/jenkins_home/jobs/AgileMeter/workspace/ScrumMeter/everisapiTest/everisapiTest.csproj.
  Restore completed in 48.47 ms for /var/jenkins_home/jobs/AgileMeter/workspace/ScrumMeter/everisapi.API/everisapi.API.csproj.
[8mha:////4HweQwJnPVAWgFU9lEvlRf9ue4zKoGAcaSRcUz4YMdYaAAAApB+LCAAAAAAAAP9tjTEOwjAQBC9BFLSUPOJSoFSIitZKwwtMYowd686xHZyKF/E1/kAgEhVbrHa2mecL1jHAkYNGq6g3FFuD3o16Xpg59FfHGS1fsGWK7BQ2KjfcqdOCDScFS4oSVgI2ilrH0ZBOsBVW3mXlJOnqnML8HQSUphvgAYWYzUmG9IUpwO42dpHp5/krgMknKOv9p2r/Bm0j9m6+AAAA[0m[Pipeline] sh
+ cd /var/jenkins_home/jobs/AgileMeter/workspace/ScrumMeter/
+ dotnet sonarscanner begin /k:AgileMeter /d:sonar.host.url=http://sonarqube:9000 /d:sonar.login=c489797caa4b70e364a84bce15be1057c7e2b9aa /d:sonar.language=cs
SonarScanner for MSBuild 4.6.2
Using the .NET Core version of the Scanner for MSBuild
Pre-processing started.
Preparing working directories...
14:43:03.431  Updating build integration targets...
14:43:03.485  Fetching analysis configuration settings...
14:43:04.117  Pre-processing succeeded.
[8mha:////4PN1DsCZci/qcKLfw/4yvAI9GzVC6EJ6uJ7i0TqUxALXAAAApB+LCAAAAAAAAP9tjTEOwjAQBC9BFLSUPOJSIGgQVVrLDS8wsTFOrDtjOyQVL+Jr/IFAJCq2WO1sM88XLFOEI0eLraHOUWocBt/baeHAsbt4HrDlMzZMib1BaQbJ2tQzSs4G5hQlLASsDDWekyObYS1adVeVV2SrU47TdxBQOn2DBxRiMmcV8xfGCJtrrxPTz/NXAGPIUO62n9qHN65w20W+AAAA[0m[Pipeline] sh
+ cd /var/jenkins_home/jobs/AgileMeter/workspace/ScrumMeter/
+ dotnet build
Microsoft (R) Build Engine version 16.1.76+g14b0a930a7 for .NET Core
Copyright (C) Microsoft Corporation. All rights reserved.

  Restore completed in 89.51 ms for /var/jenkins_home/jobs/AgileMeter/workspace/ScrumMeter/everisapiTest/everisapiTest.csproj.
  Restore completed in 13.88 ms for /var/jenkins_home/jobs/AgileMeter/workspace/ScrumMeter/everisapi.API/everisapi.API.csproj.
  Restore completed in 52.84 ms for /var/jenkins_home/jobs/AgileMeter/workspace/ScrumMeter/everisapiTest/everisapiTest.csproj.
  Restore completed in 52.91 ms for /var/jenkins_home/jobs/AgileMeter/workspace/ScrumMeter/everisapi.API/everisapi.API.csproj.
  everisapi.API -> /var/jenkins_home/jobs/AgileMeter/workspace/ScrumMeter/everisapi.API/bin/Debug/netcoreapp2.1/everisapi.API.dll
  everisapiTest -> /var/jenkins_home/jobs/AgileMeter/workspace/ScrumMeter/everisapiTest/bin/Debug/netcoreapp2.1/everisapiTest.dll

Build succeeded.
    0 Warning(s)
    0 Error(s)

Time Elapsed 00:00:07.52
[8mha:////4KXki4FQM7w3aAsnmBsd9F4MBDCkthJoOB6Gh9WOwdjnAAAApR+LCAAAAAAAAP9tjTEOwjAQBC9BFLSUPOJSIESBqNJabniBiY1xYt0Z2yGpeBFf4w8EIlGxxWpnm3m+YJkiHDlabA11jlLjMPjeTgsHjt3F84Atn7FhSuwNSjNI1qaeUXI2MKcoYSFgZajxnBzZDGvRqruqvCJbnXKcvoOA0ukbPKAQkzmrmL8wRthce52Yfp6/AhhDhnK3/dQ+vAHvQcBcvgAAAA==[0m[Pipeline] sh
+ cd /var/jenkins_home/jobs/AgileMeter/workspace/ScrumMeter/
+ dotnet sonarscanner end /d:sonar.login=c489797caa4b70e364a84bce15be1057c7e2b9aa
SonarScanner for MSBuild 4.6.2
Using the .NET Core version of the Scanner for MSBuild
Post-processing started.
WARNING: File '/root/.nuget/packages/microsoft.net.test.sdk/16.0.1/build/netcoreapp1.0/Microsoft.NET.Test.Sdk.Program.cs' is not located under the root directory '/var/jenkins_home/jobs/AgileMeter/workspace/ScrumMeter' and will not be analyzed.
WARNING: File '/root/.nuget/packages/xunit.runner.visualstudio/2.4.0/build/netcoreapp1.0/xunit.runner.visualstudio.dotnetcore.testadapter.dll' is not located under the root directory '/var/jenkins_home/jobs/AgileMeter/workspace/ScrumMeter' and will not be analyzed.
WARNING: File '/root/.nuget/packages/xunit.runner.visualstudio/2.4.0/build/netcoreapp1.0/xunit.runner.reporters.netcoreapp10.dll' is not located under the root directory '/var/jenkins_home/jobs/AgileMeter/workspace/ScrumMeter' and will not be analyzed.
WARNING: File '/root/.nuget/packages/xunit.runner.visualstudio/2.4.0/build/netcoreapp1.0/xunit.runner.utility.netcoreapp10.dll' is not located under the root directory '/var/jenkins_home/jobs/AgileMeter/workspace/ScrumMeter' and will not be analyzed.
Calling the SonarQube Scanner...
INFO: Scanner configuration file: /root/.dotnet/tools/.store/dotnet-sonarscanner/4.6.2/dotnet-sonarscanner/4.6.2/tools/netcoreapp2.1/any/sonar-scanner-3.3.0.1492/conf/sonar-scanner.properties
INFO: Project root configuration file: /var/jenkins_home/jobs/AgileMeter/workspace/ScrumMeter/.sonarqube/out/sonar-project.properties
INFO: SonarQube Scanner 3.3.0.1492
INFO: Java 1.8.0_212 Oracle Corporation (64-bit)
INFO: Linux 4.9.125-linuxkit amd64
INFO: User cache: /root/.sonar/cache
INFO: SonarQube server 7.9.0
INFO: Default locale: "en", source code encoding: "UTF-8" (analysis is platform dependent)
WARN: SonarScanner will require Java 11+ to run starting in SonarQube 8.x
INFO: Load global settings
INFO: Load global settings (done) | time=123ms
INFO: Server id: 243B8A4D-AWv1m-qYKl0yjcpmKpuX
INFO: User cache: /root/.sonar/cache
INFO: Load/download plugins
INFO: Load plugins index
INFO: Load plugins index (done) | time=60ms
INFO: Load/download plugins (done) | time=61ms
INFO: Process project properties
INFO: Project key: AgileMeter
INFO: Base dir: /var/jenkins_home/jobs/AgileMeter/workspace/ScrumMeter
INFO: Working dir: /var/jenkins_home/jobs/AgileMeter/workspace/ScrumMeter/.sonarqube/out/.sonar
INFO: Load project settings for component key: 'AgileMeter'
INFO: Load project settings for component key: 'AgileMeter' (done) | time=74ms
INFO: Load quality profiles
INFO: ------------------------------------------------------------------------
INFO: EXECUTION FAILURE
INFO: ------------------------------------------------------------------------
INFO: Total time: 2.688s
INFO: Final Memory: 6M/121M
INFO: ------------------------------------------------------------------------
ERROR: Error during SonarQube Scanner execution
ERROR: No quality profiles have been found, you probably don't have any language plugin installed.
ERROR: 
The SonarQube Scanner did not complete successfully
14:43:17.16  Post-processing failed. Exit code: 1
[8mha:////4Ad9O/+uZdvQsbomoq0X/ZTvBXqcq5uNZcmzdt8qyriwAAAApR+LCAAAAAAAAP9tjTEOwjAQBC9BFLSUPOJSICQkRJXWcsMLTGyME+vO2A5JxYv4Gn8gEImKLVY728zzBcsU4cjRYmuoc5Qah8H3dlo4cOwungds+YwNU2JvUJpBsjb1jJKzgTlFCQsBK0ON5+TIZliLVt1V5RXZ6pTj9B0ElE7f4AGFmMxZxfyFMcLm2uvE9PP8FcAYQoZyt//U9g15lZPzvgAAAA==[0m[Pipeline] }
[8mha:////4G1C3RPOCcKyVekQOgwNwuk4y9BQeCwKCgLwta3gLxeRAAAApR+LCAAAAAAAAP9tjTEOwjAQBC9BFLSUPOIiIVEgRJXWcsMLTGyME+vO2A5JxYv4Gn8gEImKLVY728zzBcsU4cjRYmuoc5Qah8H3dlo4cOwungds+YwNU2JvUJpBsjb1jJKzgTlFCQsBK0ON5+TIZliLVt1V5RXZ6pTj9B0ElE7f4AGFmMxZxfyFMcLm2uvE9PP8FcAYQoZyt//U9g1KdshPvgAAAA==[0m[Pipeline] // script
[8mha:////4FH7ItrJPfevSCNpAqpTniUnqm7rF85294wPRnFBI4/nAAAApR+LCAAAAAAAAP9tjTEOwjAQBC9BFLSUPOICBTQoFa3lhheYxBgn1l2wHZyKF/E1/oBFJCq2WO1sM683LIOHmr3BTlNvKTQWBzeavDCx76+OE3Z8wYYpsNModZLc6tOMkqOGOUUJCwErTY3jYMlEWItOPVTlFJnqHH3+jgJK297hCYXI5qh8/MLkYXMb28D08/wVwDQMEcrDNtd+9wGlbCbAvgAAAA==[0m[Pipeline] }
[8mha:////4F23wgc9+UKZ8ZXYuXSQbCus2wFWtuY7xVFIoCn+6Z4eAAAApR+LCAAAAAAAAP9tjTEOwjAQBC9BFLSUPOICBTQoFa3lhheYxBgn1l2wHZyKF/E1/oBFJCq2WO1sM683LIOHmr3BTlNvKTQWBzeavDCx76+OE3Z8wYYpsNModZLc6tOMkqOGOUUJCwErTY3jYMlEWItOPVTlFJnqHH3+jgJK297hCYXI5qh8/MLkYXMb28D08/wVwDQMEcrDLtd++wGWj318vgAAAA==[0m[Pipeline] // stage
[8mha:////4EcELuQx88kVSCEw9e/iEhDVjC7D1j/SOJUMKUDoW0EvAAAApB+LCAAAAAAAAP9tjTEOwjAQBDdBFLSUPMKREKJBVLRWGl5gEmOcWHfBvpBUvIiv8QciIlGx1c4083pjmSKOHJ1qLLWeUuVVF3o3PTVwbK+BB9XwRVVMiYNVpR1Kru1pxpLFYl6WY6GxslQFTp6cYK0b8zBFMOSKs8TJHTRyX9/xRKanspgoXxgjNre+Tky/zt8Axq4T5PutINt9AF1IgLW9AAAA[0m[Pipeline] }
[8mha:////4D2/MuboEYb5dNnDZhpx53AKWFeOP2qwiA5Dbh4cf3G8AAAAox+LCAAAAAAAAP9tjbEOgjAURS8YB1dHP6IMJC7GybVh8Qsq1Fpo3sP2IUx+kb/mP0gkcfJO95zlvN5Yp4gjR6daS52nVHvVh8HNT40cu2vgUbV8UTVT4mBVZceKG3tasGKxWJblWGlsLNWBkycn2OrWPEwRDLniLHF2B43cN3c8kem5LCbKF6aI3W1oEtOv8zeAqe8F+b4UZOUHTvSEFr0AAAA=[0m[Pipeline] // node
[8mha:////4MzbYZYPjOZbVc1HvrrD6gxR/x54UeoxOH974VdQHscoAAAApB+LCAAAAAAAAP9tjTEOwjAQBDdBFLSUPMKREKJBVLRWGl5gEmOcWHfBvpBUvIiv8QciIlGx1c4083pjmSKOHJ1qLLWeUuVVF3o3PTVwbK+BB9XwRVVMiYNVpR1Kru1pxpLFYl6WY6GxslQFTp6cYK0b8zBFMOSKs8TJHTRyX9/xRKanspgoXxgjNre+Tky/zt8Axq4T5PudINt+AMgYo9O9AAAA[0m[Pipeline] End of Pipeline
ERROR: script returned exit code 1
Finished: FAILURE
