Started by user [8mha:////4HvTkXhl2Gek6MQAybB7X8IosTOIDZw684DfuD0qEdk9AAAAlx+LCAAAAAAAAP9b85aBtbiIQTGjNKU4P08vOT+vOD8nVc83PyU1x6OyILUoJzMv2y+/JJUBAhiZGBgqihhk0NSjKDWzXb3RdlLBUSYGJk8GtpzUvPSSDB8G5tKinBIGIZ+sxLJE/ZzEvHT94JKizLx0a6BxUmjGOUNodHsLgAzWEgZu/dLi1CL9xJTczDwAj6GcLcAAAAA=[0madmin
Running in Durability level: MAX_SURVIVABILITY
[8mha:////4J7jisyukaqtbsWuxw7SINdrtVJtCf2ElCJHa/lkQncqAAAAoh+LCAAAAAAAAP9tjTEOwjAQBM8BClpKHuFItIiK1krDC0x8GCfWnbEdkooX8TX+gCESFVvtrLSa5wtWKcKBo5UdUu8otU4GP9jS5Mixv3geZcdn2TIl9igbHBs2eJyx4YwwR1SwULBGaj0nRzbDRnX6rmuvydanHMu2V1A5c4MHCFXMWcf8hSnC9jqYxPTz/BXAFEIGsfuclm8zQVqFvQAAAA==[0m[Pipeline] Start of Pipeline
[8mha:////4LHI4Ig3pHWpfdzBGgq3mZ/Ukuj8DJ+dRvhZCYjgaBGPAAAApR+LCAAAAAAAAP9tjTEOwjAUQ3+KOrAycohUghExsUZZOEFIQkgb/d8mKe3EibgadyBQiQlLlmxL1nu+oE4RjhQdby12HpP2vA+jK4lPFLtroIm3dOGaMFGwXNpJkrGnpUrKFhaxClYC1hZ1oOTRZdiIVt1VExS65pxj2Q4CKm8GeAAThZxVzN8yR9jeRpMIf5y/AJj7DGxXvP/86jduZBmjwAAAAA==[0m[Pipeline] node
Running on [8mha:////4EgU+qnN1ZIEci4cl3ISFhSA9FaG3N33ONP6aB+JLCrgAAAAnh+LCAAAAAAAAP9b85aBtbiIQTGjNKU4P08vOT+vOD8nVc83PyU1x6OyILUoJzMv2y+/JJUBAhiZGBgqihhk0NSjKDWzXb3RdlLBUSYGJk8GtpzUvPSSDB8G5tKinBIGIZ+sxLJE/ZzEvHT94JKizLx0a6BxUmjGOUNodHsLgAz2EgZh/eT83ILSktQifY3cxGIgrakPAHib2iPIAAAA[0mJenkins in /var/jenkins_home/jobs/AgileMeter/workspace
[8mha:////4DX2IA8ebJESKF8CPqUUnjErSDgBy9GamjRt5ZUZYVBJAAAApR+LCAAAAAAAAP9tjTEOwjAUQ3+KOrAycoh0gA0xsUZZOEFIQkgb/d8mKe3EibgadyBQiQlLlmxL1nu+oE4RjhQdby12HpP2vA+jK4lPFLtroIm3dOGaMFGwXNpJkrGnpUrKFhaxClYC1hZ1oOTRZdiIVt1VExS65pxj2Q4CKm8GeAAThZxVzN8yR9jeRpMIf5y/AJj7DGxXvP/86jfoP95RwAAAAA==[0m[Pipeline] {
[8mha:////4Amk28bdtWKsyZotgcsH6LMULO9HujdsAJbAjdY/QftIAAAApR+LCAAAAAAAAP9tjTEOwjAUQ3+KOrAycoh0gQkxsUZZOEFIQkgb/d8mKe3EibgadyBQiQlLlmxL1nu+oE4RjhQdby12HpP2vA+jK4lPFLtroIm3dOGaMFGwXNpJkrGnpUrKFhaxClYC1hZ1oOTRZdiIVt1VExS65pxj2Q4CKm8GeAAThZxVzN8yR9jeRpMIf5y/AJj7DGxXvP/86jc09154wAAAAA==[0m[Pipeline] stage
[8mha:////4MxIFMz5xr+LoUfuvFgk5jLbOL/HEGDoekrY0BEzb44oAAAApR+LCAAAAAAAAP9tjTEOwjAUQ3+KOrAycoh0ggUxsUZZOEFIQkgb/d8mKe3EibgadyBQiQlLlmxL1nu+oE4RjhQdby12HpP2vA+jK4lPFLtroIm3dOGaMFGwXNpJkrGnpUrKFhaxClYC1hZ1oOTRZdiIVt1VExS65pxj2Q4CKm8GeAAThZxVzN8yR9jeRpMIf5y/AJj7DGxXvP/86jek7ggRwAAAAA==[0m[Pipeline] { (Clean workspace)
[8mha:////4Bo2DNWTnkVc5U3g1b0xeSLG962dAqFDANzDsGk7gKrcAAAAoh+LCAAAAAAAAP9tjTEOAiEURD9rLGwtPQTbaWGsbAmNJ0AWEZb8zwLrbuWJvJp3kLiJlZNMMm+a93rDOic4UbLcG+wdZu14DKOti0+U+lugiXu6ck2YKRguzSSpM+cFJRUDS1gDKwEbgzpQdmgLbIVXD9UGhba9lFS/o4DGdQM8gYlqLiqVL8wJdvexy4Q/z18BzLEA29ce4gfg7KmOvAAAAA==[0m[Pipeline] echo
Se limpia el workspace
[8mha:////4BfeB7WE2ig83dsi5uYX9k8dqM2gDzRpdHaVxtQk3MsDAAAAoh+LCAAAAAAAAP9tjTEOAiEURD9rLGwtPQTbGRNjZUtoPAGyiLDkfxZYdytP5NW8g8RNrJxkknnTvNcb1jnBiZLl3mDvMGvHYxhtXXyi1N8CTdzTlWvCTMFwaSZJnTkvKKkYWMIaWAnYGNSBskNbYCu8eqg2KLTtpaT6HQU0rhvgCUxUc1GpfGFOsLuPXSb8ef4KYI4F2L72ED8v8DEJvAAAAA==[0m[Pipeline] cleanWs
[WS-CLEANUP] Deleting project workspace...
[WS-CLEANUP] Deferred wipeout is used...
[WS-CLEANUP] done
[8mha:////4PYE8MLjCuISccu8sQWz5y5elRAKu8bK5XaD9miiXi7jAAAAoh+LCAAAAAAAAP9tjTEOAiEURD9rLGwtPQTbmRhjZUtoPAGyiLDkfxZYdytP5NW8g8RNrJxkknnTvNcb1jnBiZLl3mDvMGvHYxhtXXyi1N8CTdzTlWvCTMFwaSZJnTkvKKkYWMIaWAnYGNSBskNbYCu8eqg2KLTtpaT6HQU0rhvgCUxUc1GpfGFOsLuPXSb8ef4KYI6xADvU7j/zqggXvAAAAA==[0m[Pipeline] }
[8mha:////4KJxKXv7SZYT7xs0iUbbgkd94DPfpBXMiYQZypX48rR6AAAAox+LCAAAAAAAAP9tjTESgjAQRT84FraWHiJoYeVY2WZoPEGEGAOZXUwWofJEXs07yMiMlb/67zXv9cYyRRw5OtVYaj2lyqsu9G56auDYXgMPquGLqpgSB6tKO5Rc29OMJYvFvCzHQmNlqQqcPDnBWjfmYYpgyBVniZM7aOS+vuOJTE9lMVG+MEZsbn2dmH6dvwGMXSfId1tBtv8AExtCpb0AAAA=[0m[Pipeline] // stage
[8mha:////4FAZjGImJYuTe5nugwCsIB+pPuE8iqKIh6dC2DvLBb35AAAAph+LCAAAAAAAAP9tjTEOwjAQBC9BKWgpeYSjSHSIitZywwtMbIwT6y7YF5KKF/E1/oAhEhVb7ay0mucLqhThQNGJzmLvMbVeDGF0uYmJYn8JNImOzqIlTBSsUHZSZOxxQUVsYUlRwkrC2mIbKHl0DBvZ6buug0ZXnzjmbS+h9OYGDyhkNrOO/IU5wvY6mkT48/wVwDwwFDuGsmk+x+oNEzd2msEAAAA=[0m[Pipeline] stage
[8mha:////4Lhr3ui+R9Sl26tLLfasFARc0GXy8owDLBo+8b1Z/FjZAAAAph+LCAAAAAAAAP9tjTEOwjAUQ3+LOrAycohUZUVMrFEWThCaEJJG/7dJSjpxIq7GHWipxIQHy7ZkvdcbqhjgRMEwp7GzGFvLej+aObFMobt5yszRlbWEkbxmQmdBSp/XKihpWFWUsOGw1dh6ihZNgh138iFrL9HUlxTm7cihtGqAJxR8JicZ0rdMAfb3UUXCH+cvAKY+Qdk0ix2WZ/UBbwyqm8IAAAA=[0m[Pipeline] { (Donwload Source)
[8mha:////4FKkWrteImN5EE2IQxcnjtxWziMYwvJIJWKgTosFbl+bAAAAph+LCAAAAAAAAP9tjTEOwjAUQ3+LOrAycohUwIiYukZZOEFoQkgb/V9+UtqJE3E17kBLJSY8WLYl673eUESGE7ETjcXWY6y96ELvpiQG4vYaaBANXURNGClYoeygyNhqqYqShUVZDisJa4t1oOjRJdjIRj90GTS68px42o4Scm/u8IRMTuSkOX3LyLC99SYS/jh/ATB2CfLdfrbD/Cw+y7kUycIAAAA=[0m[Pipeline] script
[8mha:////4GknIlwXYBN7Tt7BP84aBxURrad9kw4Tfy6wfkv3a8K7AAAApx+LCAAAAAAAAP9tjTEOwjAUQ3+LOrAycohUCDbE1DXKwglCE0La6P/yk9JOnIircQdaKjHhwbItWe/1hiIynIidaCy2HmPtRRd6NyUxELfXQINo6CJqwkjBCmUHRcZWS1WULCzKclhJWFusA0WPLsFGNvqhy6DRlefE03aUkHtzhydkciInzelbRobtrTeR8Mf5C4CxS5Dv9rMd5mfxAbNWnxXCAAAA[0m[Pipeline] {
[8mha:////4DlRsVUhAaQUFVDqJ/pI4oTMYXFdBwInqWQHqx8U8MPYAAAApB+LCAAAAAAAAP9tjTEOwjAQBC9BFLSUPOIiJKgQVVrLDS8wsTFOrDtjOyQVL+Jr/IFAJCq2WO1sM88XLFOEI0eLraHOUWocBt/baeHAsbt4HrDlMzZMib1BaQbJ2tQzSs4G5hQlLASsDDWekyObYS1adVeVV2SrU47TdxBQOn2DBxRiMmcV8xfGCJtrrxPTz/NXAGPIUG53n9qHN8W7Eii+AAAA[0m[Pipeline] sh
+ /usr/bin/git clone ssh://git@steps.everis.com:766/INNOVASEV/ScrumMeter.git -b Development
Cloning into 'ScrumMeter'...
Warning: Permanently added the ECDSA host key for IP address '[81.93.221.66]:766' to the list of known hosts.
Checking out files:   3% (149/4119)   Checking out files:   4% (165/4119)   Checking out files:   5% (206/4119)   Checking out files:   6% (248/4119)   Checking out files:   6% (283/4119)   Checking out files:   7% (289/4119)   Checking out files:   8% (330/4119)   Checking out files:   9% (371/4119)   Checking out files:  10% (412/4119)   Checking out files:  10% (422/4119)   Checking out files:  11% (454/4119)   Checking out files:  11% (494/4119)   Checking out files:  12% (495/4119)   Checking out files:  13% (536/4119)   Checking out files:  14% (577/4119)   Checking out files:  14% (597/4119)   Checking out files:  15% (618/4119)   Checking out files:  16% (660/4119)   Checking out files:  17% (701/4119)   Checking out files:  17% (734/4119)   Checking out files:  18% (742/4119)   Checking out files:  19% (783/4119)   Checking out files:  20% (824/4119)   Checking out files:  21% (865/4119)   Checking out files:  21% (866/4119)   Checking out files:  22% (907/4119)   Checking out files:  23% (948/4119)   Checking out files:  23% (958/4119)   Checking out files:  24% (989/4119)   Checking out files:  25% (1030/4119)   Checking out files:  26% (1071/4119)   Checking out files:  26% (1095/4119)   Checking out files:  27% (1113/4119)   Checking out files:  28% (1154/4119)   Checking out files:  29% (1195/4119)   Checking out files:  29% (1227/4119)   Checking out files:  30% (1236/4119)   Checking out files:  31% (1277/4119)   Checking out files:  32% (1319/4119)   Checking out files:  33% (1360/4119)   Checking out files:  33% (1362/4119)   Checking out files:  34% (1401/4119)   Checking out files:  35% (1442/4119)   Checking out files:  36% (1483/4119)   Checking out files:  36% (1500/4119)   Checking out files:  37% (1525/4119)   Checking out files:  38% (1566/4119)   Checking out files:  38% (1599/4119)   Checking out files:  39% (1607/4119)   Checking out files:  40% (1648/4119)   Checking out files:  41% (1689/4119)   Checking out files:  42% (1730/4119)   Checking out files:  42% (1751/4119)   Checking out files:  43% (1772/4119)   Checking out files:  44% (1813/4119)   Checking out files:  45% (1854/4119)   Checking out files:  45% (1873/4119)   Checking out files:  46% (1895/4119)   Checking out files:  47% (1936/4119)   Checking out files:  48% (1978/4119)   Checking out files:  48% (2003/4119)   Checking out files:  49% (2019/4119)   Checking out files:  50% (2060/4119)   Checking out files:  50% (2078/4119)   Checking out files:  51% (2101/4119)   Checking out files:  51% (2120/4119)   Checking out files:  52% (2142/4119)   Checking out files:  53% (2184/4119)   Checking out files:  54% (2225/4119)   Checking out files:  54% (2264/4119)   Checking out files:  55% (2266/4119)   Checking out files:  56% (2307/4119)   Checking out files:  57% (2348/4119)   Checking out files:  58% (2390/4119)   Checking out files:  58% (2397/4119)   Checking out files:  59% (2431/4119)   Checking out files:  60% (2472/4119)   Checking out files:  61% (2513/4119)   Checking out files:  61% (2531/4119)   Checking out files:  62% (2554/4119)   Checking out files:  63% (2595/4119)   Checking out files:  64% (2637/4119)   Checking out files:  64% (2675/4119)   Checking out files:  65% (2678/4119)   Checking out files:  66% (2719/4119)   Checking out files:  67% (2760/4119)   Checking out files:  67% (2799/4119)   Checking out files:  68% (2801/4119)   Checking out files:  69% (2843/4119)   Checking out files:  70% (2884/4119)   Checking out files:  71% (2925/4119)   Checking out files:  71% (2928/4119)   Checking out files:  72% (2966/4119)   Checking out files:  73% (3007/4119)   Checking out files:  74% (3049/4119)   Checking out files:  74% (3059/4119)   Checking out files:  75% (3090/4119)   Checking out files:  76% (3131/4119)   Checking out files:  77% (3172/4119)   Checking out files:  77% (3184/4119)   Checking out files:  78% (3213/4119)   Checking out files:  79% (3255/4119)   Checking out files:  80% (3296/4119)   Checking out files:  81% (3337/4119)   Checking out files:  81% (3339/4119)   Checking out files:  82% (3378/4119)   Checking out files:  83% (3419/4119)   Checking out files:  83% (3429/4119)   Checking out files:  84% (3460/4119)   Checking out files:  85% (3502/4119)   Checking out files:  85% (3506/4119)   Checking out files:  86% (3543/4119)   Checking out files:  87% (3584/4119)   Checking out files:  88% (3625/4119)   Checking out files:  88% (3650/4119)   Checking out files:  89% (3666/4119)   Checking out files:  89% (3698/4119)   Checking out files:  90% (3708/4119)   Checking out files:  91% (3749/4119)   Checking out files:  91% (3778/4119)   Checking out files:  92% (3790/4119)   Checking out files:  93% (3831/4119)   Checking out files:  94% (3872/4119)   Checking out files:  94% (3906/4119)   Checking out files:  95% (3914/4119)   Checking out files:  96% (3955/4119)   Checking out files:  97% (3996/4119)   Checking out files:  97% (4034/4119)   Checking out files:  98% (4037/4119)   Checking out files:  99% (4078/4119)   [8mha:////4I2j6sOm9sxXtekmpp5ob1zPO7hgj1KrjN42r7N1IDclAAAApR+LCAAAAAAAAP9tjTEOwjAQBC9BFLSUPOIiJESDqNJabniBiY1xYt0Z2yGpeBFf4w8EIlGxxWpnm3m+YJkiHDlabA11jlLjMPjeTgsHjt3F84Atn7FhSuwNSjNI1qaeUXI2MKcoYSFgZajxnBzZDGvRqruqvCJbnXKcvoOA0ukbPKAQkzmrmL8wRthce52Yfp6/AhhDhnK7+9Q+vAEG6D8DvgAAAA==[0m[Pipeline] sh
+ chown -R jenkins:jenkins /var/jenkins_home/jobs/AgileMeter/workspace/ScrumMeter/
[8mha:////4J3hbY0i+W80CtPhBy0Y4Jq7moIDbHL1aKwhQtU13ACiAAAApR+LCAAAAAAAAP9tjTEOwjAQBC9BFLSUPOIiJCQKRJXWcsMLTGyME+vO2A5JxYv4Gn8gEImKLVY728zzBcsU4cjRYmuoc5Qah8H3dlo4cOwungds+YwNU2JvUJpBsjb1jJKzgTlFCQsBK0ON5+TIZliLVt1V5RXZ6pTj9B0ElE7f4AGFmMxZxfyFMcLm2uvE9PP8FcAYQoZyu//U7g0YU4IMvgAAAA==[0m[Pipeline] }
[8mha:////4BO27am1+FXWZohJ6QceQtXH8wlcZ4Bo+vcDf1M0O8AKAAAApR+LCAAAAAAAAP9tjTEOwjAQBC9BFLSUPOIiRIOEqNJabniBiY1xYt0Z2yGpeBFf4w8EIlGxxWpnm3m+YJkiHDlabA11jlLjMPjeTgsHjt3F84Atn7FhSuwNSjNI1qaeUXI2MKcoYSFgZajxnBzZDGvRqruqvCJbnXKcvoOA0ukbPKAQkzmrmL8wRthce52Yfp6/AhhDyFBu95/avQFudLBjvgAAAA==[0m[Pipeline] // script
[8mha:////4CESTd+0fGBI0eXYAKEJbEksPPBemVF0O44raxq7MHzMAAAApB+LCAAAAAAAAP9tjTEOwjAQBC9BFLSUPOIi6BCiSmu54QUmNsaJdWdsh6TiRXyNPxCIRMUWq51t5vmCZYpw5GixNdQ5So3D4Hs7LRw4dhfPA7Z8xoYpsTcozSBZm3pGydnAnKKEhYCVocZzcmQzrEWr7qryimx1ynH6DgJKp2/wgEJM5qxi/sIYYXPtdWL6ef4KYAwhQ7ndf2r3Bl2X69++AAAA[0m[Pipeline] }
[8mha:////4D1bIVhQxccSX/B5DeXKSDnUFWGZwteltKnmQjVyuMbJAAAApB+LCAAAAAAAAP9tjTEOwjAQBC9BFLSUPMIhtIgqrZWGF5j4ME6sO2M7JBUv4mv8AYtIVGyx2tlmXm9YxwAnDkb0SIOl2Fnh3WjyEhOH4ep4Ej1fRMcU2aFocWpZY7NgywlhSVHCSsIGqXMcLZkEW9mrh6qcIlOdU8jfUUJp9R2eUMhsTiqkL8wBdrdRR6af568AZu8TlId9rrr+ALKNBVC+AAAA[0m[Pipeline] // stage
[8mha:////4JuqUBO/j3I+ITdVNQwutcewEHa+QP9/naTC3Asv8W6YAAAAph+LCAAAAAAAAP9tjTEOwjAQBM9BKWgpeYQjEB2iorXc8AITG+PEugv2haTiRXyNPxCIRMVWOyut5vmCMic4UPKycdgGzHWQXez91ORAqb1EGmRDZ1kTZopOajdosu44oyZ2MEcUsFCwdFhHygE9w0o15m6qaNBXJ07TtldQBHuDBwg1mdkk/sKYYH3tbSb8ef4KYOwYxI6h2G4+x/INji2eq8EAAAA=[0m[Pipeline] stage
[8mha:////4LGRbvf4iIskSIbUTaQbVGPeHwrRbuYSrfSrgYgUYO4EAAAAph+LCAAAAAAAAP9tjTEOwjAUQ3+DOrAycohUdEVMrFEXThCaEJJG/7dJSjpxIq7GHWipxIQHy7ZkvdcbyhjgRMFwp7GzGFvLez+aOfFMobt5ytzRlbeEkbzmjc4NKX1ea0NJw6qCwUbAVmPrKVo0CXbCyYesvERTXVKYt6MAZtUATyjETE4ypG+ZAuzvo4qEP85fAEx9AlYfFquXZ/kBAsTc3cIAAAA=[0m[Pipeline] { (Install package and build)
[8mha:////4MrbQb+nDYA/MPbBcuw7Kn4hLrTVaDi2r/jAD/X6w9cIAAAAph+LCAAAAAAAAP9tjTEOwjAUQ3+LOrAycohUKiNiYo2ycILQhJA0+r9NUtKJE3E17kBLJSY8WLYl673eUMUAJwqGOY2dxdha1vvRzIllCt3NU2aOrqwljOQ1EzoLUvq8VkFJw6qihA2HrcbWU7RoEuy4kw9Ze4mmvqQwb0cOpVUDPKHgMznJkL5lCrC/jyoS/jh/ATD1CcqmWeywPKsPpnFij8IAAAA=[0m[Pipeline] script
[8mha:////4Joovjes5jWxVYRhpZx6Ulg1fGylsTXilobnzXpvEnKFAAAApx+LCAAAAAAAAP9tjTEOwjAUQ3+LOrAycohUAjbE1DXKwglCE0La6P/yk9JOnIircQdaKjHhwbItWe/1hiIynIidaCy2HmPtRRd6NyUxELfXQINo6CJqwkjBCmUHRcZWS1WULCzKclhJWFusA0WPLsFGNvqhy6DRlefE03aUkHtzhydkciInzelbRobtrTeR8Mf5C4CxS5Dv9rMd5mfxAd6e6VPCAAAA[0m[Pipeline] {
[8mha:////4OC8W4Hfq/0+zWvViGpLhc8ZxhXqGAHwW7t7zXR7xvdGAAAApB+LCAAAAAAAAP9tjTEOwjAQBC9BFLSUPOIiIagQVVrLDS8wsTFOrDtjOyQVL+Jr/IFAJCq2WO1sM88XLFOEI0eLraHOUWocBt/baeHAsbt4HrDlMzZMib1BaQbJ2tQzSs4G5hQlLASsDDWekyObYS1adVeVV2SrU47TdxBQOn2DBxRiMmcV8xfGCJtrrxPTz/NXAGPIUG53n9qHN38C26S+AAAA[0m[Pipeline] sh
+ dotnet build /var/jenkins_home/jobs/AgileMeter/workspace/ScrumMeter/everisapi.API/
Microsoft (R) Build Engine version 16.1.76+g14b0a930a7 for .NET Core
Copyright (C) Microsoft Corporation. All rights reserved.

  Restore completed in 13.83 sec for /var/jenkins_home/jobs/AgileMeter/workspace/ScrumMeter/everisapi.API/everisapi.API.csproj.
  Restore completed in 13.98 sec for /var/jenkins_home/jobs/AgileMeter/workspace/ScrumMeter/everisapi.API/everisapi.API.csproj.
  everisapi.API -> /var/jenkins_home/jobs/AgileMeter/workspace/ScrumMeter/everisapi.API/bin/Debug/netcoreapp2.1/everisapi.API.dll

Build succeeded.
    0 Warning(s)
    0 Error(s)

Time Elapsed 00:00:22.78
[8mha:////4E8bjsD1sbi6HdF3NE2OY4GirCH6bi2OumVFO1YcUSICAAAApR+LCAAAAAAAAP9tjTEOwjAQBC9BFLSUPOIiIUSDqNJabniBiY1xYt0Z2yGpeBFf4w8EIlGxxWpnm3m+YJkiHDlabA11jlLjMPjeTgsHjt3F84Atn7FhSuwNSjNI1qaeUXI2MKcoYSFgZajxnBzZDGvRqruqvCJbnXKcvoOA0ukbPKAQkzmrmL8wRthce52Yfp6/AhhDyFBu95/avQHjyRvdvgAAAA==[0m[Pipeline] }
[8mha:////4FmEv8O6KmvEo0LCCq7AjO85t6XlE7hUJpwSnC31StIJAAAApR+LCAAAAAAAAP9tjTEOwjAQBC9BFLSUPOIiQUGBqNJabniBiY1xYt0Z2yGpeBFf4w8EIlGxxWpnm3m+YJkiHDlabA11jlLjMPjeTgsHjt3F84Atn7FhSuwNSjNI1qaeUXI2MKcoYSFgZajxnBzZDGvRqruqvCJbnXKcvoOA0ukbPKAQkzmrmL8wRthce52Yfp6/AhhDyFBu95/avQHljyOIvgAAAA==[0m[Pipeline] // script
[8mha:////4Jq2e6R8M/RLoNH/0sUr4QDfk8BKgHQoxDB2zm4mjWOrAAAApB+LCAAAAAAAAP9tjbEOwiAURV9rHFwd/QiadDIxTq6ExS/AFhFK3qNApZNf5K/5D6JNnLzDzT13Oc8XrGOAIwXNrMLBYOwM827SZbFMYbg6yszShXWEkZxiQmVBvTotKCgpWFLVsOKwUdg5igZ1gi238i4bJ1E35xTKd+BQm36EB1S8mJMM6QtzgN1t6iPhz/NXALP3Cep2/6n2DaYNcg6+AAAA[0m[Pipeline] }
[8mha:////4Klg7QWPJkMzGWyKqP5OCi7Q+n8TH0+OodC7p5qKXACnAAAApB+LCAAAAAAAAP9tjTEOwjAQBC9BFLSUPOIi6BCiSmu54QUmNsaJdWdsh6TiRXyNPxCIRMUWq51t5vmCZYpw5GixNdQ5So3D4Hs7LRw4dhfPA7Z8xoYpsTcozSBZm3pGydnAnKKEhYCVocZzcmQzrEWr7qryimx1ynH6DgJKp2/wgEJM5qxi/sIYYXPtdWL6ef4KYAwhQ7nbf2r7BrmPJ1y+AAAA[0m[Pipeline] // stage
[8mha:////4HAIXf+4l21B8LFSZ0+TeNuTUIUTb3RajUh4GoJhy/IiAAAAph+LCAAAAAAAAP9tjTEOwjAQBM9BKWgpeYSDBB2iorXc8AITG+PEugv2haTiRXyNPxCIRMVWOyut5vmCMic4UPKycdgGzHWQXez91ORAqb1EGmRDZ1kTZopOajdosu44oyZ2MEcUsFCwdFhHygE9w0o15m6qaNBXJ07TtldQBHuDBwg1mdkk/sKYYH3tbSb8ef4KYOwYxI6h2G4+x/INn/W1xsEAAAA=[0m[Pipeline] stage
[8mha:////4HxkvPCVdRDoA5ApKoc+Z9Iv7unf8O5K+hJeAT/5I4UYAAAAph+LCAAAAAAAAP9tjTEOwjAUQ3+LOrAycogUxIiYukZZOEFoQkgb/V9+UtqJE3E17kBLJSY8WLYl673eUESGE7ETjcXWY6y96ELvpiQG4vYaaBANXURNGClYoeygyNhqqYqShUVZDisJa4t1oOjRJdjIRj90GTS68px42o4Scm/u8IRMTuSkOX3LyLC99SYS/jh/ATB2CfLDbrb9/Cw+ty4Up8IAAAA=[0m[Pipeline] { (Build test)
[8mha:////4NqpqMgvYiINx/vkcNiAGzxIN9HZHnkVKb8FI6FGZTCrAAAAph+LCAAAAAAAAP9tjTEOwjAUQ3+LOrAycohUwIiYukZZOEFoQkgb/V9+UtqJE3E17kBLJSY8WLYl673eUESGE7ETjcXWY6y96ELvpiQG4vYaaBANXURNGClYoeygyNhqqYqShUVZDisJa4t1oOjRJdjIRj90GTS68px42o4Scm/u8IRMTuSkOX3LyLC99SYS/jh/ATB2CfLDbrb9/Cw+2YMO4MIAAAA=[0m[Pipeline] script
[8mha:////4MlRy6jc//KyGKI2wIajrwwneFwZFf6DW2VVwS4wa14TAAAAph+LCAAAAAAAAP9tjTEOwjAUQ3+DOrAycohUoiNiYo26cILQhJA0+r9NUtKJE3E17kBLJSY8WLYl673eUMYAJwqGO42dxdha3vvRzIlnCt3NU+aOrrwljOQ1b3RuSOnzWhtKGlYVDDYCthpbT9GiSbATTj5k5SWa6pLCvB0FMKsGeEIhZnKSIX3LFGB/H1Uk/HH+AmDqE7D6sFi9PMsPfTawssIAAAA=[0m[Pipeline] {
[8mha:////4FXQzKHGvLioIehRuXgZhVCuTlK0RyEHjeiyas0mqTN8AAAAox+LCAAAAAAAAP9tjTESwiAURH/iWNhaeghSxM6xsmVoPAEmiBDmfwJEUnkir+YdRDNj5RY7+7Z5zxesY4AjBc2swsFg7AzzbtJlsUxhuDrKzNKFdYSRnGJCZUG9Oi0oKClYUtWw4rBR2DmKBnWCLbfyLhsnUTfnFMp34FCbfoQHVLyYkwzpC3OA3W3qI+HP81cAs09Qt+2n9v4NGWcPtb4AAAA=[0m[Pipeline] sh
+ dotnet add /var/jenkins_home/jobs/AgileMeter/workspace/ScrumMeter/everisapiTest/everisapiTest.csproj package dotnet-reportgenerator-cli --version 4.2.2
  Writing /tmp/tmpTpm44d.tmp
info : Adding PackageReference for package 'dotnet-reportgenerator-cli' into project '/var/jenkins_home/jobs/AgileMeter/workspace/ScrumMeter/everisapiTest/everisapiTest.csproj'.
info : Restoring packages for /var/jenkins_home/jobs/AgileMeter/workspace/ScrumMeter/everisapiTest/everisapiTest.csproj...
info :   GET https://api.nuget.org/v3-flatcontainer/microsoft.net.test.sdk/index.json
info :   GET https://api.nuget.org/v3-flatcontainer/moq/index.json
info :   GET https://api.nuget.org/v3-flatcontainer/coverlet.msbuild/index.json
info :   GET https://api.nuget.org/v3-flatcontainer/xunit/index.json
info :   GET https://api.nuget.org/v3-flatcontainer/xunit.runner.visualstudio/index.json
info :   GET https://api.nuget.org/v3-flatcontainer/dotnet-reportgenerator-cli/index.json
info :   OK https://api.nuget.org/v3-flatcontainer/microsoft.net.test.sdk/index.json 948ms
info :   OK https://api.nuget.org/v3-flatcontainer/moq/index.json 807ms
info :   OK https://api.nuget.org/v3-flatcontainer/dotnet-reportgenerator-cli/index.json 805ms
info :   OK https://api.nuget.org/v3-flatcontainer/xunit/index.json 817ms
info :   GET https://api.nuget.org/v3-flatcontainer/moq/4.11.0/moq.4.11.0.nupkg
info :   GET https://api.nuget.org/v3-flatcontainer/dotnet-reportgenerator-cli/4.2.2/dotnet-reportgenerator-cli.4.2.2.nupkg
info :   GET https://api.nuget.org/v3-flatcontainer/microsoft.net.test.sdk/16.0.1/microsoft.net.test.sdk.16.0.1.nupkg
info :   GET https://api.nuget.org/v3-flatcontainer/xunit/2.4.0/xunit.2.4.0.nupkg
info :   OK https://api.nuget.org/v3-flatcontainer/coverlet.msbuild/index.json 876ms
info :   GET https://api.nuget.org/v3-flatcontainer/coverlet.msbuild/2.6.2/coverlet.msbuild.2.6.2.nupkg
info :   OK https://api.nuget.org/v3-flatcontainer/xunit.runner.visualstudio/index.json 876ms
info :   GET https://api.nuget.org/v3-flatcontainer/xunit.runner.visualstudio/2.4.0/xunit.runner.visualstudio.2.4.0.nupkg
info :   OK https://api.nuget.org/v3-flatcontainer/microsoft.net.test.sdk/16.0.1/microsoft.net.test.sdk.16.0.1.nupkg 20ms
info :   OK https://api.nuget.org/v3-flatcontainer/dotnet-reportgenerator-cli/4.2.2/dotnet-reportgenerator-cli.4.2.2.nupkg 21ms
info :   OK https://api.nuget.org/v3-flatcontainer/moq/4.11.0/moq.4.11.0.nupkg 55ms
info :   GET https://api.nuget.org/v3-flatcontainer/castle.core/index.json
info :   GET https://api.nuget.org/v3-flatcontainer/microsoft.testplatform.testhost/index.json
info :   GET https://api.nuget.org/v3-flatcontainer/microsoft.codecoverage/index.json
info :   OK https://api.nuget.org/v3-flatcontainer/xunit/2.4.0/xunit.2.4.0.nupkg 517ms
info :   OK https://api.nuget.org/v3-flatcontainer/xunit.runner.visualstudio/2.4.0/xunit.runner.visualstudio.2.4.0.nupkg 502ms
info :   GET https://api.nuget.org/v3-flatcontainer/xunit.core/index.json
info :   GET https://api.nuget.org/v3-flatcontainer/xunit.assert/index.json
info :   GET https://api.nuget.org/v3-flatcontainer/xunit.analyzers/index.json
info :   OK https://api.nuget.org/v3-flatcontainer/coverlet.msbuild/2.6.2/coverlet.msbuild.2.6.2.nupkg 522ms
info :   OK https://api.nuget.org/v3-flatcontainer/microsoft.testplatform.testhost/index.json 536ms
info :   GET https://api.nuget.org/v3-flatcontainer/microsoft.testplatform.testhost/16.0.1/microsoft.testplatform.testhost.16.0.1.nupkg
info :   OK https://api.nuget.org/v3-flatcontainer/castle.core/index.json 546ms
info :   GET https://api.nuget.org/v3-flatcontainer/castle.core/4.4.0/castle.core.4.4.0.nupkg
info :   OK https://api.nuget.org/v3-flatcontainer/microsoft.testplatform.testhost/16.0.1/microsoft.testplatform.testhost.16.0.1.nupkg 21ms
info :   OK https://api.nuget.org/v3-flatcontainer/castle.core/4.4.0/castle.core.4.4.0.nupkg 38ms
info :   CACHE https://api.nuget.org/v3-flatcontainer/system.diagnostics.tracesource/index.json
info :   GET https://api.nuget.org/v3-flatcontainer/system.diagnostics.tracesource/4.3.0/system.diagnostics.tracesource.4.3.0.nupkg
info :   OK https://api.nuget.org/v3-flatcontainer/system.diagnostics.tracesource/4.3.0/system.diagnostics.tracesource.4.3.0.nupkg 58ms
info :   OK https://api.nuget.org/v3-flatcontainer/microsoft.codecoverage/index.json 856ms
info :   GET https://api.nuget.org/v3-flatcontainer/microsoft.codecoverage/16.0.1/microsoft.codecoverage.16.0.1.nupkg
info :   OK https://api.nuget.org/v3-flatcontainer/xunit.core/index.json 540ms
info :   GET https://api.nuget.org/v3-flatcontainer/xunit.core/2.4.0/xunit.core.2.4.0.nupkg
info :   OK https://api.nuget.org/v3-flatcontainer/xunit.assert/index.json 543ms
info :   GET https://api.nuget.org/v3-flatcontainer/xunit.assert/2.4.0/xunit.assert.2.4.0.nupkg
info :   OK https://api.nuget.org/v3-flatcontainer/microsoft.codecoverage/16.0.1/microsoft.codecoverage.16.0.1.nupkg 87ms
info :   OK https://api.nuget.org/v3-flatcontainer/xunit.analyzers/index.json 630ms
info :   GET https://api.nuget.org/v3-flatcontainer/xunit.analyzers/0.10.0/xunit.analyzers.0.10.0.nupkg
info :   GET https://api.nuget.org/v3-flatcontainer/microsoft.testplatform.objectmodel/index.json
info :   CACHE https://api.nuget.org/v3-flatcontainer/microsoft.extensions.dependencymodel/index.json
info :   GET https://api.nuget.org/v3-flatcontainer/microsoft.extensions.dependencymodel/1.0.3/microsoft.extensions.dependencymodel.1.0.3.nupkg
info :   OK https://api.nuget.org/v3-flatcontainer/microsoft.extensions.dependencymodel/1.0.3/microsoft.extensions.dependencymodel.1.0.3.nupkg 58ms
info :   GET https://api.nuget.org/v3-flatcontainer/microsoft.dotnet.platformabstractions/index.json
info :   OK https://api.nuget.org/v3-flatcontainer/xunit.assert/2.4.0/xunit.assert.2.4.0.nupkg 526ms
info :   OK https://api.nuget.org/v3-flatcontainer/xunit.core/2.4.0/xunit.core.2.4.0.nupkg 533ms
info :   GET https://api.nuget.org/v3-flatcontainer/xunit.extensibility.core/index.json
info :   GET https://api.nuget.org/v3-flatcontainer/xunit.extensibility.execution/index.json
info :   OK https://api.nuget.org/v3-flatcontainer/xunit.analyzers/0.10.0/xunit.analyzers.0.10.0.nupkg 513ms
info :   OK https://api.nuget.org/v3-flatcontainer/microsoft.testplatform.objectmodel/index.json 492ms
info :   GET https://api.nuget.org/v3-flatcontainer/microsoft.testplatform.objectmodel/16.0.1/microsoft.testplatform.objectmodel.16.0.1.nupkg
info :   OK https://api.nuget.org/v3-flatcontainer/microsoft.testplatform.objectmodel/16.0.1/microsoft.testplatform.objectmodel.16.0.1.nupkg 16ms
info :   OK https://api.nuget.org/v3-flatcontainer/microsoft.dotnet.platformabstractions/index.json 527ms
info :   GET https://api.nuget.org/v3-flatcontainer/microsoft.dotnet.platformabstractions/1.0.3/microsoft.dotnet.platformabstractions.1.0.3.nupkg
info :   GET https://api.nuget.org/v3-flatcontainer/system.componentmodel.eventbasedasync/index.json
info :   GET https://api.nuget.org/v3-flatcontainer/system.diagnostics.textwritertracelistener/index.json
info :   OK https://api.nuget.org/v3-flatcontainer/xunit.extensibility.core/index.json 530ms
info :   GET https://api.nuget.org/v3-flatcontainer/xunit.extensibility.core/2.4.0/xunit.extensibility.core.2.4.0.nupkg
info :   OK https://api.nuget.org/v3-flatcontainer/microsoft.dotnet.platformabstractions/1.0.3/microsoft.dotnet.platformabstractions.1.0.3.nupkg 31ms
info :   OK https://api.nuget.org/v3-flatcontainer/xunit.extensibility.execution/index.json 538ms
info :   GET https://api.nuget.org/v3-flatcontainer/xunit.extensibility.execution/2.4.0/xunit.extensibility.execution.2.4.0.nupkg
info :   OK https://api.nuget.org/v3-flatcontainer/system.componentmodel.eventbasedasync/index.json 485ms
info :   GET https://api.nuget.org/v3-flatcontainer/system.componentmodel.eventbasedasync/4.0.11/system.componentmodel.eventbasedasync.4.0.11.nupkg
info :   OK https://api.nuget.org/v3-flatcontainer/system.componentmodel.eventbasedasync/4.0.11/system.componentmodel.eventbasedasync.4.0.11.nupkg 17ms
info :   OK https://api.nuget.org/v3-flatcontainer/system.diagnostics.textwritertracelistener/index.json 515ms
info :   OK https://api.nuget.org/v3-flatcontainer/xunit.extensibility.core/2.4.0/xunit.extensibility.core.2.4.0.nupkg 510ms
info :   GET https://api.nuget.org/v3-flatcontainer/system.diagnostics.textwritertracelistener/4.0.0/system.diagnostics.textwritertracelistener.4.0.0.nupkg
info :   OK https://api.nuget.org/v3-flatcontainer/xunit.extensibility.execution/2.4.0/xunit.extensibility.execution.2.4.0.nupkg 509ms
info :   OK https://api.nuget.org/v3-flatcontainer/system.diagnostics.textwritertracelistener/4.0.0/system.diagnostics.textwritertracelistener.4.0.0.nupkg 52ms
info :   GET https://api.nuget.org/v3-flatcontainer/xunit.abstractions/index.json
info :   OK https://api.nuget.org/v3-flatcontainer/xunit.abstractions/index.json 525ms
info :   GET https://api.nuget.org/v3-flatcontainer/xunit.abstractions/2.0.2/xunit.abstractions.2.0.2.nupkg
info :   OK https://api.nuget.org/v3-flatcontainer/xunit.abstractions/2.0.2/xunit.abstractions.2.0.2.nupkg 501ms
info : Installing xunit.abstractions 2.0.2.
info : Installing System.Diagnostics.TextWriterTraceListener 4.0.0.
info : Installing System.ComponentModel.EventBasedAsync 4.0.11.
info : Installing Microsoft.DotNet.PlatformAbstractions 1.0.3.
info : Installing xunit.extensibility.core 2.4.0.
info : Installing xunit.extensibility.execution 2.4.0.
info : Installing Microsoft.TestPlatform.ObjectModel 16.0.1.
info : Installing Microsoft.Extensions.DependencyModel 1.0.3.
info : Installing System.Diagnostics.TraceSource 4.3.0.
info : Installing xunit.core 2.4.0.
info : Installing xunit.analyzers 0.10.0.
info : Installing xunit.assert 2.4.0.
info : Installing Microsoft.TestPlatform.TestHost 16.0.1.
info : Installing Microsoft.CodeCoverage 16.0.1.
info : Installing Castle.Core 4.4.0.
info : Installing xunit 2.4.0.
info : Installing xunit.runner.visualstudio 2.4.0.
info : Installing dotnet-reportgenerator-cli 4.2.2.
info : Installing Microsoft.NET.Test.Sdk 16.0.1.
info : Installing Moq 4.11.0.
info : Installing coverlet.msbuild 2.6.2.
info : Package 'dotnet-reportgenerator-cli' is compatible with all the specified frameworks in project '/var/jenkins_home/jobs/AgileMeter/workspace/ScrumMeter/everisapiTest/everisapiTest.csproj'.
info : PackageReference for package 'dotnet-reportgenerator-cli' version '4.2.2' added to file '/var/jenkins_home/jobs/AgileMeter/workspace/ScrumMeter/everisapiTest/everisapiTest.csproj'.
info : Committing restore...
info : Generating MSBuild file /var/jenkins_home/jobs/AgileMeter/workspace/ScrumMeter/everisapiTest/obj/everisapiTest.csproj.nuget.g.props.
info : Generating MSBuild file /var/jenkins_home/jobs/AgileMeter/workspace/ScrumMeter/everisapiTest/obj/everisapiTest.csproj.nuget.g.targets.
info : Writing assets file to disk. Path: /var/jenkins_home/jobs/AgileMeter/workspace/ScrumMeter/everisapiTest/obj/project.assets.json
log  : Restore completed in 6.11 sec for /var/jenkins_home/jobs/AgileMeter/workspace/ScrumMeter/everisapiTest/everisapiTest.csproj.
[8mha:////4DT1ovxcON39guU/2uI6pWG5GGOXQLa8aqYhFjV/TcXGAAAAox+LCAAAAAAAAP9tjTESwiAURH/iWNhaeghSZKwcK1uGxhNggghh/idAJJUn8mreQTQzVm6xs2+b93zBOgY4UtDMKhwMxs4w7yZdFssUhqujzCxdWEcYySkmVBbUq9OCgpKCJVUNKw4bhZ2jaFAn2HIr77JxEnVzTqF8Bw616Ud4QMWLOcmQvjAH2N2mPhL+PH8FMPsEddt+au/fWFYUrL4AAAA=[0m[Pipeline] sh
+ dotnet build /var/jenkins_home/jobs/AgileMeter/workspace/ScrumMeter/everisapiTest/
Microsoft (R) Build Engine version 16.1.76+g14b0a930a7 for .NET Core
Copyright (C) Microsoft Corporation. All rights reserved.

  Restore completed in 45.65 ms for /var/jenkins_home/jobs/AgileMeter/workspace/ScrumMeter/everisapi.API/everisapi.API.csproj.
  Restore completed in 45.64 ms for /var/jenkins_home/jobs/AgileMeter/workspace/ScrumMeter/everisapiTest/everisapiTest.csproj.
  Restore completed in 14.59 ms for /var/jenkins_home/jobs/AgileMeter/workspace/ScrumMeter/everisapi.API/everisapi.API.csproj.
  Restore completed in 2.93 sec for /var/jenkins_home/jobs/AgileMeter/workspace/ScrumMeter/everisapiTest/everisapiTest.csproj.
  everisapi.API -> /var/jenkins_home/jobs/AgileMeter/workspace/ScrumMeter/everisapi.API/bin/Debug/netcoreapp2.1/everisapi.API.dll
  everisapiTest -> /var/jenkins_home/jobs/AgileMeter/workspace/ScrumMeter/everisapiTest/bin/Debug/netcoreapp2.1/everisapiTest.dll

Build succeeded.
    0 Warning(s)
    0 Error(s)

Time Elapsed 00:00:07.71
[8mha:////4H4HlLv2oFTmVqUVl6JwoPeZR8qMrc9LYz5q4kGk/fQTAAAApB+LCAAAAAAAAP9tjTESwiAURH/iWNhaeghSZMbGsbJlaDwBJogQ5n8CRFJ5Iq/mHUQzY+UWO/u2ec8XrGOAIwXNrMLBYOwM827SZbFMYbg6yszShXWEkZxiQmVBvTotKCgpWFLVsOKwUdg5igZ1gi238i4bJ1E35xTKd+BQm36EB1S8mJMM6QtzgN1t6iPhz/NXALP3Cep2/6n2DbVmE/y+AAAA[0m[Pipeline] }
[8mha:////4P/IQZH1YJl0Pz3S5uNGrHfwcQNQgba020rXlhDCmA7GAAAApR+LCAAAAAAAAP9tjTEOwjAQBC9BFLSUPOIiQUGBqNJabniBiY1xYt0Z2yGpeBFf4w8EIlGxxWpnm3m+YJkiHDlabA11jlLjMPjeTgsHjt3F84Atn7FhSuwNSjNI1qaeUXI2MKcoYSFgZajxnBzZDGvRqruqvCJbnXKcvoOA0ukbPKAQkzmrmL8wRthce52Yfp6/AhhDyFDu9p/avgGGhUhAvgAAAA==[0m[Pipeline] // script
[8mha:////4K1pQkWHmbJ070Yu4JuTw8y3sDvKN/eY9oKfyzE9UFVOAAAApR+LCAAAAAAAAP9tjTEOwjAQBC9BFLSUPOIiRIOEqNJabniBiY1xYt0Z2yGpeBFf4w8EIlGxxWpnm3m+YJkiHDlabA11jlLjMPjeTgsHjt3F84Atn7FhSuwNSjNI1qaeUXI2MKcoYSFgZajxnBzZDGvRqruqvCJbnXKcvoOA0ukbPKAQkzmrmL8wRthce52Yfp6/AhhDyFDu9p/avgHpZhcovgAAAA==[0m[Pipeline] }
[8mha:////4DS2wO6w2LSAjXKfrt8UslISa8RbEwS2MepG4qLlClPwAAAApB+LCAAAAAAAAP9tjTEOwjAQBC9BFLSUPOKCRIUQVVrLDS8wsTFOrDtjOyQVL+Jr/IFAJCq2WO1sM88XLFOEI0eLraHOUWocBt/baeHAsbt4HrDlMzZMib1BaQbJ2tQzSs4G5hQlLASsDDWekyObYS1adVeVV2SrU47TdxBQOn2DBxRiMmcV8xfGCJtrrxPTz/NXAGMIGcrd/lPbN9qFTJS+AAAA[0m[Pipeline] // stage
[8mha:////4Ae55ZRW2kAMSB6SyyAB3jWPOTCo9kVDYKljrrKLrEftAAAAph+LCAAAAAAAAP9tjTEOwjAQBM9BKWgpeYRDkQ5R0VpueIFJjHFi3QX7QlLxIr7GHzBEomKrnZVW83xBmSIcKDrZWew9psbLIYwuNzlR7C+BJtnRWTaEiYKV2k6aWntcUBNbWCIKWClYW2wCJY+OYaM6czdVMOiqE8e87RUUvr3BA4TKZjaRvzBH2F7HNhH+PH8FMA8MomYo6t3nWL4BEcsSA8EAAAA=[0m[Pipeline] stage
[8mha:////4BxmI2HR5SQsdDUmEUQ+xXiexYePeEiYFi+Ebw8B8Yw+AAAApx+LCAAAAAAAAP9tjTEOwjAUQ3+LOrAycogUJDbE1DXKwglCE0La6P/yk9JOnIircQdaKjHhwbItWe/1hiIynIidaCy2HmPtRRd6NyUxELfXQINo6CJqwkjBCmUHRcZWS1WULCzKclhJWFusA0WPLsFGNvqhy6DRlefE03aUkHtzhydkciInzelbRobtrTeR8Mf5C4CxS5AfdrPt52fxAbb5KxbCAAAA[0m[Pipeline] { (Execute test)
[8mha:////4Gg/vwBJt1iNXM2AEETehpuX+35suRkt8gBfsGr3LCz8AAAApx+LCAAAAAAAAP9tjTEOwjAUQ3+LOrAycohUIDbE1DXKwglCE0La6P/yk9JOnIircQdaKjHhwbItWe/1hiIynIidaCy2HmPtRRd6NyUxELfXQINo6CJqwkjBCmUHRcZWS1WULCzKclhJWFusA0WPLsFGNvqhy6DRlefE03aUkHtzhydkciInzelbRobtrTeR8Mf5C4CxS5AfdrPt52fxAdhUMVHCAAAA[0m[Pipeline] script
[8mha:////4DwvG3v9PmxDRG6TQYdnMqnEKNY5ALtVlYFd7QxHPyU4AAAApx+LCAAAAAAAAP9tjTEOwjAUQ3+LOrAycohUAjbE1DXKwglCE0La6P/yk9JOnIircQdaKjHhwbItWe/1hiIynIidaCy2HmPtRRd6NyUxELfXQINo6CJqwkjBCmUHRcZWS1WULCzKclhJWFusA0WPLsFGNvqhy6DRlefE03aUkHtzhydkciInzelbRobtrTeR8Mf5C4CxS5AfdrPt52fxAXzhjwPCAAAA[0m[Pipeline] {
[8mha:////4BIXlNbA0UPZwGywmHrRGsJOq6hWpBlnoBqHcOSFRdZDAAAAox+LCAAAAAAAAP9tjTEOwjAQBC9BFLSUPOJSkA5R0VppeIFJjLFj3Tm2g1PxIr7GHwhEomKL1c4283zBOgY4ctBoFfWGYmvQu1HPCzOH/uo4o+ULtkyRncJG5YY7dVqw4aRgSVHCSsBGUes4GtIJtsLKu6ycJF2dU5i/g4DSdAM8oBCzOcmQvjAF2N3GLjL9PH8FMPkEZb3/VO3fhXiFur4AAAA=[0m[Pipeline] sh
+ dotnet test /var/jenkins_home/jobs/AgileMeter/workspace/ScrumMeter/everisapiTest/everisapiTest.csproj /p:CollectCoverage=true /p:CoverletOutputFormat=opencover /p:CoverletOutput=/var/jenkins_home/jobs/AgileMeter/workspace/ScrumMeter/everisapiTest/TestResult/ /p:Exclude=[xunit*]*
Test run for /var/jenkins_home/jobs/AgileMeter/workspace/ScrumMeter/everisapiTest/bin/Debug/netcoreapp2.1/everisapiTest.dll(.NETCoreApp,Version=v2.1)
Microsoft (R) Test Execution Command Line Tool Version 16.1.0
Copyright (c) Microsoft Corporation.  All rights reserved.

Starting test execution, please wait...

Test Run Successful.
Total tests: 76
     Passed: 76
 Total time: 4.4554 Seconds

Calculating coverage result...
  Generating report '/var/jenkins_home/jobs/AgileMeter/workspace/ScrumMeter/everisapiTest/TestResult/coverage.opencover.xml'

+---------------+-------+--------+--------+
| Module        | Line  | Branch | Method |
+---------------+-------+--------+--------+
| everisapi.API | 4.46% | 4.74%  | 19.06% |
+---------------+-------+--------+--------+

+---------+-------+--------+--------+
|         | Line  | Branch | Method |
+---------+-------+--------+--------+
| Total   | 4.46% | 4.74%  | 19.06% |
+---------+-------+--------+--------+
| Average | 4.46% | 4.74%  | 19.06% |
+---------+-------+--------+--------+

[8mha:////4Cd/AiHSxIy2RCxez7QiHOimo+4LGY9g2DvpC+P/tKeVAAAApB+LCAAAAAAAAP9tjTEOwjAQBC9BFLSUPOJSABWiSmu54QUmNsaJdWdsh6TiRXyNPxCIRMUWq51t5vmCZYpw5GixNdQ5So3D4Hs7LRw4dhfPA7Z8xoYpsTcozSBZm3pGydnAnKKEhYCVocZzcmQzrEWr7qryimx1ynH6DgJKp2/wgEJM5qxi/sIYYXPtdWL6ef4KYAwZyt32U/vwBsRJnqO+AAAA[0m[Pipeline] sh
+ cd /var/jenkins_home/jobs/AgileMeter/workspace/ScrumMeter/everisapiTest/
+ dotnet reportgenerator everisapiTest.csproj -reports:./TestResult/coverage.opencover.xml -targetdir:./TestResults/Reports -reporttypes:HTML
Loading report '/var/jenkins_home/jobs/AgileMeter/workspace/ScrumMeter/everisapiTest/./TestResult/coverage.opencover.xml'
 Preprocessing report
 Initiating parser for OpenCover
  Current Assembly: everisapi.API
Coverage report parsing took 0.3 seconds
Initializing report builders for report types: HTML
Analyzing 101 classes
 Creating report 3/101 (Assembly: everisapi.API, Class: everisapi.API.AsignacionInfoContextExtensions)
 Creating report 3/101 (Assembly: everisapi.API, Class: everisapi.API.Controllers.AsignacionController)
 Creating report 3/101 (Assembly: everisapi.API, Class: everisapi.API.Controllers.EvaluacionController)
 Creating report 5/101 (Assembly: everisapi.API, Class: everisapi.API.Controllers.LineaController)
 Creating report 5/101 (Assembly: everisapi.API, Class: everisapi.API.Controllers.OficinaController)
 Creating report 6/101 (Assembly: everisapi.API, Class: everisapi.API.Controllers.PreguntasController)
 Creating report 7/101 (Assembly: everisapi.API, Class: everisapi.API.Controllers.ProyectosController)
 Creating report 8/101 (Assembly: everisapi.API, Class: everisapi.API.Controllers.RespuestaController)
 Creating report 9/101 (Assembly: everisapi.API, Class: everisapi.API.Controllers.SectionController)
 Creating report 10/101 (Assembly: everisapi.API, Class: everisapi.API.Controllers.TokenController)
 Creating report 11/101 (Assembly: everisapi.API, Class: everisapi.API.Controllers.UsersController)
 Creating report 12/101 (Assembly: everisapi.API, Class: everisapi.API.Entities.AsignacionInfoContext)
 Creating report 13/101 (Assembly: everisapi.API, Class: everisapi.API.Controllers.UnidadController)
 Creating report 14/101 (Assembly: everisapi.API, Class: everisapi.API.Entities.AsignacionEntity)
 Creating report 15/101 (Assembly: everisapi.API, Class: everisapi.API.Entities.AssessmentEntity)
 Creating report 16/101 (Assembly: everisapi.API, Class: everisapi.API.Entities.EvaluacionEntity)
 Creating report 17/101 (Assembly: everisapi.API, Class: everisapi.API.Entities.NotasAsignacionesEntity)
 Creating report 18/101 (Assembly: everisapi.API, Class: everisapi.API.Entities.OficinaEntity)
 Creating report 19/101 (Assembly: everisapi.API, Class: everisapi.API.Entities.LineaEntity)
 Creating report 20/101 (Assembly: everisapi.API, Class: everisapi.API.Entities.NotasSectionsEntity)
 Creating report 21/101 (Assembly: everisapi.API, Class: everisapi.API.Entities.PreguntaEntity)
 Creating report 22/101 (Assembly: everisapi.API, Class: everisapi.API.Entities.ProyectoEntity)
 Creating report 23/101 (Assembly: everisapi.API, Class: everisapi.API.Entities.RoleEntity)
 Creating report 24/101 (Assembly: everisapi.API, Class: everisapi.API.Entities.UnidadEntity)
 Creating report 25/101 (Assembly: everisapi.API, Class: everisapi.API.Entities.RespuestaEntity)
 Creating report 26/101 (Assembly: everisapi.API, Class: everisapi.API.Entities.SectionEntity)
 Creating report 27/101 (Assembly: everisapi.API, Class: everisapi.API.Entities.UserEntity)
 Creating report 28/101 (Assembly: everisapi.API, Class: everisapi.API.Entities.UserProyectoEntity)
 Creating report 29/101 (Assembly: everisapi.API, Class: everisapi.API.Migrations.AddLastQuestionUpdate)
 Creating report 30/101 (Assembly: everisapi.API, Class: everisapi.API.Migrations.AÃ±adirPesosASecciones)
 Creating report 31/101 (Assembly: everisapi.API, Class: everisapi.API.Entities.User_RoleEntity)
 Creating report 32/101 (Assembly: everisapi.API, Class: everisapi.API.Migrations.AddAssessments)
 Creating report 33/101 (Assembly: everisapi.API, Class: everisapi.API.Migrations.AddTableOficinaUnidad_Linea)
 Creating report 34/101 (Assembly: everisapi.API, Class: everisapi.API.Migrations.AsignacionInfoContextModelSnapshot)
 Creating report 35/101 (Assembly: everisapi.API, Class: everisapi.API.Migrations.AddColumnCodigoProyecto)
 Creating report 36/101 (Assembly: everisapi.API, Class: everisapi.API.Migrations.LinkAssessmentWithSections)
 Creating report 37/101 (Assembly: everisapi.API, Class: everisapi.API.Migrations.AddUserNameToEvaluation)
 Creating report 38/101 (Assembly: everisapi.API, Class: everisapi.API.Migrations.ModificacionTablaProyectos)
 Creating report 39/101 (Assembly: everisapi.API, Class: everisapi.API.Migrations.LinkEvaluationsWithAssessments)
 Creating report 40/101 (Assembly: everisapi.API, Class: everisapi.API.Migrations.AddUserProyecto)
 Creating report 41/101 (Assembly: everisapi.API, Class: everisapi.API.Migrations.NivelPreguntas)
 Creating report 42/101 (Assembly: everisapi.API, Class: everisapi.API.Migrations.PreguntaHabilitante)
 Creating report 43/101 (Assembly: everisapi.API, Class: everisapi.API.Models.AsignacionConNotasDto)
 Creating report 44/101 (Assembly: everisapi.API, Class: everisapi.API.Models.AsignacionConPreguntaNivelDto)
 Creating report 45/101 (Assembly: everisapi.API, Class: everisapi.API.Migrations.NombreCompleto_Activo)
 Creating report 46/101 (Assembly: everisapi.API, Class: everisapi.API.Migrations.RemoveUserRoles)
 Creating report 47/101 (Assembly: everisapi.API, Class: everisapi.API.Models.AsignacionCreateUpdateDto)
 Creating report 48/101 (Assembly: everisapi.API, Class: everisapi.API.Migrations.PesoIntToFloat)
 Creating report 49/101 (Assembly: everisapi.API, Class: everisapi.API.Models.AsignacionDto)
 Creating report 50/101 (Assembly: everisapi.API, Class: everisapi.API.Migrations.SectionPesosNiveles)
 Creating report 51/101 (Assembly: everisapi.API, Class: everisapi.API.Models.AsignacionInfoDto)
 Creating report 52/101 (Assembly: everisapi.API, Class: everisapi.API.Models.Equipos)
 Creating report 53/101 (Assembly: everisapi.API, Class: everisapi.API.Migrations.TestProyects)
 Creating report 54/101 (Assembly: everisapi.API, Class: everisapi.API.Models.AsignacionSinPreguntasDto)
 Creating report 55/101 (Assembly: everisapi.API, Class: everisapi.API.Models.EvaluacionCreateUpdateDto)
 Creating report 56/101 (Assembly: everisapi.API, Class: everisapi.API.Models.EvaluacionInfoPaginationDto)
 Creating report 57/101 (Assembly: everisapi.API, Class: everisapi.API.Models.AsignacionUpdateNotasDto)
 Creating report 58/101 (Assembly: everisapi.API, Class: everisapi.API.Models.EvaluacionDto)
 Creating report 59/101 (Assembly: everisapi.API, Class: everisapi.API.Models.EvaluacionInfoWithProgressDto)
 Creating report 60/101 (Assembly: everisapi.API, Class: everisapi.API.Models.AssessmentDto)
 Creating report 61/101 (Assembly: everisapi.API, Class: everisapi.API.Models.EvaluacionInfoDto)
 Creating report 62/101 (Assembly: everisapi.API, Class: everisapi.API.Models.EvaluacionInfoWithSectionsDto)
 Creating report 63/101 (Assembly: everisapi.API, Class: everisapi.API.Models.Linea)
 Creating report 64/101 (Assembly: everisapi.API, Class: everisapi.API.Models.ProyectoCreateUpdateDto)
 Creating report 65/101 (Assembly: everisapi.API, Class: everisapi.API.Models.EvaluacionesWithoutRespuestasDto)
 Creating report 66/101 (Assembly: everisapi.API, Class: everisapi.API.Models.Oficina)
 Creating report 67/101 (Assembly: everisapi.API, Class: everisapi.API.Models.ProyectoDto)
 Creating report 68/101 (Assembly: everisapi.API, Class: everisapi.API.Models.SectionDto)
 Creating report 69/101 (Assembly: everisapi.API, Class: everisapi.API.Models.PreguntaCreateDto)
 Creating report 70/101 (Assembly: everisapi.API, Class: everisapi.API.Models.ProyectoWithEvaluacionesDto)
 Creating report 71/101 (Assembly: everisapi.API, Class: everisapi.API.Models.SectionInfoDto)
 Creating report 72/101 (Assembly: everisapi.API, Class: everisapi.API.Models.PreguntaDto)
 Creating report 73/101 (Assembly: everisapi.API, Class: everisapi.API.Models.RespuestaConNotasDto)
 Creating report 74/101 (Assembly: everisapi.API, Class: everisapi.API.Models.SectionWithNotasDto)
 Creating report 75/101 (Assembly: everisapi.API, Class: everisapi.API.Models.PreguntaRespuestaNivelDto)
 Creating report 76/101 (Assembly: everisapi.API, Class: everisapi.API.Models.RespuestaConUserDto)
 Creating report 77/101 (Assembly: everisapi.API, Class: everisapi.API.Models.SectionWithoutAreaDto)
 Creating report 78/101 (Assembly: everisapi.API, Class: everisapi.API.Models.PreguntaUpdateDto)
 Creating report 79/101 (Assembly: everisapi.API, Class: everisapi.API.Models.RespuestaDto)
 Creating report 80/101 (Assembly: everisapi.API, Class: everisapi.API.Models.Unidad)
 Creating report 81/101 (Assembly: everisapi.API, Class: everisapi.API.Models.PreguntaWithOneRespuestasDto)
 Creating report 82/101 (Assembly: everisapi.API, Class: everisapi.API.Models.RoleDto)
 Creating report 83/101 (Assembly: everisapi.API, Class: everisapi.API.Models.UserProyectoDto)
 Creating report 84/101 (Assembly: everisapi.API, Class: everisapi.API.Models.PreguntaWithRespuestasDto)
 Creating report 85/101 (Assembly: everisapi.API, Class: everisapi.API.Models.SectionConAsignacionesDto)
 Creating report 86/101 (Assembly: everisapi.API, Class: everisapi.API.Models.User_RoleCreateDto)
 Creating report 87/101 (Assembly: everisapi.API, Class: everisapi.API.Models.UsersDto)
 Creating report 88/101 (Assembly: everisapi.API, Class: everisapi.API.Services.RespuestasInfoRepository)
 Creating report 89/101 (Assembly: everisapi.API, Class: everisapi.API.Models.User_RoleDto)
 Creating report 90/101 (Assembly: everisapi.API, Class: everisapi.API.Models.UsersSinProyectosDto)
 Creating report 91/101 (Assembly: everisapi.API, Class: everisapi.API.Services.SectionsInfoRepository)
 Creating report 92/101 (Assembly: everisapi.API, Class: everisapi.API.Models.UsersWithRolesDto)
 Creating report 93/101 (Assembly: everisapi.API, Class: everisapi.API.Services.UnidadInfoRepository)
 Creating report 94/101 (Assembly: everisapi.API, Class: everisapi.API.Program)
 Creating report 95/101 (Assembly: everisapi.API, Class: everisapi.API.Services.UsersInfoRespository)
 Creating report 96/101 (Assembly: everisapi.API, Class: everisapi.API.Services.AsignacionInfoRepository)
 Creating report 97/101 (Assembly: everisapi.API, Class: everisapi.API.Startup)
 Creating report 98/101 (Assembly: everisapi.API, Class: everisapi.API.Services.EvaluacionInfoRepository)
 Creating report 99/101 (Assembly: everisapi.API, Class: everisapi.API.everisprojectdbContext)
 Creating report 100/101 (Assembly: everisapi.API, Class: everisapi.API.Services.LineaInfoRepository)
 Creating report 101/101 (Assembly: everisapi.API, Class: everisapi.API.Services.OficinaInfoRepository)
 Creating summary
Report generation took 2.5 seconds
[8mha:////4JheRZB+/esOMUqVOHdKQaRYB1VQubiSdJ2yinhLjHJkAAAApB+LCAAAAAAAAP9tjTEOwjAQBC9BFLSUPOJSgGgQVVrLDS8wsTFOrDtjOyQVL+Jr/IFAJCq2WO1sM88XLFOEI0eLraHOUWocBt/baeHAsbt4HrDlMzZMib1BaQbJ2tQzSs4G5hQlLASsDDWekyObYS1adVeVV2SrU47TdxBQOn2DBxRiMmcV8xfGCJtrrxPTz/NXAGMIGcrd/lPbN/zO9Xa+AAAA[0m[Pipeline] }
[8mha:////4FMEaCnow1dA2ikF6YrXHuKw00SMI6qpZxxNu/HLDbcxAAAApR+LCAAAAAAAAP9tjTEOwjAQBC9BFLSUPOIiISQKRJXWcsMLTGyME+vO2A5JxYv4Gn8gEImKLVY728zzBcsU4cjRYmuoc5Qah8H3dlo4cOwungds+YwNU2JvUJpBsjb1jJKzgTlFCQsBK0ON5+TIZliLVt1V5RXZ6pTj9B0ElE7f4AGFmMxZxfyFMcLm2uvE9PP8FcAYQoZyt//U9g3PLa7KvgAAAA==[0m[Pipeline] // script
[8mha:////4EHTgqfCiemPPDlEtgQizL3xjIf+PKU/kLsmOTEjz5OXAAAApR+LCAAAAAAAAP9tjTEOwjAQBC9BFLSUPOIiJAokRJXWcsMLTGyME+vO2A5JxYv4Gn8gEImKLVY728zzBcsU4cjRYmuoc5Qah8H3dlo4cOwungds+YwNU2JvUJpBsjb1jJKzgTlFCQsBK0ON5+TIZliLVt1V5RXZ6pTj9B0ElE7f4AGFmMxZxfyFMcLm2uvE9PP8FcAYQoZyt//U9g2gzvGivgAAAA==[0m[Pipeline] }
[8mha:////4GwYxakuxZAwfzUtB7tK1O01fCQFU+sZisuG09TbSn8iAAAApB+LCAAAAAAAAP9tjTEOwjAQBC9BFLSUPOJCQYMQVVrLDS8wsTFOrDtjOyQVL+Jr/IFAJCq2WO1sM88XLFOEI0eLraHOUWocBt/baeHAsbt4HrDlMzZMib1BaQbJ2tQzSs4G5hQlLASsDDWekyObYS1adVeVV2SrU47TdxBQOn2DBxRiMmcV8xfGCJtrrxPTz/NXAGMIGcrd/lPbN5Mtqh6+AAAA[0m[Pipeline] // stage
[8mha:////4PVEgeeFSnQBio/DkrxJUOhiHSFNVLUpMV22E7iBS33dAAAAph+LCAAAAAAAAP9tjTEOwjAQBM9BKWgpeYRDARWiorXc8AITG+PEugv2haTiRXyNPxCIRMVWOyut5vmCMic4UPKycdgGzHWQXez91ORAqb1EGmRDZ1kTZopOajdosu44oyZ2MEcUsFCwdFhHygE9w0o15m6qaNBXJ07TtldQBHuDBwg1mdkk/sKYYH3tbSb8ef4KYOwYxJah2G0+x/INpcBlpcEAAAA=[0m[Pipeline] stage
[8mha:////4CwsA75Qfd+DgjdLFw3Oe+s7U+d+mqBydD83zrZMdpheAAAApx+LCAAAAAAAAP9tjTEOwjAUQ3+LOrAycogUBibE1DXKwglCE0La6P/yk9JOnIircQdaKjHhwbItWe/1hiIynIidaCy2HmPtRRd6NyUxELfXQINo6CJqwkjBCmUHRcZWS1WULCzKclhJWFusA0WPLsFGNvqhy6DRlefE03aUkHtzhydkciInzelbRobtrTeR8Mf5C4CxS5AfdrPt52fxAW2++SvCAAAA[0m[Pipeline] { (Sonarqube)
[8mha:////4AN/Z2NiibFBb1cfFEkwQX2mgsrePQ0+KZbw1xui56QFAAAApx+LCAAAAAAAAP9tjTEOwjAUQ3+LOrAycohUIDEhpq5RFk4QmhDSRv+Xn5R24kRcjTvQUokJD5ZtyXqvNxSR4UTsRGOx9RhrL7rQuymJgbi9BhpEQxdRE0YKVig7KDK2WqqiZGFRlsNKwtpiHSh6dAk2stEPXQaNrjwnnrajhNybOzwhkxM5aU7fMjJsb72JhD/OXwCMXYL8sJttPz+LDwMT42zCAAAA[0m[Pipeline] script
[8mha:////4LxorJM4F8ghXIbIgSH3wsiSIOTMIvZBgO3DzKMDXU/NAAAApx+LCAAAAAAAAP9tjTEOwjAUQ3+LOrAycohUAjEhpq5RFk4QmhDSRv+Xn5R24kRcjTvQUokJD5ZtyXqvNxSR4UTsRGOx9RhrL7rQuymJgbi9BhpEQxdRE0YKVig7KDK2WqqiZGFRlsNKwtpiHSh6dAk2stEPXQaNrjwnnrajhNybOzwhkxM5aU7fMjJsb72JhD/OXwCMXYL8sJttPz+LD6emXT7CAAAA[0m[Pipeline] {
[8mha:////4CrpxcL5tBXRZPmgonL3r2W1eex5xczJIi+TtHmAi49mAAAApB+LCAAAAAAAAP9tjTEOwjAQBC9BFLSUPOJSABWiSmu54QUmNsaJdWdsh6TiRXyNPxCIRMUWq51t5vmCZYpw5GixNdQ5So3D4Hs7LRw4dhfPA7Z8xoYpsTcozSBZm3pGydnAnKKEhYCVocZzcmQzrEWr7qryimx1ynH6DgJKp2/wgEJM5qxi/sIYYXPtdWL6ef4KYAwZyv32U7vwBiwS7Xe+AAAA[0m[Pipeline] sh
+ cd /var/jenkins_home/jobs/AgileMeter/workspace/ScrumMeter
+ dotnet restore
  Restore completed in 107.92 ms for /var/jenkins_home/jobs/AgileMeter/workspace/ScrumMeter/everisapiTest/everisapiTest.csproj.
  Restore completed in 16.51 ms for /var/jenkins_home/jobs/AgileMeter/workspace/ScrumMeter/everisapi.API/everisapi.API.csproj.
  Restore completed in 42.22 ms for /var/jenkins_home/jobs/AgileMeter/workspace/ScrumMeter/everisapi.API/everisapi.API.csproj.
  Restore completed in 42.2 ms for /var/jenkins_home/jobs/AgileMeter/workspace/ScrumMeter/everisapiTest/everisapiTest.csproj.
[8mha:////4Ia6E+nCVRacbjJIJeKy9N3OqR5dFk6rvz7m8lvSBqTMAAAApB+LCAAAAAAAAP9tjTEOwjAQBC9BFLSUPOJSoFSIitZKwwtMYowd686xHZyKF/E1/kAgEhVbrHa2mecL1jHAkYNGq6g3FFuD3o16Xpg59FfHGS1fsGWK7BQ2KjfcqdOCDScFS4oSVgI2ilrH0ZBOsBVW3mXlJOnqnML8HQSUphvgAYWYzUmG9IUpwO42dpHp5/krgMknKOv9p2r/Bm0j9m6+AAAA[0m[Pipeline] sh
+ pwd
/var/jenkins_home/jobs/AgileMeter/workspace
[8mha:////4NssmXKG/5qwDwofL9brUKbucd4fVswKIhxi2CPHcOT4AAAApB+LCAAAAAAAAP9tjTEOwjAQBC9BFLSUPOJSIGgQVVrLDS8wsTFOrDtjOyQVL+Jr/IFAJCq2WO1sM88XLFOEI0eLraHOUWocBt/baeHAsbt4HrDlMzZMib1BaQbJ2tQzSs4G5hQlLASsDDWekyObYS1adVeVV2SrU47TdxBQOn2DBxRiMmcV8xfGCJtrrxPTz/NXAGPIUO62n9qHN65w20W+AAAA[0m[Pipeline] sh
+ cd /var/jenkins_home/jobs/AgileMeter/workspace/ScrumMeter
+ dotnet sonarscanner begin /k:AgileMeter /d:sonar.host.url=http://sonarqube:9000 /d:sonar.login=931a6181cf7c0c6830854da5d48714dcb9ffddb7 /d:sonar.language=cs
SonarScanner for MSBuild 4.6.2
Using the .NET Core version of the Scanner for MSBuild
Pre-processing started.
Preparing working directories...
17:26:37.524  Updating build integration targets...
17:26:37.579  Fetching analysis configuration settings...
17:26:39.04  Provisioning analyzer assemblies for cs...
17:26:39.042  Installing required Roslyn analyzers...
17:26:39.628  Provisioning analyzer assemblies for vbnet...
17:26:39.628  Installing required Roslyn analyzers...
17:26:39.695  Pre-processing succeeded.
[8mha:////4BRTPVFV6RyHx9+v8D+ukwLDkzkF3y4Yt1SDXxwtnxzVAAAApR+LCAAAAAAAAP9tjTEOwjAQBC9BFLSUPOJSIESBqNJabniBiY1xYt0Z2yGpeBFf4w8EIlGxxWpnm3m+YJkiHDlabA11jlLjMPjeTgsHjt3F84Atn7FhSuwNSjNI1qaeUXI2MKcoYSFgZajxnBzZDGvRqruqvCJbnXKcvoOA0ukbPKAQkzmrmL8wRthce52Yfp6/AhhDhnK3/dQ+vAHvQcBcvgAAAA==[0m[Pipeline] sh
+ cd /var/jenkins_home/jobs/AgileMeter/workspace/ScrumMeter
+ dotnet build
Microsoft (R) Build Engine version 16.1.76+g14b0a930a7 for .NET Core
Copyright (C) Microsoft Corporation. All rights reserved.

  Restore completed in 110.59 ms for /var/jenkins_home/jobs/AgileMeter/workspace/ScrumMeter/everisapiTest/everisapiTest.csproj.
  Restore completed in 15.41 ms for /var/jenkins_home/jobs/AgileMeter/workspace/ScrumMeter/everisapi.API/everisapi.API.csproj.
  Restore completed in 51.97 ms for /var/jenkins_home/jobs/AgileMeter/workspace/ScrumMeter/everisapi.API/everisapi.API.csproj.
  Restore completed in 53.65 ms for /var/jenkins_home/jobs/AgileMeter/workspace/ScrumMeter/everisapiTest/everisapiTest.csproj.
Controllers/PreguntasController.cs(139,14): warning S1135: Complete the task associated to this 'TODO' comment. [/var/jenkins_home/jobs/AgileMeter/workspace/ScrumMeter/everisapi.API/everisapi.API.csproj]
Controllers/PreguntasController.cs(191,14): warning S1135: Complete the task associated to this 'TODO' comment. [/var/jenkins_home/jobs/AgileMeter/workspace/ScrumMeter/everisapi.API/everisapi.API.csproj]
Controllers/PreguntasController.cs(191,54): warning S1135: Complete the task associated to this 'TODO' comment. [/var/jenkins_home/jobs/AgileMeter/workspace/ScrumMeter/everisapi.API/everisapi.API.csproj]
Controllers/PreguntasController.cs(208,25): warning S1135: Complete the task associated to this 'TODO' comment. [/var/jenkins_home/jobs/AgileMeter/workspace/ScrumMeter/everisapi.API/everisapi.API.csproj]
Controllers/PreguntasController.cs(230,14): warning S1135: Complete the task associated to this 'TODO' comment. [/var/jenkins_home/jobs/AgileMeter/workspace/ScrumMeter/everisapi.API/everisapi.API.csproj]
Controllers/RespuestaController.cs(126,14): warning S1135: Complete the task associated to this 'TODO' comment. [/var/jenkins_home/jobs/AgileMeter/workspace/ScrumMeter/everisapi.API/everisapi.API.csproj]
Controllers/RespuestaController.cs(126,54): warning S1135: Complete the task associated to this 'TODO' comment. [/var/jenkins_home/jobs/AgileMeter/workspace/ScrumMeter/everisapi.API/everisapi.API.csproj]
Controllers/RespuestaController.cs(165,14): warning S1135: Complete the task associated to this 'TODO' comment. [/var/jenkins_home/jobs/AgileMeter/workspace/ScrumMeter/everisapi.API/everisapi.API.csproj]
Controllers/RespuestaController.cs(165,54): warning S1135: Complete the task associated to this 'TODO' comment. [/var/jenkins_home/jobs/AgileMeter/workspace/ScrumMeter/everisapi.API/everisapi.API.csproj]
Controllers/TokenController.cs(67,13): warning S125: Remove this commented out code. [/var/jenkins_home/jobs/AgileMeter/workspace/ScrumMeter/everisapi.API/everisapi.API.csproj]
Controllers/TokenController.cs(68,13): warning S125: Remove this commented out code. [/var/jenkins_home/jobs/AgileMeter/workspace/ScrumMeter/everisapi.API/everisapi.API.csproj]
Controllers/TokenController.cs(105,9): warning S125: Remove this commented out code. [/var/jenkins_home/jobs/AgileMeter/workspace/ScrumMeter/everisapi.API/everisapi.API.csproj]
Entities/AsignacionInfoContext.cs(19,13): warning S125: Remove this commented out code. [/var/jenkins_home/jobs/AgileMeter/workspace/ScrumMeter/everisapi.API/everisapi.API.csproj]
everisprojectdbContext.cs(13,16): warning S125: Remove this commented out code. [/var/jenkins_home/jobs/AgileMeter/workspace/ScrumMeter/everisapi.API/everisapi.API.csproj]
Migrations/20181026062550_AddAssessments.cs(14,13): warning S125: Remove this commented out code. [/var/jenkins_home/jobs/AgileMeter/workspace/ScrumMeter/everisapi.API/everisapi.API.csproj]
Migrations/20181029085809_LinkAssessmentWithSections.cs(19,13): warning S125: Remove this commented out code. [/var/jenkins_home/jobs/AgileMeter/workspace/ScrumMeter/everisapi.API/everisapi.API.csproj]
Models/UserProyectoDto.cs(11,9): warning S125: Remove this commented out code. [/var/jenkins_home/jobs/AgileMeter/workspace/ScrumMeter/everisapi.API/everisapi.API.csproj]
Services/AsignacionInfoRepository.cs(189,1): warning S125: Remove this commented out code. [/var/jenkins_home/jobs/AgileMeter/workspace/ScrumMeter/everisapi.API/everisapi.API.csproj]
Services/AsignacionInfoRepository.cs(289,1): warning S125: Remove this commented out code. [/var/jenkins_home/jobs/AgileMeter/workspace/ScrumMeter/everisapi.API/everisapi.API.csproj]
Services/EvaluacionInfoRepository.cs(62,9): warning S125: Remove this commented out code. [/var/jenkins_home/jobs/AgileMeter/workspace/ScrumMeter/everisapi.API/everisapi.API.csproj]
Services/EvaluacionInfoRepository.cs(176,11): warning S125: Remove this commented out code. [/var/jenkins_home/jobs/AgileMeter/workspace/ScrumMeter/everisapi.API/everisapi.API.csproj]
Services/EvaluacionInfoRepository.cs(379,9): warning S125: Remove this commented out code. [/var/jenkins_home/jobs/AgileMeter/workspace/ScrumMeter/everisapi.API/everisapi.API.csproj]
Services/EvaluacionInfoRepository.cs(720,9): warning S125: Remove this commented out code. [/var/jenkins_home/jobs/AgileMeter/workspace/ScrumMeter/everisapi.API/everisapi.API.csproj]
Services/EvaluacionInfoRepository.cs(761,11): warning S125: Remove this commented out code. [/var/jenkins_home/jobs/AgileMeter/workspace/ScrumMeter/everisapi.API/everisapi.API.csproj]
Services/IUsersInfoRepository.cs(71,15): warning S1135: Complete the task associated to this 'TODO' comment. [/var/jenkins_home/jobs/AgileMeter/workspace/ScrumMeter/everisapi.API/everisapi.API.csproj]
Services/RespuestasInfoRepository.cs(179,17): warning S125: Remove this commented out code. [/var/jenkins_home/jobs/AgileMeter/workspace/ScrumMeter/everisapi.API/everisapi.API.csproj]
Services/UsersInfoRespository.cs(45,21): warning S125: Remove this commented out code. [/var/jenkins_home/jobs/AgileMeter/workspace/ScrumMeter/everisapi.API/everisapi.API.csproj]
Services/UsersInfoRespository.cs(168,13): warning S125: Remove this commented out code. [/var/jenkins_home/jobs/AgileMeter/workspace/ScrumMeter/everisapi.API/everisapi.API.csproj]
Services/UsersInfoRespository.cs(194,13): warning S125: Remove this commented out code. [/var/jenkins_home/jobs/AgileMeter/workspace/ScrumMeter/everisapi.API/everisapi.API.csproj]
Services/UsersInfoRespository.cs(205,13): warning S125: Remove this commented out code. [/var/jenkins_home/jobs/AgileMeter/workspace/ScrumMeter/everisapi.API/everisapi.API.csproj]
Services/UsersInfoRespository.cs(290,13): warning S125: Remove this commented out code. [/var/jenkins_home/jobs/AgileMeter/workspace/ScrumMeter/everisapi.API/everisapi.API.csproj]
Services/UsersInfoRespository.cs(315,13): warning S125: Remove this commented out code. [/var/jenkins_home/jobs/AgileMeter/workspace/ScrumMeter/everisapi.API/everisapi.API.csproj]
Services/UsersInfoRespository.cs(365,1): warning S125: Remove this commented out code. [/var/jenkins_home/jobs/AgileMeter/workspace/ScrumMeter/everisapi.API/everisapi.API.csproj]
Startup.cs(82,7): warning S125: Remove this commented out code. [/var/jenkins_home/jobs/AgileMeter/workspace/ScrumMeter/everisapi.API/everisapi.API.csproj]
Startup.cs(149,7): warning S125: Remove this commented out code. [/var/jenkins_home/jobs/AgileMeter/workspace/ScrumMeter/everisapi.API/everisapi.API.csproj]
Startup.cs(168,7): warning S125: Remove this commented out code. [/var/jenkins_home/jobs/AgileMeter/workspace/ScrumMeter/everisapi.API/everisapi.API.csproj]
Program.cs(14,18): warning S1118: Add a 'protected' constructor or the 'static' keyword to the class declaration. [/var/jenkins_home/jobs/AgileMeter/workspace/ScrumMeter/everisapi.API/everisapi.API.csproj]
Enums/Roles.cs(1,13): warning S3903: Move 'Roles' into a named namespace. [/var/jenkins_home/jobs/AgileMeter/workspace/ScrumMeter/everisapi.API/everisapi.API.csproj]
everisprojectdbContext.cs(7,26): warning S101: Rename class 'everisprojectdbContext' to match pascal case naming rules, consider using 'EverisprojectdbContext'. [/var/jenkins_home/jobs/AgileMeter/workspace/ScrumMeter/everisapi.API/everisapi.API.csproj]
Services/AsignacionInfoRepository.cs(15,35): warning S2933: Make '_context' 'readonly'. [/var/jenkins_home/jobs/AgileMeter/workspace/ScrumMeter/everisapi.API/everisapi.API.csproj]
Services/EvaluacionInfoRepository.cs(16,35): warning S2933: Make '_context' 'readonly'. [/var/jenkins_home/jobs/AgileMeter/workspace/ScrumMeter/everisapi.API/everisapi.API.csproj]
Services/LineaInfoRepository.cs(15,35): warning S2933: Make '_context' 'readonly'. [/var/jenkins_home/jobs/AgileMeter/workspace/ScrumMeter/everisapi.API/everisapi.API.csproj]
Services/OficinaInfoRepository.cs(15,35): warning S2933: Make '_context' 'readonly'. [/var/jenkins_home/jobs/AgileMeter/workspace/ScrumMeter/everisapi.API/everisapi.API.csproj]
Services/RespuestasInfoRepository.cs(14,39): warning S2933: Make '_context' 'readonly'. [/var/jenkins_home/jobs/AgileMeter/workspace/ScrumMeter/everisapi.API/everisapi.API.csproj]
Services/SectionsInfoRepository.cs(14,35): warning S2933: Make '_context' 'readonly'. [/var/jenkins_home/jobs/AgileMeter/workspace/ScrumMeter/everisapi.API/everisapi.API.csproj]
Services/UnidadInfoRepository.cs(15,35): warning S2933: Make '_context' 'readonly'. [/var/jenkins_home/jobs/AgileMeter/workspace/ScrumMeter/everisapi.API/everisapi.API.csproj]
Services/UsersInfoRespository.cs(17,39): warning S2933: Make '_context' 'readonly'. [/var/jenkins_home/jobs/AgileMeter/workspace/ScrumMeter/everisapi.API/everisapi.API.csproj]
Controllers/OficinaController.cs(23,44): warning S2933: Make '_logger' 'readonly'. [/var/jenkins_home/jobs/AgileMeter/workspace/ScrumMeter/everisapi.API/everisapi.API.csproj]
Controllers/OficinaController.cs(24,40): warning S2933: Make '_oficinaInfoRepository' 'readonly'. [/var/jenkins_home/jobs/AgileMeter/workspace/ScrumMeter/everisapi.API/everisapi.API.csproj]
Controllers/AsignacionController.cs(21,43): warning S2933: Make '_logger' 'readonly'. [/var/jenkins_home/jobs/AgileMeter/workspace/ScrumMeter/everisapi.API/everisapi.API.csproj]
Controllers/AsignacionController.cs(22,39): warning S2933: Make '_asignacionInfoRepository' 'readonly'. [/var/jenkins_home/jobs/AgileMeter/workspace/ScrumMeter/everisapi.API/everisapi.API.csproj]
Controllers/PreguntasController.cs(20,42): warning S2933: Make '_logger' 'readonly'. [/var/jenkins_home/jobs/AgileMeter/workspace/ScrumMeter/everisapi.API/everisapi.API.csproj]
Controllers/PreguntasController.cs(21,39): warning S2933: Make '_asignacionInfoRepository' 'readonly'. [/var/jenkins_home/jobs/AgileMeter/workspace/ScrumMeter/everisapi.API/everisapi.API.csproj]
Controllers/ProyectosController.cs(20,42): warning S2933: Make '_logger' 'readonly'. [/var/jenkins_home/jobs/AgileMeter/workspace/ScrumMeter/everisapi.API/everisapi.API.csproj]
Controllers/ProyectosController.cs(21,34): warning S2933: Make '_usersInfoRepository' 'readonly'. [/var/jenkins_home/jobs/AgileMeter/workspace/ScrumMeter/everisapi.API/everisapi.API.csproj]
Controllers/RespuestaController.cs(18,42): warning S2933: Make '_logger' 'readonly'. [/var/jenkins_home/jobs/AgileMeter/workspace/ScrumMeter/everisapi.API/everisapi.API.csproj]
Controllers/RespuestaController.cs(19,39): warning S2933: Make '_respuestasInfoRepository' 'readonly'. [/var/jenkins_home/jobs/AgileMeter/workspace/ScrumMeter/everisapi.API/everisapi.API.csproj]
Controllers/EvaluacionController.cs(21,43): warning S2933: Make '_logger' 'readonly'. [/var/jenkins_home/jobs/AgileMeter/workspace/ScrumMeter/everisapi.API/everisapi.API.csproj]
Controllers/EvaluacionController.cs(22,39): warning S2933: Make '_evaluacionInfoRepository' 'readonly'. [/var/jenkins_home/jobs/AgileMeter/workspace/ScrumMeter/everisapi.API/everisapi.API.csproj]
Controllers/SectionController.cs(19,40): warning S2933: Make '_logger' 'readonly'. [/var/jenkins_home/jobs/AgileMeter/workspace/ScrumMeter/everisapi.API/everisapi.API.csproj]
Controllers/SectionController.cs(20,37): warning S2933: Make '_sectionInfoRepository' 'readonly'. [/var/jenkins_home/jobs/AgileMeter/workspace/ScrumMeter/everisapi.API/everisapi.API.csproj]
Controllers/UnidadController.cs(22,43): warning S2933: Make '_logger' 'readonly'. [/var/jenkins_home/jobs/AgileMeter/workspace/ScrumMeter/everisapi.API/everisapi.API.csproj]
Controllers/UnidadController.cs(23,39): warning S2933: Make '_unidadInfoRepository' 'readonly'. [/var/jenkins_home/jobs/AgileMeter/workspace/ScrumMeter/everisapi.API/everisapi.API.csproj]
Controllers/TokenController.cs(19,32): warning S2933: Make 'Configuration' 'readonly'. [/var/jenkins_home/jobs/AgileMeter/workspace/ScrumMeter/everisapi.API/everisapi.API.csproj]
Controllers/TokenController.cs(20,38): warning S2933: Make '_usersInfoRespository' 'readonly'. [/var/jenkins_home/jobs/AgileMeter/workspace/ScrumMeter/everisapi.API/everisapi.API.csproj]
Controllers/TokenController.cs(22,38): warning S1313: Make sure using this hardcoded IP address '10.125.8.21' is safe here. [/var/jenkins_home/jobs/AgileMeter/workspace/ScrumMeter/everisapi.API/everisapi.API.csproj]
Controllers/UsersController.cs(23,42): warning S2933: Make '_logger' 'readonly'. [/var/jenkins_home/jobs/AgileMeter/workspace/ScrumMeter/everisapi.API/everisapi.API.csproj]
Controllers/UsersController.cs(24,38): warning S2933: Make '_userInfoRepository' 'readonly'. [/var/jenkins_home/jobs/AgileMeter/workspace/ScrumMeter/everisapi.API/everisapi.API.csproj]
Controllers/LineaController.cs(22,42): warning S2933: Make '_logger' 'readonly'. [/var/jenkins_home/jobs/AgileMeter/workspace/ScrumMeter/everisapi.API/everisapi.API.csproj]
Controllers/LineaController.cs(23,38): warning S2933: Make '_lineaInfoRepository' 'readonly'. [/var/jenkins_home/jobs/AgileMeter/workspace/ScrumMeter/everisapi.API/everisapi.API.csproj]
Entities/User_RoleEntity.cs(10,18): warning S101: Rename class 'User_RoleEntity' to match pascal case naming rules, consider using 'UserRoleEntity'. [/var/jenkins_home/jobs/AgileMeter/workspace/ScrumMeter/everisapi.API/everisapi.API.csproj]
Models/User_RoleCreateDto.cs(9,18): warning S101: Rename class 'User_RoleCreateDto' to match pascal case naming rules, consider using 'UserRoleCreateDto'. [/var/jenkins_home/jobs/AgileMeter/workspace/ScrumMeter/everisapi.API/everisapi.API.csproj]
Models/User_RoleDto.cs(9,18): warning S101: Rename class 'User_RoleDto' to match pascal case naming rules, consider using 'UserRoleDto'. [/var/jenkins_home/jobs/AgileMeter/workspace/ScrumMeter/everisapi.API/everisapi.API.csproj]
AsignacionInfoContextExtensions.cs(11,28): warning S1186: Add a nested comment explaining why this method is empty, throw a 'NotSupportedException' or complete the implementation. [/var/jenkins_home/jobs/AgileMeter/workspace/ScrumMeter/everisapi.API/everisapi.API.csproj]
Controllers/TokenController.cs(31,23): warning S3400: Remove this method and declare a constant for this value. [/var/jenkins_home/jobs/AgileMeter/workspace/ScrumMeter/everisapi.API/everisapi.API.csproj]
Controllers/TokenController.cs(87,17): warning S1066: Merge this if statement with the enclosing one. [/var/jenkins_home/jobs/AgileMeter/workspace/ScrumMeter/everisapi.API/everisapi.API.csproj]
Controllers/TokenController.cs(56,34): warning S4790: Make sure that hashing data is safe here. [/var/jenkins_home/jobs/AgileMeter/workspace/ScrumMeter/everisapi.API/everisapi.API.csproj]
everisprojectdbContext.cs(18,33): warning S1186: Add a nested comment explaining why this method is empty, throw a 'NotSupportedException' or complete the implementation. [/var/jenkins_home/jobs/AgileMeter/workspace/ScrumMeter/everisapi.API/everisapi.API.csproj]
Controllers/UsersController.cs(136,33): warning S4790: Make sure that hashing data is safe here. [/var/jenkins_home/jobs/AgileMeter/workspace/ScrumMeter/everisapi.API/everisapi.API.csproj]
Controllers/UsersController.cs(207,37): warning S4790: Make sure that hashing data is safe here. [/var/jenkins_home/jobs/AgileMeter/workspace/ScrumMeter/everisapi.API/everisapi.API.csproj]
Migrations/20181026062550_AddAssessments.cs(34,33): warning S1186: Add a nested comment explaining why this method is empty, throw a 'NotSupportedException' or complete the implementation. [/var/jenkins_home/jobs/AgileMeter/workspace/ScrumMeter/everisapi.API/everisapi.API.csproj]
Controllers/UsersController.cs(245,33): warning S4790: Make sure that hashing data is safe here. [/var/jenkins_home/jobs/AgileMeter/workspace/ScrumMeter/everisapi.API/everisapi.API.csproj]
Program.cs(16,28): warning S4823: Make sure that command line arguments are used safely here. [/var/jenkins_home/jobs/AgileMeter/workspace/ScrumMeter/everisapi.API/everisapi.API.csproj]
Controllers/ProyectosController.cs(245,11): warning S2583: Change this condition so that it does not always evaluate to 'false'; some subsequent code is never executed. [/var/jenkins_home/jobs/AgileMeter/workspace/ScrumMeter/everisapi.API/everisapi.API.csproj]
Controllers/EvaluacionController.cs(187,28): warning S2971: Use 'Count' property here instead. [/var/jenkins_home/jobs/AgileMeter/workspace/ScrumMeter/everisapi.API/everisapi.API.csproj]
Controllers/EvaluacionController.cs(193,28): warning S2971: Use 'Count' property here instead. [/var/jenkins_home/jobs/AgileMeter/workspace/ScrumMeter/everisapi.API/everisapi.API.csproj]
Controllers/EvaluacionController.cs(182,35): warning S1854: Remove this useless assignment to local variable 'EvaluacionesFiltradas'. [/var/jenkins_home/jobs/AgileMeter/workspace/ScrumMeter/everisapi.API/everisapi.API.csproj]
Controllers/EvaluacionController.cs(229,35): warning S1854: Remove this useless assignment to local variable 'EvaluacionesFiltradas'. [/var/jenkins_home/jobs/AgileMeter/workspace/ScrumMeter/everisapi.API/everisapi.API.csproj]
Controllers/EvaluacionController.cs(266,35): warning S1854: Remove this useless assignment to local variable 'EvaluacionesFiltradas'. [/var/jenkins_home/jobs/AgileMeter/workspace/ScrumMeter/everisapi.API/everisapi.API.csproj]
Services/UsersInfoRespository.cs(40,109): warning S1125: Remove the unnecessary Boolean literal(s). [/var/jenkins_home/jobs/AgileMeter/workspace/ScrumMeter/everisapi.API/everisapi.API.csproj]
Services/UsersInfoRespository.cs(82,67): warning S1125: Remove the unnecessary Boolean literal(s). [/var/jenkins_home/jobs/AgileMeter/workspace/ScrumMeter/everisapi.API/everisapi.API.csproj]
Services/RespuestasInfoRepository.cs(35,75): warning S927: Rename parameter 'idEvaluacion' to 'IdProyecto' to match the interface declaration. [/var/jenkins_home/jobs/AgileMeter/workspace/ScrumMeter/everisapi.API/everisapi.API.csproj]
Services/RespuestasInfoRepository.cs(35,93): warning S927: Rename parameter 'IdPregunta' to 'IdAsignacion' to match the interface declaration. [/var/jenkins_home/jobs/AgileMeter/workspace/ScrumMeter/everisapi.API/everisapi.API.csproj]
Services/RespuestasInfoRepository.cs(48,75): warning S927: Rename parameter 'idEvaluacion' to 'IdProyecto' to match the interface declaration. [/var/jenkins_home/jobs/AgileMeter/workspace/ScrumMeter/everisapi.API/everisapi.API.csproj]
Services/RespuestasInfoRepository.cs(48,93): warning S927: Rename parameter 'IdAsignacion' to 'IdPregunta' to match the interface declaration. [/var/jenkins_home/jobs/AgileMeter/workspace/ScrumMeter/everisapi.API/everisapi.API.csproj]
Services/EvaluacionInfoRepository.cs(39,68): warning S927: Rename parameter 'idEvaluation' to 'idEvaluacion' to match the interface declaration. [/var/jenkins_home/jobs/AgileMeter/workspace/ScrumMeter/everisapi.API/everisapi.API.csproj]
Services/RespuestasInfoRepository.cs(60,57): warning S927: Rename parameter 'Respuesta' to 'respuesta' to match the interface declaration. [/var/jenkins_home/jobs/AgileMeter/workspace/ScrumMeter/everisapi.API/everisapi.API.csproj]
Services/SectionsInfoRepository.cs(52,34): warning S2971: Drop 'Where' and move the condition into the 'Count'. [/var/jenkins_home/jobs/AgileMeter/workspace/ScrumMeter/everisapi.API/everisapi.API.csproj]
Services/SectionsInfoRepository.cs(112,38): warning S2971: Drop 'Where' and move the condition into the 'Count'. [/var/jenkins_home/jobs/AgileMeter/workspace/ScrumMeter/everisapi.API/everisapi.API.csproj]
Services/SectionsInfoRepository.cs(35,27): warning S3776: Refactor this method to reduce its Cognitive Complexity from 22 to the 15 allowed. [/var/jenkins_home/jobs/AgileMeter/workspace/ScrumMeter/everisapi.API/everisapi.API.csproj]
Services/UsersInfoRespository.cs(102,76): warning S1006: Remove the default parameter value to match the signature of overridden method. [/var/jenkins_home/jobs/AgileMeter/workspace/ScrumMeter/everisapi.API/everisapi.API.csproj]
Services/EvaluacionInfoRepository.cs(112,36): warning S3776: Refactor this method to reduce its Cognitive Complexity from 18 to the 15 allowed. [/var/jenkins_home/jobs/AgileMeter/workspace/ScrumMeter/everisapi.API/everisapi.API.csproj]
Services/EvaluacionInfoRepository.cs(136,34): warning S1125: Remove the unnecessary Boolean literal(s). [/var/jenkins_home/jobs/AgileMeter/workspace/ScrumMeter/everisapi.API/everisapi.API.csproj]
Services/EvaluacionInfoRepository.cs(166,106): warning S1125: Remove the unnecessary Boolean literal(s). [/var/jenkins_home/jobs/AgileMeter/workspace/ScrumMeter/everisapi.API/everisapi.API.csproj]
Services/RespuestasInfoRepository.cs(85,52): warning S927: Rename parameter 'evaluationId' to 'idEvaluacion' to match the interface declaration. [/var/jenkins_home/jobs/AgileMeter/workspace/ScrumMeter/everisapi.API/everisapi.API.csproj]
Services/UsersInfoRespository.cs(122,76): warning S1125: Remove the unnecessary Boolean literal(s). [/var/jenkins_home/jobs/AgileMeter/workspace/ScrumMeter/everisapi.API/everisapi.API.csproj]
Services/UsersInfoRespository.cs(140,35): warning S1854: Remove this useless assignment to local variable 'RolUsuario'. [/var/jenkins_home/jobs/AgileMeter/workspace/ScrumMeter/everisapi.API/everisapi.API.csproj]
Services/EvaluacionInfoRepository.cs(190,36): warning S3776: Refactor this method to reduce its Cognitive Complexity from 18 to the 15 allowed. [/var/jenkins_home/jobs/AgileMeter/workspace/ScrumMeter/everisapi.API/everisapi.API.csproj]
Services/EvaluacionInfoRepository.cs(216,34): warning S1125: Remove the unnecessary Boolean literal(s). [/var/jenkins_home/jobs/AgileMeter/workspace/ScrumMeter/everisapi.API/everisapi.API.csproj]
Services/EvaluacionInfoRepository.cs(246,106): warning S1125: Remove the unnecessary Boolean literal(s). [/var/jenkins_home/jobs/AgileMeter/workspace/ScrumMeter/everisapi.API/everisapi.API.csproj]
Services/EvaluacionInfoRepository.cs(288,79): warning S927: Rename parameter 'projectId' to 'IdProject' to match the interface declaration. [/var/jenkins_home/jobs/AgileMeter/workspace/ScrumMeter/everisapi.API/everisapi.API.csproj]
Services/SectionsInfoRepository.cs(156,34): warning S2971: Drop 'Where' and move the condition into the 'Count'. [/var/jenkins_home/jobs/AgileMeter/workspace/ScrumMeter/everisapi.API/everisapi.API.csproj]
Services/SectionsInfoRepository.cs(217,40): warning S2971: Drop 'Where' and move the condition into the 'Count'. [/var/jenkins_home/jobs/AgileMeter/workspace/ScrumMeter/everisapi.API/everisapi.API.csproj]
Services/EvaluacionInfoRepository.cs(314,40): warning S1125: Remove the unnecessary Boolean literal(s). [/var/jenkins_home/jobs/AgileMeter/workspace/ScrumMeter/everisapi.API/everisapi.API.csproj]
Services/EvaluacionInfoRepository.cs(314,67): warning S1125: Remove the unnecessary Boolean literal(s). [/var/jenkins_home/jobs/AgileMeter/workspace/ScrumMeter/everisapi.API/everisapi.API.csproj]
Services/UsersInfoRespository.cs(311,61): warning S927: Rename parameter 'ProyectoId' to 'proyectoId' to match the interface declaration. [/var/jenkins_home/jobs/AgileMeter/workspace/ScrumMeter/everisapi.API/everisapi.API.csproj]
Services/SectionsInfoRepository.cs(135,40): warning S3776: Refactor this method to reduce its Cognitive Complexity from 31 to the 15 allowed. [/var/jenkins_home/jobs/AgileMeter/workspace/ScrumMeter/everisapi.API/everisapi.API.csproj]
Services/AsignacionInfoRepository.cs(200,48): warning S2971: Drop 'Where' and move the condition into the 'FirstOrDefault'. [/var/jenkins_home/jobs/AgileMeter/workspace/ScrumMeter/everisapi.API/everisapi.API.csproj]
Services/UsersInfoRespository.cs(379,29): warning S1854: Remove this useless assignment to local variable 'user'. [/var/jenkins_home/jobs/AgileMeter/workspace/ScrumMeter/everisapi.API/everisapi.API.csproj]
Services/UsersInfoRespository.cs(376,48): warning S927: Rename parameter 'nombre' to 'usuario' to match the interface declaration. [/var/jenkins_home/jobs/AgileMeter/workspace/ScrumMeter/everisapi.API/everisapi.API.csproj]
Services/EvaluacionInfoRepository.cs(331,128): warning S927: Rename parameter 'Evaluacion' to 'Evaluation' to match the interface declaration. [/var/jenkins_home/jobs/AgileMeter/workspace/ScrumMeter/everisapi.API/everisapi.API.csproj]
Services/SectionsInfoRepository.cs(264,34): warning S2971: Drop 'Where' and move the condition into the 'Count'. [/var/jenkins_home/jobs/AgileMeter/workspace/ScrumMeter/everisapi.API/everisapi.API.csproj]
Services/SectionsInfoRepository.cs(293,40): warning S2971: Drop 'Where' and move the condition into the 'Count'. [/var/jenkins_home/jobs/AgileMeter/workspace/ScrumMeter/everisapi.API/everisapi.API.csproj]
Services/SectionsInfoRepository.cs(243,40): warning S3776: Refactor this method to reduce its Cognitive Complexity from 18 to the 15 allowed. [/var/jenkins_home/jobs/AgileMeter/workspace/ScrumMeter/everisapi.API/everisapi.API.csproj]
Services/RespuestasInfoRepository.cs(204,53): warning S1854: Remove this useless assignment to local variable 'preguntas'. [/var/jenkins_home/jobs/AgileMeter/workspace/ScrumMeter/everisapi.API/everisapi.API.csproj]
Services/SectionsInfoRepository.cs(330,43): warning S2971: Drop 'Where' and move the condition into the 'FirstOrDefault'. [/var/jenkins_home/jobs/AgileMeter/workspace/ScrumMeter/everisapi.API/everisapi.API.csproj]
Services/RespuestasInfoRepository.cs(152,56): warning S3776: Refactor this method to reduce its Cognitive Complexity from 43 to the 15 allowed. [/var/jenkins_home/jobs/AgileMeter/workspace/ScrumMeter/everisapi.API/everisapi.API.csproj]
Services/SectionsInfoRepository.cs(389,51): warning S2971: Use 'Count' property here instead. [/var/jenkins_home/jobs/AgileMeter/workspace/ScrumMeter/everisapi.API/everisapi.API.csproj]
Services/EvaluacionInfoRepository.cs(512,53): warning S1854: Remove this useless assignment to local variable 'preguntas'. [/var/jenkins_home/jobs/AgileMeter/workspace/ScrumMeter/everisapi.API/everisapi.API.csproj]
Services/EvaluacionInfoRepository.cs(435,48): warning S3776: Refactor this method to reduce its Cognitive Complexity from 57 to the 15 allowed. [/var/jenkins_home/jobs/AgileMeter/workspace/ScrumMeter/everisapi.API/everisapi.API.csproj]
Services/EvaluacionInfoRepository.cs(674,36): warning S3776: Refactor this method to reduce its Cognitive Complexity from 20 to the 15 allowed. [/var/jenkins_home/jobs/AgileMeter/workspace/ScrumMeter/everisapi.API/everisapi.API.csproj]
Services/EvaluacionInfoRepository.cs(751,106): warning S1125: Remove the unnecessary Boolean literal(s). [/var/jenkins_home/jobs/AgileMeter/workspace/ScrumMeter/everisapi.API/everisapi.API.csproj]
Services/EvaluacionInfoRepository.cs(833,53): warning S1854: Remove this useless assignment to local variable 'preguntas'. [/var/jenkins_home/jobs/AgileMeter/workspace/ScrumMeter/everisapi.API/everisapi.API.csproj]
Services/EvaluacionInfoRepository.cs(930,50): warning S927: Rename parameter 'idEvaluation' to 'idEvaluacion' to match the interface declaration. [/var/jenkins_home/jobs/AgileMeter/workspace/ScrumMeter/everisapi.API/everisapi.API.csproj]
Services/EvaluacionInfoRepository.cs(801,19): warning S3776: Refactor this method to reduce its Cognitive Complexity from 37 to the 15 allowed. [/var/jenkins_home/jobs/AgileMeter/workspace/ScrumMeter/everisapi.API/everisapi.API.csproj]
Services/EvaluacionInfoRepository.cs(1002,34): warning S2971: Drop 'Where' and move the condition into the 'Count'. [/var/jenkins_home/jobs/AgileMeter/workspace/ScrumMeter/everisapi.API/everisapi.API.csproj]
Services/EvaluacionInfoRepository.cs(1062,40): warning S2971: Drop 'Where' and move the condition into the 'Count'. [/var/jenkins_home/jobs/AgileMeter/workspace/ScrumMeter/everisapi.API/everisapi.API.csproj]
Services/EvaluacionInfoRepository.cs(981,40): warning S3776: Refactor this method to reduce its Cognitive Complexity from 31 to the 15 allowed. [/var/jenkins_home/jobs/AgileMeter/workspace/ScrumMeter/everisapi.API/everisapi.API.csproj]
  everisapi.API -> /var/jenkins_home/jobs/AgileMeter/workspace/ScrumMeter/everisapi.API/bin/Debug/netcoreapp2.1/everisapi.API.dll
  everisapiTest -> /var/jenkins_home/jobs/AgileMeter/workspace/ScrumMeter/everisapiTest/bin/Debug/netcoreapp2.1/everisapiTest.dll

Build succeeded.

Controllers/PreguntasController.cs(139,14): warning S1135: Complete the task associated to this 'TODO' comment. [/var/jenkins_home/jobs/AgileMeter/workspace/ScrumMeter/everisapi.API/everisapi.API.csproj]
Controllers/PreguntasController.cs(191,14): warning S1135: Complete the task associated to this 'TODO' comment. [/var/jenkins_home/jobs/AgileMeter/workspace/ScrumMeter/everisapi.API/everisapi.API.csproj]
Controllers/PreguntasController.cs(191,54): warning S1135: Complete the task associated to this 'TODO' comment. [/var/jenkins_home/jobs/AgileMeter/workspace/ScrumMeter/everisapi.API/everisapi.API.csproj]
Controllers/PreguntasController.cs(208,25): warning S1135: Complete the task associated to this 'TODO' comment. [/var/jenkins_home/jobs/AgileMeter/workspace/ScrumMeter/everisapi.API/everisapi.API.csproj]
Controllers/PreguntasController.cs(230,14): warning S1135: Complete the task associated to this 'TODO' comment. [/var/jenkins_home/jobs/AgileMeter/workspace/ScrumMeter/everisapi.API/everisapi.API.csproj]
Controllers/RespuestaController.cs(126,14): warning S1135: Complete the task associated to this 'TODO' comment. [/var/jenkins_home/jobs/AgileMeter/workspace/ScrumMeter/everisapi.API/everisapi.API.csproj]
Controllers/RespuestaController.cs(126,54): warning S1135: Complete the task associated to this 'TODO' comment. [/var/jenkins_home/jobs/AgileMeter/workspace/ScrumMeter/everisapi.API/everisapi.API.csproj]
Controllers/RespuestaController.cs(165,14): warning S1135: Complete the task associated to this 'TODO' comment. [/var/jenkins_home/jobs/AgileMeter/workspace/ScrumMeter/everisapi.API/everisapi.API.csproj]
Controllers/RespuestaController.cs(165,54): warning S1135: Complete the task associated to this 'TODO' comment. [/var/jenkins_home/jobs/AgileMeter/workspace/ScrumMeter/everisapi.API/everisapi.API.csproj]
Controllers/TokenController.cs(67,13): warning S125: Remove this commented out code. [/var/jenkins_home/jobs/AgileMeter/workspace/ScrumMeter/everisapi.API/everisapi.API.csproj]
Controllers/TokenController.cs(68,13): warning S125: Remove this commented out code. [/var/jenkins_home/jobs/AgileMeter/workspace/ScrumMeter/everisapi.API/everisapi.API.csproj]
Controllers/TokenController.cs(105,9): warning S125: Remove this commented out code. [/var/jenkins_home/jobs/AgileMeter/workspace/ScrumMeter/everisapi.API/everisapi.API.csproj]
Entities/AsignacionInfoContext.cs(19,13): warning S125: Remove this commented out code. [/var/jenkins_home/jobs/AgileMeter/workspace/ScrumMeter/everisapi.API/everisapi.API.csproj]
everisprojectdbContext.cs(13,16): warning S125: Remove this commented out code. [/var/jenkins_home/jobs/AgileMeter/workspace/ScrumMeter/everisapi.API/everisapi.API.csproj]
Migrations/20181026062550_AddAssessments.cs(14,13): warning S125: Remove this commented out code. [/var/jenkins_home/jobs/AgileMeter/workspace/ScrumMeter/everisapi.API/everisapi.API.csproj]
Migrations/20181029085809_LinkAssessmentWithSections.cs(19,13): warning S125: Remove this commented out code. [/var/jenkins_home/jobs/AgileMeter/workspace/ScrumMeter/everisapi.API/everisapi.API.csproj]
Models/UserProyectoDto.cs(11,9): warning S125: Remove this commented out code. [/var/jenkins_home/jobs/AgileMeter/workspace/ScrumMeter/everisapi.API/everisapi.API.csproj]
Services/AsignacionInfoRepository.cs(189,1): warning S125: Remove this commented out code. [/var/jenkins_home/jobs/AgileMeter/workspace/ScrumMeter/everisapi.API/everisapi.API.csproj]
Services/AsignacionInfoRepository.cs(289,1): warning S125: Remove this commented out code. [/var/jenkins_home/jobs/AgileMeter/workspace/ScrumMeter/everisapi.API/everisapi.API.csproj]
Services/EvaluacionInfoRepository.cs(62,9): warning S125: Remove this commented out code. [/var/jenkins_home/jobs/AgileMeter/workspace/ScrumMeter/everisapi.API/everisapi.API.csproj]
Services/EvaluacionInfoRepository.cs(176,11): warning S125: Remove this commented out code. [/var/jenkins_home/jobs/AgileMeter/workspace/ScrumMeter/everisapi.API/everisapi.API.csproj]
Services/EvaluacionInfoRepository.cs(379,9): warning S125: Remove this commented out code. [/var/jenkins_home/jobs/AgileMeter/workspace/ScrumMeter/everisapi.API/everisapi.API.csproj]
Services/EvaluacionInfoRepository.cs(720,9): warning S125: Remove this commented out code. [/var/jenkins_home/jobs/AgileMeter/workspace/ScrumMeter/everisapi.API/everisapi.API.csproj]
Services/EvaluacionInfoRepository.cs(761,11): warning S125: Remove this commented out code. [/var/jenkins_home/jobs/AgileMeter/workspace/ScrumMeter/everisapi.API/everisapi.API.csproj]
Services/IUsersInfoRepository.cs(71,15): warning S1135: Complete the task associated to this 'TODO' comment. [/var/jenkins_home/jobs/AgileMeter/workspace/ScrumMeter/everisapi.API/everisapi.API.csproj]
Services/RespuestasInfoRepository.cs(179,17): warning S125: Remove this commented out code. [/var/jenkins_home/jobs/AgileMeter/workspace/ScrumMeter/everisapi.API/everisapi.API.csproj]
Services/UsersInfoRespository.cs(45,21): warning S125: Remove this commented out code. [/var/jenkins_home/jobs/AgileMeter/workspace/ScrumMeter/everisapi.API/everisapi.API.csproj]
Services/UsersInfoRespository.cs(168,13): warning S125: Remove this commented out code. [/var/jenkins_home/jobs/AgileMeter/workspace/ScrumMeter/everisapi.API/everisapi.API.csproj]
Services/UsersInfoRespository.cs(194,13): warning S125: Remove this commented out code. [/var/jenkins_home/jobs/AgileMeter/workspace/ScrumMeter/everisapi.API/everisapi.API.csproj]
Services/UsersInfoRespository.cs(205,13): warning S125: Remove this commented out code. [/var/jenkins_home/jobs/AgileMeter/workspace/ScrumMeter/everisapi.API/everisapi.API.csproj]
Services/UsersInfoRespository.cs(290,13): warning S125: Remove this commented out code. [/var/jenkins_home/jobs/AgileMeter/workspace/ScrumMeter/everisapi.API/everisapi.API.csproj]
Services/UsersInfoRespository.cs(315,13): warning S125: Remove this commented out code. [/var/jenkins_home/jobs/AgileMeter/workspace/ScrumMeter/everisapi.API/everisapi.API.csproj]
Services/UsersInfoRespository.cs(365,1): warning S125: Remove this commented out code. [/var/jenkins_home/jobs/AgileMeter/workspace/ScrumMeter/everisapi.API/everisapi.API.csproj]
Startup.cs(82,7): warning S125: Remove this commented out code. [/var/jenkins_home/jobs/AgileMeter/workspace/ScrumMeter/everisapi.API/everisapi.API.csproj]
Startup.cs(149,7): warning S125: Remove this commented out code. [/var/jenkins_home/jobs/AgileMeter/workspace/ScrumMeter/everisapi.API/everisapi.API.csproj]
Startup.cs(168,7): warning S125: Remove this commented out code. [/var/jenkins_home/jobs/AgileMeter/workspace/ScrumMeter/everisapi.API/everisapi.API.csproj]
Program.cs(14,18): warning S1118: Add a 'protected' constructor or the 'static' keyword to the class declaration. [/var/jenkins_home/jobs/AgileMeter/workspace/ScrumMeter/everisapi.API/everisapi.API.csproj]
Enums/Roles.cs(1,13): warning S3903: Move 'Roles' into a named namespace. [/var/jenkins_home/jobs/AgileMeter/workspace/ScrumMeter/everisapi.API/everisapi.API.csproj]
everisprojectdbContext.cs(7,26): warning S101: Rename class 'everisprojectdbContext' to match pascal case naming rules, consider using 'EverisprojectdbContext'. [/var/jenkins_home/jobs/AgileMeter/workspace/ScrumMeter/everisapi.API/everisapi.API.csproj]
Services/AsignacionInfoRepository.cs(15,35): warning S2933: Make '_context' 'readonly'. [/var/jenkins_home/jobs/AgileMeter/workspace/ScrumMeter/everisapi.API/everisapi.API.csproj]
Services/EvaluacionInfoRepository.cs(16,35): warning S2933: Make '_context' 'readonly'. [/var/jenkins_home/jobs/AgileMeter/workspace/ScrumMeter/everisapi.API/everisapi.API.csproj]
Services/LineaInfoRepository.cs(15,35): warning S2933: Make '_context' 'readonly'. [/var/jenkins_home/jobs/AgileMeter/workspace/ScrumMeter/everisapi.API/everisapi.API.csproj]
Services/OficinaInfoRepository.cs(15,35): warning S2933: Make '_context' 'readonly'. [/var/jenkins_home/jobs/AgileMeter/workspace/ScrumMeter/everisapi.API/everisapi.API.csproj]
Services/RespuestasInfoRepository.cs(14,39): warning S2933: Make '_context' 'readonly'. [/var/jenkins_home/jobs/AgileMeter/workspace/ScrumMeter/everisapi.API/everisapi.API.csproj]
Services/SectionsInfoRepository.cs(14,35): warning S2933: Make '_context' 'readonly'. [/var/jenkins_home/jobs/AgileMeter/workspace/ScrumMeter/everisapi.API/everisapi.API.csproj]
Services/UnidadInfoRepository.cs(15,35): warning S2933: Make '_context' 'readonly'. [/var/jenkins_home/jobs/AgileMeter/workspace/ScrumMeter/everisapi.API/everisapi.API.csproj]
Services/UsersInfoRespository.cs(17,39): warning S2933: Make '_context' 'readonly'. [/var/jenkins_home/jobs/AgileMeter/workspace/ScrumMeter/everisapi.API/everisapi.API.csproj]
Controllers/OficinaController.cs(23,44): warning S2933: Make '_logger' 'readonly'. [/var/jenkins_home/jobs/AgileMeter/workspace/ScrumMeter/everisapi.API/everisapi.API.csproj]
Controllers/OficinaController.cs(24,40): warning S2933: Make '_oficinaInfoRepository' 'readonly'. [/var/jenkins_home/jobs/AgileMeter/workspace/ScrumMeter/everisapi.API/everisapi.API.csproj]
Controllers/AsignacionController.cs(21,43): warning S2933: Make '_logger' 'readonly'. [/var/jenkins_home/jobs/AgileMeter/workspace/ScrumMeter/everisapi.API/everisapi.API.csproj]
Controllers/AsignacionController.cs(22,39): warning S2933: Make '_asignacionInfoRepository' 'readonly'. [/var/jenkins_home/jobs/AgileMeter/workspace/ScrumMeter/everisapi.API/everisapi.API.csproj]
Controllers/PreguntasController.cs(20,42): warning S2933: Make '_logger' 'readonly'. [/var/jenkins_home/jobs/AgileMeter/workspace/ScrumMeter/everisapi.API/everisapi.API.csproj]
Controllers/PreguntasController.cs(21,39): warning S2933: Make '_asignacionInfoRepository' 'readonly'. [/var/jenkins_home/jobs/AgileMeter/workspace/ScrumMeter/everisapi.API/everisapi.API.csproj]
Controllers/ProyectosController.cs(20,42): warning S2933: Make '_logger' 'readonly'. [/var/jenkins_home/jobs/AgileMeter/workspace/ScrumMeter/everisapi.API/everisapi.API.csproj]
Controllers/ProyectosController.cs(21,34): warning S2933: Make '_usersInfoRepository' 'readonly'. [/var/jenkins_home/jobs/AgileMeter/workspace/ScrumMeter/everisapi.API/everisapi.API.csproj]
Controllers/RespuestaController.cs(18,42): warning S2933: Make '_logger' 'readonly'. [/var/jenkins_home/jobs/AgileMeter/workspace/ScrumMeter/everisapi.API/everisapi.API.csproj]
Controllers/RespuestaController.cs(19,39): warning S2933: Make '_respuestasInfoRepository' 'readonly'. [/var/jenkins_home/jobs/AgileMeter/workspace/ScrumMeter/everisapi.API/everisapi.API.csproj]
Controllers/EvaluacionController.cs(21,43): warning S2933: Make '_logger' 'readonly'. [/var/jenkins_home/jobs/AgileMeter/workspace/ScrumMeter/everisapi.API/everisapi.API.csproj]
Controllers/EvaluacionController.cs(22,39): warning S2933: Make '_evaluacionInfoRepository' 'readonly'. [/var/jenkins_home/jobs/AgileMeter/workspace/ScrumMeter/everisapi.API/everisapi.API.csproj]
Controllers/SectionController.cs(19,40): warning S2933: Make '_logger' 'readonly'. [/var/jenkins_home/jobs/AgileMeter/workspace/ScrumMeter/everisapi.API/everisapi.API.csproj]
Controllers/SectionController.cs(20,37): warning S2933: Make '_sectionInfoRepository' 'readonly'. [/var/jenkins_home/jobs/AgileMeter/workspace/ScrumMeter/everisapi.API/everisapi.API.csproj]
Controllers/UnidadController.cs(22,43): warning S2933: Make '_logger' 'readonly'. [/var/jenkins_home/jobs/AgileMeter/workspace/ScrumMeter/everisapi.API/everisapi.API.csproj]
Controllers/UnidadController.cs(23,39): warning S2933: Make '_unidadInfoRepository' 'readonly'. [/var/jenkins_home/jobs/AgileMeter/workspace/ScrumMeter/everisapi.API/everisapi.API.csproj]
Controllers/TokenController.cs(19,32): warning S2933: Make 'Configuration' 'readonly'. [/var/jenkins_home/jobs/AgileMeter/workspace/ScrumMeter/everisapi.API/everisapi.API.csproj]
Controllers/TokenController.cs(20,38): warning S2933: Make '_usersInfoRespository' 'readonly'. [/var/jenkins_home/jobs/AgileMeter/workspace/ScrumMeter/everisapi.API/everisapi.API.csproj]
Controllers/TokenController.cs(22,38): warning S1313: Make sure using this hardcoded IP address '10.125.8.21' is safe here. [/var/jenkins_home/jobs/AgileMeter/workspace/ScrumMeter/everisapi.API/everisapi.API.csproj]
Controllers/UsersController.cs(23,42): warning S2933: Make '_logger' 'readonly'. [/var/jenkins_home/jobs/AgileMeter/workspace/ScrumMeter/everisapi.API/everisapi.API.csproj]
Controllers/UsersController.cs(24,38): warning S2933: Make '_userInfoRepository' 'readonly'. [/var/jenkins_home/jobs/AgileMeter/workspace/ScrumMeter/everisapi.API/everisapi.API.csproj]
Controllers/LineaController.cs(22,42): warning S2933: Make '_logger' 'readonly'. [/var/jenkins_home/jobs/AgileMeter/workspace/ScrumMeter/everisapi.API/everisapi.API.csproj]
Controllers/LineaController.cs(23,38): warning S2933: Make '_lineaInfoRepository' 'readonly'. [/var/jenkins_home/jobs/AgileMeter/workspace/ScrumMeter/everisapi.API/everisapi.API.csproj]
Entities/User_RoleEntity.cs(10,18): warning S101: Rename class 'User_RoleEntity' to match pascal case naming rules, consider using 'UserRoleEntity'. [/var/jenkins_home/jobs/AgileMeter/workspace/ScrumMeter/everisapi.API/everisapi.API.csproj]
Models/User_RoleCreateDto.cs(9,18): warning S101: Rename class 'User_RoleCreateDto' to match pascal case naming rules, consider using 'UserRoleCreateDto'. [/var/jenkins_home/jobs/AgileMeter/workspace/ScrumMeter/everisapi.API/everisapi.API.csproj]
Models/User_RoleDto.cs(9,18): warning S101: Rename class 'User_RoleDto' to match pascal case naming rules, consider using 'UserRoleDto'. [/var/jenkins_home/jobs/AgileMeter/workspace/ScrumMeter/everisapi.API/everisapi.API.csproj]
AsignacionInfoContextExtensions.cs(11,28): warning S1186: Add a nested comment explaining why this method is empty, throw a 'NotSupportedException' or complete the implementation. [/var/jenkins_home/jobs/AgileMeter/workspace/ScrumMeter/everisapi.API/everisapi.API.csproj]
Controllers/TokenController.cs(31,23): warning S3400: Remove this method and declare a constant for this value. [/var/jenkins_home/jobs/AgileMeter/workspace/ScrumMeter/everisapi.API/everisapi.API.csproj]
Controllers/TokenController.cs(87,17): warning S1066: Merge this if statement with the enclosing one. [/var/jenkins_home/jobs/AgileMeter/workspace/ScrumMeter/everisapi.API/everisapi.API.csproj]
Controllers/TokenController.cs(56,34): warning S4790: Make sure that hashing data is safe here. [/var/jenkins_home/jobs/AgileMeter/workspace/ScrumMeter/everisapi.API/everisapi.API.csproj]
everisprojectdbContext.cs(18,33): warning S1186: Add a nested comment explaining why this method is empty, throw a 'NotSupportedException' or complete the implementation. [/var/jenkins_home/jobs/AgileMeter/workspace/ScrumMeter/everisapi.API/everisapi.API.csproj]
Controllers/UsersController.cs(136,33): warning S4790: Make sure that hashing data is safe here. [/var/jenkins_home/jobs/AgileMeter/workspace/ScrumMeter/everisapi.API/everisapi.API.csproj]
Controllers/UsersController.cs(207,37): warning S4790: Make sure that hashing data is safe here. [/var/jenkins_home/jobs/AgileMeter/workspace/ScrumMeter/everisapi.API/everisapi.API.csproj]
Migrations/20181026062550_AddAssessments.cs(34,33): warning S1186: Add a nested comment explaining why this method is empty, throw a 'NotSupportedException' or complete the implementation. [/var/jenkins_home/jobs/AgileMeter/workspace/ScrumMeter/everisapi.API/everisapi.API.csproj]
Controllers/UsersController.cs(245,33): warning S4790: Make sure that hashing data is safe here. [/var/jenkins_home/jobs/AgileMeter/workspace/ScrumMeter/everisapi.API/everisapi.API.csproj]
Program.cs(16,28): warning S4823: Make sure that command line arguments are used safely here. [/var/jenkins_home/jobs/AgileMeter/workspace/ScrumMeter/everisapi.API/everisapi.API.csproj]
Controllers/ProyectosController.cs(245,11): warning S2583: Change this condition so that it does not always evaluate to 'false'; some subsequent code is never executed. [/var/jenkins_home/jobs/AgileMeter/workspace/ScrumMeter/everisapi.API/everisapi.API.csproj]
Controllers/EvaluacionController.cs(187,28): warning S2971: Use 'Count' property here instead. [/var/jenkins_home/jobs/AgileMeter/workspace/ScrumMeter/everisapi.API/everisapi.API.csproj]
Controllers/EvaluacionController.cs(193,28): warning S2971: Use 'Count' property here instead. [/var/jenkins_home/jobs/AgileMeter/workspace/ScrumMeter/everisapi.API/everisapi.API.csproj]
Controllers/EvaluacionController.cs(182,35): warning S1854: Remove this useless assignment to local variable 'EvaluacionesFiltradas'. [/var/jenkins_home/jobs/AgileMeter/workspace/ScrumMeter/everisapi.API/everisapi.API.csproj]
Controllers/EvaluacionController.cs(229,35): warning S1854: Remove this useless assignment to local variable 'EvaluacionesFiltradas'. [/var/jenkins_home/jobs/AgileMeter/workspace/ScrumMeter/everisapi.API/everisapi.API.csproj]
Controllers/EvaluacionController.cs(266,35): warning S1854: Remove this useless assignment to local variable 'EvaluacionesFiltradas'. [/var/jenkins_home/jobs/AgileMeter/workspace/ScrumMeter/everisapi.API/everisapi.API.csproj]
Services/UsersInfoRespository.cs(40,109): warning S1125: Remove the unnecessary Boolean literal(s). [/var/jenkins_home/jobs/AgileMeter/workspace/ScrumMeter/everisapi.API/everisapi.API.csproj]
Services/UsersInfoRespository.cs(82,67): warning S1125: Remove the unnecessary Boolean literal(s). [/var/jenkins_home/jobs/AgileMeter/workspace/ScrumMeter/everisapi.API/everisapi.API.csproj]
Services/RespuestasInfoRepository.cs(35,75): warning S927: Rename parameter 'idEvaluacion' to 'IdProyecto' to match the interface declaration. [/var/jenkins_home/jobs/AgileMeter/workspace/ScrumMeter/everisapi.API/everisapi.API.csproj]
Services/RespuestasInfoRepository.cs(35,93): warning S927: Rename parameter 'IdPregunta' to 'IdAsignacion' to match the interface declaration. [/var/jenkins_home/jobs/AgileMeter/workspace/ScrumMeter/everisapi.API/everisapi.API.csproj]
Services/RespuestasInfoRepository.cs(48,75): warning S927: Rename parameter 'idEvaluacion' to 'IdProyecto' to match the interface declaration. [/var/jenkins_home/jobs/AgileMeter/workspace/ScrumMeter/everisapi.API/everisapi.API.csproj]
Services/RespuestasInfoRepository.cs(48,93): warning S927: Rename parameter 'IdAsignacion' to 'IdPregunta' to match the interface declaration. [/var/jenkins_home/jobs/AgileMeter/workspace/ScrumMeter/everisapi.API/everisapi.API.csproj]
Services/EvaluacionInfoRepository.cs(39,68): warning S927: Rename parameter 'idEvaluation' to 'idEvaluacion' to match the interface declaration. [/var/jenkins_home/jobs/AgileMeter/workspace/ScrumMeter/everisapi.API/everisapi.API.csproj]
Services/RespuestasInfoRepository.cs(60,57): warning S927: Rename parameter 'Respuesta' to 'respuesta' to match the interface declaration. [/var/jenkins_home/jobs/AgileMeter/workspace/ScrumMeter/everisapi.API/everisapi.API.csproj]
Services/SectionsInfoRepository.cs(52,34): warning S2971: Drop 'Where' and move the condition into the 'Count'. [/var/jenkins_home/jobs/AgileMeter/workspace/ScrumMeter/everisapi.API/everisapi.API.csproj]
Services/SectionsInfoRepository.cs(112,38): warning S2971: Drop 'Where' and move the condition into the 'Count'. [/var/jenkins_home/jobs/AgileMeter/workspace/ScrumMeter/everisapi.API/everisapi.API.csproj]
Services/SectionsInfoRepository.cs(35,27): warning S3776: Refactor this method to reduce its Cognitive Complexity from 22 to the 15 allowed. [/var/jenkins_home/jobs/AgileMeter/workspace/ScrumMeter/everisapi.API/everisapi.API.csproj]
Services/UsersInfoRespository.cs(102,76): warning S1006: Remove the default parameter value to match the signature of overridden method. [/var/jenkins_home/jobs/AgileMeter/workspace/ScrumMeter/everisapi.API/everisapi.API.csproj]
Services/EvaluacionInfoRepository.cs(112,36): warning S3776: Refactor this method to reduce its Cognitive Complexity from 18 to the 15 allowed. [/var/jenkins_home/jobs/AgileMeter/workspace/ScrumMeter/everisapi.API/everisapi.API.csproj]
Services/EvaluacionInfoRepository.cs(136,34): warning S1125: Remove the unnecessary Boolean literal(s). [/var/jenkins_home/jobs/AgileMeter/workspace/ScrumMeter/everisapi.API/everisapi.API.csproj]
Services/EvaluacionInfoRepository.cs(166,106): warning S1125: Remove the unnecessary Boolean literal(s). [/var/jenkins_home/jobs/AgileMeter/workspace/ScrumMeter/everisapi.API/everisapi.API.csproj]
Services/RespuestasInfoRepository.cs(85,52): warning S927: Rename parameter 'evaluationId' to 'idEvaluacion' to match the interface declaration. [/var/jenkins_home/jobs/AgileMeter/workspace/ScrumMeter/everisapi.API/everisapi.API.csproj]
Services/UsersInfoRespository.cs(122,76): warning S1125: Remove the unnecessary Boolean literal(s). [/var/jenkins_home/jobs/AgileMeter/workspace/ScrumMeter/everisapi.API/everisapi.API.csproj]
Services/UsersInfoRespository.cs(140,35): warning S1854: Remove this useless assignment to local variable 'RolUsuario'. [/var/jenkins_home/jobs/AgileMeter/workspace/ScrumMeter/everisapi.API/everisapi.API.csproj]
Services/EvaluacionInfoRepository.cs(190,36): warning S3776: Refactor this method to reduce its Cognitive Complexity from 18 to the 15 allowed. [/var/jenkins_home/jobs/AgileMeter/workspace/ScrumMeter/everisapi.API/everisapi.API.csproj]
Services/EvaluacionInfoRepository.cs(216,34): warning S1125: Remove the unnecessary Boolean literal(s). [/var/jenkins_home/jobs/AgileMeter/workspace/ScrumMeter/everisapi.API/everisapi.API.csproj]
Services/EvaluacionInfoRepository.cs(246,106): warning S1125: Remove the unnecessary Boolean literal(s). [/var/jenkins_home/jobs/AgileMeter/workspace/ScrumMeter/everisapi.API/everisapi.API.csproj]
Services/EvaluacionInfoRepository.cs(288,79): warning S927: Rename parameter 'projectId' to 'IdProject' to match the interface declaration. [/var/jenkins_home/jobs/AgileMeter/workspace/ScrumMeter/everisapi.API/everisapi.API.csproj]
Services/SectionsInfoRepository.cs(156,34): warning S2971: Drop 'Where' and move the condition into the 'Count'. [/var/jenkins_home/jobs/AgileMeter/workspace/ScrumMeter/everisapi.API/everisapi.API.csproj]
Services/SectionsInfoRepository.cs(217,40): warning S2971: Drop 'Where' and move the condition into the 'Count'. [/var/jenkins_home/jobs/AgileMeter/workspace/ScrumMeter/everisapi.API/everisapi.API.csproj]
Services/EvaluacionInfoRepository.cs(314,40): warning S1125: Remove the unnecessary Boolean literal(s). [/var/jenkins_home/jobs/AgileMeter/workspace/ScrumMeter/everisapi.API/everisapi.API.csproj]
Services/EvaluacionInfoRepository.cs(314,67): warning S1125: Remove the unnecessary Boolean literal(s). [/var/jenkins_home/jobs/AgileMeter/workspace/ScrumMeter/everisapi.API/everisapi.API.csproj]
Services/UsersInfoRespository.cs(311,61): warning S927: Rename parameter 'ProyectoId' to 'proyectoId' to match the interface declaration. [/var/jenkins_home/jobs/AgileMeter/workspace/ScrumMeter/everisapi.API/everisapi.API.csproj]
Services/SectionsInfoRepository.cs(135,40): warning S3776: Refactor this method to reduce its Cognitive Complexity from 31 to the 15 allowed. [/var/jenkins_home/jobs/AgileMeter/workspace/ScrumMeter/everisapi.API/everisapi.API.csproj]
Services/AsignacionInfoRepository.cs(200,48): warning S2971: Drop 'Where' and move the condition into the 'FirstOrDefault'. [/var/jenkins_home/jobs/AgileMeter/workspace/ScrumMeter/everisapi.API/everisapi.API.csproj]
Services/UsersInfoRespository.cs(379,29): warning S1854: Remove this useless assignment to local variable 'user'. [/var/jenkins_home/jobs/AgileMeter/workspace/ScrumMeter/everisapi.API/everisapi.API.csproj]
Services/UsersInfoRespository.cs(376,48): warning S927: Rename parameter 'nombre' to 'usuario' to match the interface declaration. [/var/jenkins_home/jobs/AgileMeter/workspace/ScrumMeter/everisapi.API/everisapi.API.csproj]
Services/EvaluacionInfoRepository.cs(331,128): warning S927: Rename parameter 'Evaluacion' to 'Evaluation' to match the interface declaration. [/var/jenkins_home/jobs/AgileMeter/workspace/ScrumMeter/everisapi.API/everisapi.API.csproj]
Services/SectionsInfoRepository.cs(264,34): warning S2971: Drop 'Where' and move the condition into the 'Count'. [/var/jenkins_home/jobs/AgileMeter/workspace/ScrumMeter/everisapi.API/everisapi.API.csproj]
Services/SectionsInfoRepository.cs(293,40): warning S2971: Drop 'Where' and move the condition into the 'Count'. [/var/jenkins_home/jobs/AgileMeter/workspace/ScrumMeter/everisapi.API/everisapi.API.csproj]
Services/SectionsInfoRepository.cs(243,40): warning S3776: Refactor this method to reduce its Cognitive Complexity from 18 to the 15 allowed. [/var/jenkins_home/jobs/AgileMeter/workspace/ScrumMeter/everisapi.API/everisapi.API.csproj]
Services/RespuestasInfoRepository.cs(204,53): warning S1854: Remove this useless assignment to local variable 'preguntas'. [/var/jenkins_home/jobs/AgileMeter/workspace/ScrumMeter/everisapi.API/everisapi.API.csproj]
Services/SectionsInfoRepository.cs(330,43): warning S2971: Drop 'Where' and move the condition into the 'FirstOrDefault'. [/var/jenkins_home/jobs/AgileMeter/workspace/ScrumMeter/everisapi.API/everisapi.API.csproj]
Services/RespuestasInfoRepository.cs(152,56): warning S3776: Refactor this method to reduce its Cognitive Complexity from 43 to the 15 allowed. [/var/jenkins_home/jobs/AgileMeter/workspace/ScrumMeter/everisapi.API/everisapi.API.csproj]
Services/SectionsInfoRepository.cs(389,51): warning S2971: Use 'Count' property here instead. [/var/jenkins_home/jobs/AgileMeter/workspace/ScrumMeter/everisapi.API/everisapi.API.csproj]
Services/EvaluacionInfoRepository.cs(512,53): warning S1854: Remove this useless assignment to local variable 'preguntas'. [/var/jenkins_home/jobs/AgileMeter/workspace/ScrumMeter/everisapi.API/everisapi.API.csproj]
Services/EvaluacionInfoRepository.cs(435,48): warning S3776: Refactor this method to reduce its Cognitive Complexity from 57 to the 15 allowed. [/var/jenkins_home/jobs/AgileMeter/workspace/ScrumMeter/everisapi.API/everisapi.API.csproj]
Services/EvaluacionInfoRepository.cs(674,36): warning S3776: Refactor this method to reduce its Cognitive Complexity from 20 to the 15 allowed. [/var/jenkins_home/jobs/AgileMeter/workspace/ScrumMeter/everisapi.API/everisapi.API.csproj]
Services/EvaluacionInfoRepository.cs(751,106): warning S1125: Remove the unnecessary Boolean literal(s). [/var/jenkins_home/jobs/AgileMeter/workspace/ScrumMeter/everisapi.API/everisapi.API.csproj]
Services/EvaluacionInfoRepository.cs(833,53): warning S1854: Remove this useless assignment to local variable 'preguntas'. [/var/jenkins_home/jobs/AgileMeter/workspace/ScrumMeter/everisapi.API/everisapi.API.csproj]
Services/EvaluacionInfoRepository.cs(930,50): warning S927: Rename parameter 'idEvaluation' to 'idEvaluacion' to match the interface declaration. [/var/jenkins_home/jobs/AgileMeter/workspace/ScrumMeter/everisapi.API/everisapi.API.csproj]
Services/EvaluacionInfoRepository.cs(801,19): warning S3776: Refactor this method to reduce its Cognitive Complexity from 37 to the 15 allowed. [/var/jenkins_home/jobs/AgileMeter/workspace/ScrumMeter/everisapi.API/everisapi.API.csproj]
Services/EvaluacionInfoRepository.cs(1002,34): warning S2971: Drop 'Where' and move the condition into the 'Count'. [/var/jenkins_home/jobs/AgileMeter/workspace/ScrumMeter/everisapi.API/everisapi.API.csproj]
Services/EvaluacionInfoRepository.cs(1062,40): warning S2971: Drop 'Where' and move the condition into the 'Count'. [/var/jenkins_home/jobs/AgileMeter/workspace/ScrumMeter/everisapi.API/everisapi.API.csproj]
Services/EvaluacionInfoRepository.cs(981,40): warning S3776: Refactor this method to reduce its Cognitive Complexity from 31 to the 15 allowed. [/var/jenkins_home/jobs/AgileMeter/workspace/ScrumMeter/everisapi.API/everisapi.API.csproj]
    138 Warning(s)
    0 Error(s)

Time Elapsed 00:00:38.56
[8mha:////4AAq80tlWnxfxAccnBtlKkCDI8lBvTn9JNuf8FWCkJIJAAAApR+LCAAAAAAAAP9tjTEOwjAQBC9BFLSUPOJSICQkRJXWcsMLTGyME+vO2A5JxYv4Gn8gEImKLVY728zzBcsU4cjRYmuoc5Qah8H3dlo4cOwungds+YwNU2JvUJpBsjb1jJKzgTlFCQsBK0ON5+TIZliLVt1V5RXZ6pTj9B0ElE7f4AGFmMxZxfyFMcLm2uvE9PP8FcAYMpS77af24Q0gXVjbvgAAAA==[0m[Pipeline] sh
+ cd /var/jenkins_home/jobs/AgileMeter/workspace/ScrumMeter
+ dotnet sonarscanner end /d:sonar.login=931a6181cf7c0c6830854da5d48714dcb9ffddb7
SonarScanner for MSBuild 4.6.2
Using the .NET Core version of the Scanner for MSBuild
Post-processing started.
WARNING: File '/root/.nuget/packages/microsoft.net.test.sdk/16.0.1/build/netcoreapp1.0/Microsoft.NET.Test.Sdk.Program.cs' is not located under the root directory '/var/jenkins_home/jobs/AgileMeter/workspace/ScrumMeter' and will not be analyzed.
WARNING: File '/root/.nuget/packages/xunit.runner.visualstudio/2.4.0/build/netcoreapp1.0/xunit.runner.visualstudio.dotnetcore.testadapter.dll' is not located under the root directory '/var/jenkins_home/jobs/AgileMeter/workspace/ScrumMeter' and will not be analyzed.
WARNING: File '/root/.nuget/packages/xunit.runner.visualstudio/2.4.0/build/netcoreapp1.0/xunit.runner.reporters.netcoreapp10.dll' is not located under the root directory '/var/jenkins_home/jobs/AgileMeter/workspace/ScrumMeter' and will not be analyzed.
WARNING: File '/root/.nuget/packages/xunit.runner.visualstudio/2.4.0/build/netcoreapp1.0/xunit.runner.utility.netcoreapp10.dll' is not located under the root directory '/var/jenkins_home/jobs/AgileMeter/workspace/ScrumMeter' and will not be analyzed.
Calling the SonarQube Scanner...
INFO: Scanner configuration file: /root/.dotnet/tools/.store/dotnet-sonarscanner/4.6.2/dotnet-sonarscanner/4.6.2/tools/netcoreapp2.1/any/sonar-scanner-3.3.0.1492/conf/sonar-scanner.properties
INFO: Project root configuration file: /var/jenkins_home/jobs/AgileMeter/workspace/ScrumMeter/.sonarqube/out/sonar-project.properties
INFO: SonarQube Scanner 3.3.0.1492
INFO: Java 1.8.0_212 Oracle Corporation (64-bit)
INFO: Linux 4.9.125-linuxkit amd64
INFO: User cache: /root/.sonar/cache
INFO: SonarQube server 7.9.0
INFO: Default locale: "en", source code encoding: "UTF-8" (analysis is platform dependent)
WARN: SonarScanner will require Java 11+ to run starting in SonarQube 8.x
INFO: Load global settings
INFO: Load global settings (done) | time=198ms
INFO: Server id: 243B8A4D-AWv7pauY6ajZag0zfNOO
INFO: User cache: /root/.sonar/cache
INFO: Load/download plugins
INFO: Load plugins index
INFO: Load plugins index (done) | time=96ms
INFO: Load/download plugins (done) | time=6021ms
INFO: Process project properties
INFO: Execute project builders
INFO: Execute project builders (done) | time=177ms
INFO: Project key: AgileMeter
INFO: Base dir: /var/jenkins_home/jobs/AgileMeter/workspace/ScrumMeter
INFO: Working dir: /var/jenkins_home/jobs/AgileMeter/workspace/ScrumMeter/.sonarqube/out/.sonar
INFO: Load project settings for component key: 'AgileMeter'
INFO: Load project settings for component key: 'AgileMeter' (done) | time=66ms
INFO: Load quality profiles
INFO: Load quality profiles (done) | time=118ms
INFO: Load active rules
INFO: Load active rules (done) | time=2951ms
INFO: Indexing files...
INFO: Project configuration:
INFO: Indexing files of module 'everisapiTest'
INFO:   Base dir: /var/jenkins_home/jobs/AgileMeter/workspace/ScrumMeter/everisapiTest
INFO:   Test paths: AutoMapperConfig.cs, AutomapperProfile.cs, LineaControllerTest....
INFO: Load project repositories
INFO: Load project repositories (done) | time=620ms
INFO: Indexing files of module 'everisapi.API'
INFO:   Base dir: /var/jenkins_home/jobs/AgileMeter/workspace/ScrumMeter/everisapi.API
INFO:   Source paths: AsignacionInfoContextExtensions.cs, Controllers/AsignacionCon...
INFO: Indexing files of module 'AgileMeter'
INFO:   Base dir: /var/jenkins_home/jobs/AgileMeter/workspace/ScrumMeter
INFO: 144 files indexed
INFO: 0 files ignored because of scm ignore settings
INFO: Quality profile for cs: Sonar way
INFO: Quality profile for js: Sonar way
INFO: ------------- Run sensors on module everisapiTest
INFO: Load metrics repository
INFO: Load metrics repository (done) | time=43ms
INFO: Sensor JaCoCo XML Report Importer [jacoco]
INFO: Sensor JaCoCo XML Report Importer [jacoco] (done) | time=27ms
INFO: Sensor C# Properties [csharp]
INFO: Sensor C# Properties [csharp] (done) | time=38ms
INFO: Sensor JavaXmlSensor [java]
INFO: Sensor JavaXmlSensor [java] (done) | time=1ms
INFO: ------------- Run sensors on module everisapi.API
INFO: Sensor JaCoCo XML Report Importer [jacoco]
INFO: Sensor JaCoCo XML Report Importer [jacoco] (done) | time=8ms
INFO: Sensor SonarJS [javascript]
INFO: 3 source files to be analyzed
INFO: Sensor SonarJS [javascript] (done) | time=1032ms
INFO: Sensor ESLint-based SonarJS [javascript]
INFO: 3/3 source files have been analyzed
INFO: Sensor ESLint-based SonarJS [javascript] (done) | time=93900ms
INFO: Sensor C# Properties [csharp]
ERROR: Error when running: 'node -v'. Is Node.js available during analysis?
org.sonarsource.nodejs.NodeCommandException: Error when running: 'node -v'. Is Node.js available during analysis?
	at org.sonarsource.nodejs.NodeCommand.start(NodeCommand.java:77)
	at org.sonarsource.nodejs.NodeCommandBuilderImpl.getVersion(NodeCommandBuilderImpl.java:171)
	at org.sonarsource.nodejs.NodeCommandBuilderImpl.checkNodeCompatibility(NodeCommandBuilderImpl.java:144)
	at org.sonarsource.nodejs.NodeCommandBuilderImpl.build(NodeCommandBuilderImpl.java:120)
	at org.sonar.plugins.javascript.eslint.EslintBridgeServerImpl.initNodeCommand(EslintBridgeServerImpl.java:129)
	at org.sonar.plugins.javascript.eslint.EslintBridgeServerImpl.startServer(EslintBridgeServerImpl.java:105)
	at org.sonar.plugins.javascript.eslint.EslintBridgeServerImpl.startServerLazily(EslintBridgeServerImpl.java:145)
	at org.sonar.plugins.javascript.eslint.EslintBasedRulesSensor.execute(EslintBasedRulesSensor.java:92)
	at org.sonar.scanner.sensor.AbstractSensorWrapper.analyse(AbstractSensorWrapper.java:48)
	at org.sonar.scanner.sensor.ModuleSensorsExecutor.execute(ModuleSensorsExecutor.java:85)
	at org.sonar.scanner.sensor.ModuleSensorsExecutor.lambda$execute$1(ModuleSensorsExecutor.java:59)
	at org.sonar.scanner.sensor.ModuleSensorsExecutor.withModuleStrategy(ModuleSensorsExecutor.java:77)
	at org.sonar.scanner.sensor.ModuleSensorsExecutor.execute(ModuleSensorsExecutor.java:59)
	at org.sonar.scanner.scan.ModuleScanContainer.doAfterStart(ModuleScanContainer.java:82)
	at org.sonar.core.platform.ComponentContainer.startComponents(ComponentContainer.java:136)
	at org.sonar.core.platform.ComponentContainer.execute(ComponentContainer.java:122)
	at org.sonar.scanner.scan.ProjectScanContainer.scan(ProjectScanContainer.java:400)
	at org.sonar.scanner.scan.ProjectScanContainer.scanRecursively(ProjectScanContainer.java:395)
	at org.sonar.scanner.scan.ProjectScanContainer.scanRecursively(ProjectScanContainer.java:392)
	at org.sonar.scanner.scan.ProjectScanContainer.doAfterStart(ProjectScanContainer.java:358)
	at org.sonar.core.platform.ComponentContainer.startComponents(ComponentContainer.java:136)
	at org.sonar.core.platform.ComponentContainer.execute(ComponentContainer.java:122)
	at org.sonar.scanner.bootstrap.GlobalContainer.doAfterStart(GlobalContainer.java:141)
	at org.sonar.core.platform.ComponentContainer.startComponents(ComponentContainer.java:136)
	at org.sonar.core.platform.ComponentContainer.execute(ComponentContainer.java:122)
	at org.sonar.batch.bootstrapper.Batch.doExecute(Batch.java:73)
	at org.sonar.batch.bootstrapper.Batch.execute(Batch.java:67)
	at org.sonarsource.scanner.api.internal.batch.BatchIsolatedLauncher.execute(BatchIsolatedLauncher.java:46)
	at sun.reflect.NativeMethodAccessorImpl.invoke0(Native Method)
	at sun.reflect.NativeMethodAccessorImpl.invoke(NativeMethodAccessorImpl.java:62)
	at sun.reflect.DelegatingMethodAccessorImpl.invoke(DelegatingMethodAccessorImpl.java:43)
	at java.lang.reflect.Method.invoke(Method.java:498)
	at org.sonarsource.scanner.api.internal.IsolatedLauncherProxy.invoke(IsolatedLauncherProxy.java:60)
	at com.sun.proxy.$Proxy0.execute(Unknown Source)
	at org.sonarsource.scanner.api.EmbeddedScanner.doExecute(EmbeddedScanner.java:185)
	at org.sonarsource.scanner.api.EmbeddedScanner.execute(EmbeddedScanner.java:137)
	at org.sonarsource.scanner.cli.Main.execute(Main.java:111)
	at org.sonarsource.scanner.cli.Main.execute(Main.java:75)
	at org.sonarsource.scanner.cli.Main.main(Main.java:61)
Caused by: java.io.IOException: Cannot run program "node": error=2, No such file or directory
	at java.lang.ProcessBuilder.start(ProcessBuilder.java:1048)
	at org.sonarsource.nodejs.NodeCommand$ProcessWrapperImpl.start(NodeCommand.java:154)
	at org.sonarsource.nodejs.NodeCommand.start(NodeCommand.java:73)
	... 38 common frames omitted
Caused by: java.io.IOException: error=2, No such file or directory
	at java.lang.UNIXProcess.forkAndExec(Native Method)
	at java.lang.UNIXProcess.<init>(UNIXProcess.java:247)
	at java.lang.ProcessImpl.start(ProcessImpl.java:134)
	at java.lang.ProcessBuilder.start(ProcessBuilder.java:1029)
	... 40 common frames omitted

INFO: Sensor C# Properties [csharp] (done) | time=6ms
INFO: Sensor JavaXmlSensor [java]
INFO: Sensor JavaXmlSensor [java] (done) | time=2ms
INFO: Sensor HTML [web]
INFO: Sensor HTML [web] (done) | time=18ms
INFO: ------------- Run sensors on module AgileMeter
INFO: Sensor JaCoCo XML Report Importer [jacoco]
INFO: Sensor JaCoCo XML Report Importer [jacoco] (done) | time=2ms
INFO: Sensor JavaXmlSensor [java]
INFO: Sensor JavaXmlSensor [java] (done) | time=0ms
INFO: Sensor C# [csharp]
INFO: Importing results from 5 proto files in '/var/jenkins_home/jobs/AgileMeter/workspace/ScrumMeter/.sonarqube/out/1/output-cs'
INFO: Importing results from 5 proto files in '/var/jenkins_home/jobs/AgileMeter/workspace/ScrumMeter/.sonarqube/out/0/output-cs'
INFO: Importing 2 Roslyn reports
INFO: Sensor C# [csharp] (done) | time=15298ms
INFO: ------------- Run sensors on project
INFO: Sensor Zero Coverage Sensor
INFO: Sensor Zero Coverage Sensor (done) | time=695ms
INFO: SCM provider for this project is: git
INFO: 120 files to be analyzed
INFO: 92/120 files analyzed
INFO: 120/120 files analyzed
INFO: 20 files had no CPD blocks
INFO: Calculating CPD for 92 files
INFO: CPD calculation finished
INFO: Analysis report generated in 5873ms, dir size=768 KB
INFO: Analysis report compressed in 4037ms, zip size=349 KB
INFO: Analysis report uploaded in 487ms
INFO: ANALYSIS SUCCESSFUL, you can browse http://sonarqube:9000/dashboard?id=AgileMeter
INFO: Note that you will be able to access the updated dashboard once the server has processed the submitted analysis report
INFO: More about the report processing at http://sonarqube:9000/api/ce/task?id=AWv71Y_7F3QG2FYxnq6v
INFO: Analysis total time: 3:35.483 s
INFO: ------------------------------------------------------------------------
INFO: EXECUTION SUCCESS
INFO: ------------------------------------------------------------------------
INFO: Total time: 3:43.984s
INFO: Final Memory: 17M/372M
INFO: ------------------------------------------------------------------------
The SonarQube Scanner has finished
17:31:09.766  Post-processing succeeded.
[8mha:////4Om8TkxpBVrA6YnbHvqiOgWlOgWjTEtjyOH83MY3Gz33AAAApR+LCAAAAAAAAP9tjTEOwjAQBC9BFLSUPOJSIAqEqNJabniBiY1xYt0Z2yGpeBFf4w8EIlGxxWpnm3m+YJkiHDlabA11jlLjMPjeTgsHjt3F84Atn7FhSuwNSjNI1qaeUXI2MKcoYSFgZajxnBzZDGvRqruqvCJbnXKcvoOA0ukbPKAQkzmrmL8wRthce52Yfp6/AhhDyFDu9p/avgHcRs84vgAAAA==[0m[Pipeline] }
[8mha:////4EWPaYgVfH4g17oMohBu/CF17VuOxBY0L/XcXVTF75hPAAAApR+LCAAAAAAAAP9tjTEOwjAQBC9BFLSUPOKCkKBBqWgtN7zAJMY4se6C7eBUvIiv8QcsIlGxxWpnm3m9YRk81OwNdpp6S6GxOLjR5IWJfX91nLDjCzZMgZ1GqZPkVp9mlBw1zClKWAhYaWocB0smwlp06qEqp8hU5+jzdxRQ2vYOTyhENkfl4xcmD5vb2Aamn+evAKZhiFAetrn2uw8fPS9ZvgAAAA==[0m[Pipeline] // script
[8mha:////4K3U5WvTVYVtmO5yMfAWRAz2UC/bqH6JULzdXoGtgbj2AAAApR+LCAAAAAAAAP9tjTEOwjAQBC9BFLSUPOKiFNAgqrRWGl5gYmOcWHfGdkgqXsTX+AMWkajYYrWzzbzesI4BThwM9poGS7Gz6N1o8sKJw3B1PGHPF+yYIjuNrZ5aVrpZsOWkYUlRwkrARlPnOFoyCbailw9ZOUmmOqeQv6OA0qo7PKEQ2ZxkSF+YA+xuo4pMP89fAczeJygPda59/QEAv3oLvgAAAA==[0m[Pipeline] }
[8mha:////4KCSsGwGIXMWNNTddAiSCL0qdz3BDC2ykLJ/aAUh+QX2AAAApR+LCAAAAAAAAP9tjTEOwjAQBC9BFLSUPOKCkKBBqWgtN7zAJMY4se6C7eBUvIiv8QcsIlGxxWpnm3m9YRk81OwNdpp6S6GxOLjR5IWJfX91nLDjCzZMgZ1GqZPkVp9mlBw1zClKWAhYaWocB0smwlp06qEqp8hU5+jzdxRQ2vYOTyhENkfl4xcmD5vb2Aamn+evAKZhiFAedrn22w84/en6vgAAAA==[0m[Pipeline] // stage
[8mha:////4PNP1Ppbd+eh07zy+H7Tr+Nqryylut4fFzRFkmDtuyQxAAAAox+LCAAAAAAAAP9tjTEOwjAQBDdBFLSUPMIpQDSIitZKwwtMYowT6y7YF5KKF/E1/kBEJCq22plmXm8sU8SRo1ONpdZTqrzqQu+mpwaO7TXwoBq+qIopcbCqtEPJtT3NWLJYzMtyLDRWlqrAyZMTrHVjHqYIhlxxlji5g0bu6zueyPRUFhPlC2PE5tbXienX+RvA2HWCfL8VZLsP7WHgiL0AAAA=[0m[Pipeline] }
[8mha:////4F4uHB4qeXNoa5Uc1nMlq8ImU+xxMtRcl0tNdsdh7KT+AAAAox+LCAAAAAAAAP9tjTEOwjAQBDdBFLSUPMIpQDSIitZKwwtMYowT6y7YF5KKF/E1/kBEJCq22plmXm8sU8SRo1ONpdZTqrzqQu+mpwaO7TXwoBq+qIopcbCqtEPJtT3NWLJYzMtyLDRWlqrAyZMTrHVjHqYIhlxxlji5g0bu6zueyPRUFhPlC2PE5tbXienX+RvA2HWCfL8TZNsPXiikpL0AAAA=[0m[Pipeline] // node
[8mha:////4Eihzv/IkachCb1q7klRMzV6Rs5ASTeoGJAAFvfb9cpMAAAApB+LCAAAAAAAAP9tjTEOwjAQBDdBFLSUPMKRkKBBVLRWGl5gEmOcWHfBvpBUvIiv8QciIlGx1c4083pjmSKOHJ1qLLWeUuVVF3o3PTVwbK+BB9XwRVVMiYNVpR1Kru1pxpLFYl6WY6GxslQFTp6cYK0b8zBFMOSKs8TJHTRyX9/xRKanspgoXxgjNre+Tky/zt8Axq4T5PudINt+AHgxw+69AAAA[0m[Pipeline] End of Pipeline
Finished: SUCCESS
